#
# There is insufficient memory for the Java Runtime Environment to continue.
# Native memory allocation (malloc) failed to allocate 1780816 bytes for Chunk::new
# Possible reasons:
#   The system is out of physical RAM or swap space
#   The process is running with CompressedOops enabled, and the Java Heap may be blocking the growth of the native heap
# Possible solutions:
#   Reduce memory load on the system
#   Increase physical memory or swap space
#   Check if swap backing store is full
#   Decrease Java heap size (-Xmx/-Xms)
#   Decrease number of Java threads
#   Decrease Java thread stack sizes (-Xss)
#   Set larger code cache with -XX:ReservedCodeCacheSize=
#   JVM is running with Unscaled Compressed Oops mode in which the Java heap is
#     placed in the first 4GB address space. The Java Heap base address is the
#     maximum limit for the native heap growth. Please use -XX:HeapBaseMinAddress
#     to set the Java Heap base and to place the Java Heap above 4GB virtual address.
# This output file may be truncated or incomplete.
#
#  Out of Memory Error (arena.cpp:189), pid=18836, tid=38884
#
# JRE version: OpenJDK Runtime Environment Temurin-17.0.4.1+1 (17.0.4.1+1) (build 17.0.4.1+1)
# Java VM: OpenJDK 64-Bit Server VM Temurin-17.0.4.1+1 (17.0.4.1+1, mixed mode, tiered, compressed oops, compressed class ptrs, parallel gc, windows-amd64)
# No core dump will be written. Minidumps are not enabled by default on client versions of Windows
#

---------------  S U M M A R Y ------------

Command Line: --add-modules=ALL-SYSTEM --add-opens=java.base/java.util=ALL-UNNAMED --add-opens=java.base/java.lang=ALL-UNNAMED --add-opens=java.base/sun.nio.fs=ALL-UNNAMED -Declipse.application=org.eclipse.jdt.ls.core.id1 -Dosgi.bundles.defaultStartLevel=4 -Declipse.product=org.eclipse.jdt.ls.core.product -Djava.import.generatesMetadataFilesAtProjectRoot=false -Dfile.encoding=utf8 -XX:+UseParallelGC -XX:GCTimeRatio=4 -XX:AdaptiveSizePolicyWeight=90 -Dsun.zip.disableMemoryMapping=true -Xmx1G -Xms100m -Xlog:disable -javaagent:c:\Users\User\.antigravity\extensions\redhat.java-1.12.0-win32-x64\lombok\lombok-1.18.24.jar -XX:+HeapDumpOnOutOfMemoryError -XX:HeapDumpPath=c:\Users\User\AppData\Roaming\Antigravity\User\workspaceStorage\5024f5001246a4d67fad21ca53f013f3\redhat.java c:\Users\User\.antigravity\extensions\redhat.java-1.12.0-win32-x64\server\plugins\org.eclipse.equinox.launcher_1.6.400.v20210924-0641.jar -configuration c:\Users\User\AppData\Roaming\Antigravity\User\globalStorage\redhat.java\1.12.0\config_win -data c:\Users\User\AppData\Roaming\Antigravity\User\workspaceStorage\5024f5001246a4d67fad21ca53f013f3\redhat.java\jdt_ws

Host: 11th Gen Intel(R) Core(TM) i5-1145G7 @ 2.60GHz, 8 cores, 19G,  Windows 11 , 64 bit Build 26100 (10.0.26100.7920)
Time: Mon Mar 16 08:35:51 2026 W. Central Africa Standard Time elapsed time: 8.770520 seconds (0d 0h 0m 8s)

---------------  T H R E A D  ---------------

Current thread (0x000001f580090250):  JavaThread "C2 CompilerThread0" daemon [_thread_in_native, id=38884, stack(0x0000004b0ea00000,0x0000004b0eb00000)]


Current CompileTask:
C2:   8770 3796   !   4       org.eclipse.osgi.internal.loader.classpath.ClasspathManager::defineClass (636 bytes)

Stack: [0x0000004b0ea00000,0x0000004b0eb00000]
Native frames: (J=compiled Java code, j=interpreted, Vv=VM code, C=native code)
V  [jvm.dll+0x67731a]
V  [jvm.dll+0x832284]
V  [jvm.dll+0x833a2e]
V  [jvm.dll+0x834093]
V  [jvm.dll+0x245775]
V  [jvm.dll+0xabd7b]
V  [jvm.dll+0xac30c]
V  [jvm.dll+0x363a42]
V  [jvm.dll+0x32e011]
V  [jvm.dll+0x32d4ba]
V  [jvm.dll+0x218681]
V  [jvm.dll+0x217aa1]
V  [jvm.dll+0x1a3f8d]
V  [jvm.dll+0x227498]
V  [jvm.dll+0x2255e5]
V  [jvm.dll+0x7e7e9b]
V  [jvm.dll+0x7e240a]
V  [jvm.dll+0x6761a5]
C  [ucrtbase.dll+0x37b0]
C  [KERNEL32.DLL+0x2e8d7]
C  [ntdll.dll+0x8c48c]


---------------  P R O C E S S  ---------------

Threads class SMR info:
_java_thread_list=0x000001f582e88a60, length=25, elements={
0x000001f5ea3912d0, 0x000001f580032a50, 0x000001f5fe206cf0, 0x000001f5fe21e270,
0x000001f580058010, 0x000001f58005f010, 0x000001f580082c00, 0x000001f580090250,
0x000001f58009a870, 0x000001f5800a4730, 0x000001f5801be370, 0x000001f5803d7150,
0x000001f5820ca060, 0x000001f58154e000, 0x000001f5825e09f0, 0x000001f5823e27f0,
0x000001f5828140d0, 0x000001f582815410, 0x000001f582814a70, 0x000001f5828158e0,
0x000001f582815db0, 0x000001f582814f40, 0x000001f5828170f0, 0x000001f582817a90,
0x000001f582816280
}

Java Threads: ( => current thread )
  0x000001f5ea3912d0 JavaThread "main" [_thread_blocked, id=35564, stack(0x0000004b0e100000,0x0000004b0e200000)]
  0x000001f580032a50 JavaThread "Reference Handler" daemon [_thread_blocked, id=8020, stack(0x0000004b0e400000,0x0000004b0e500000)]
  0x000001f5fe206cf0 JavaThread "Finalizer" daemon [_thread_blocked, id=34508, stack(0x0000004b0e500000,0x0000004b0e600000)]
  0x000001f5fe21e270 JavaThread "Signal Dispatcher" daemon [_thread_blocked, id=22928, stack(0x0000004b0e600000,0x0000004b0e700000)]
  0x000001f580058010 JavaThread "Attach Listener" daemon [_thread_blocked, id=36120, stack(0x0000004b0e700000,0x0000004b0e800000)]
  0x000001f58005f010 JavaThread "Service Thread" daemon [_thread_blocked, id=33380, stack(0x0000004b0e800000,0x0000004b0e900000)]
  0x000001f580082c00 JavaThread "Monitor Deflation Thread" daemon [_thread_blocked, id=24604, stack(0x0000004b0e900000,0x0000004b0ea00000)]
=>0x000001f580090250 JavaThread "C2 CompilerThread0" daemon [_thread_in_native, id=38884, stack(0x0000004b0ea00000,0x0000004b0eb00000)]
  0x000001f58009a870 JavaThread "C1 CompilerThread0" daemon [_thread_blocked, id=37892, stack(0x0000004b0eb00000,0x0000004b0ec00000)]
  0x000001f5800a4730 JavaThread "Sweeper thread" daemon [_thread_blocked, id=36428, stack(0x0000004b0ec00000,0x0000004b0ed00000)]
  0x000001f5801be370 JavaThread "Common-Cleaner" daemon [_thread_blocked, id=37684, stack(0x0000004b0ed00000,0x0000004b0ee00000)]
  0x000001f5803d7150 JavaThread "Notification Thread" daemon [_thread_blocked, id=22016, stack(0x0000004b0ef00000,0x0000004b0f000000)]
  0x000001f5820ca060 JavaThread "Active Thread: Equinox Container: 173151ef-1d60-4704-af05-fea14ec6c9c6" [_thread_blocked, id=40376, stack(0x0000004b0f700000,0x0000004b0f800000)]
  0x000001f58154e000 JavaThread "Framework Event Dispatcher: Equinox Container: 173151ef-1d60-4704-af05-fea14ec6c9c6" daemon [_thread_blocked, id=25256, stack(0x0000004b0f800000,0x0000004b0f900000)]
  0x000001f5825e09f0 JavaThread "Start Level: Equinox Container: 173151ef-1d60-4704-af05-fea14ec6c9c6" daemon [_thread_blocked, id=41904, stack(0x0000004b0f900000,0x0000004b0fa00000)]
  0x000001f5823e27f0 JavaThread "SCR Component Actor" daemon [_thread_blocked, id=38480, stack(0x0000004b0fa00000,0x0000004b0fb00000)]
  0x000001f5828140d0 JavaThread "Worker-JM" [_thread_blocked, id=26260, stack(0x0000004b0f100000,0x0000004b0f200000)]
  0x000001f582815410 JavaThread "Worker-0: Repository registry initialization" [_thread_blocked, id=24968, stack(0x0000004b0ff00000,0x0000004b10000000)]
  0x000001f582814a70 JavaThread "Worker-1: Updating Maven Dependencies" [_thread_in_Java, id=40176, stack(0x0000004b10000000,0x0000004b10100000)]
  0x000001f5828158e0 JavaThread "Java indexing" daemon [_thread_blocked, id=11136, stack(0x0000004b10100000,0x0000004b10200000)]
  0x000001f582815db0 JavaThread "Worker-2" [_thread_blocked, id=4104, stack(0x0000004b0fe00000,0x0000004b0ff00000)]
  0x000001f582814f40 JavaThread "JNA Cleaner" daemon [_thread_blocked, id=41344, stack(0x0000004b10200000,0x0000004b10300000)]
  0x000001f5828170f0 JavaThread "Worker-3" [_thread_blocked, id=34260, stack(0x0000004b10500000,0x0000004b10600000)]
  0x000001f582817a90 JavaThread "pool-2-thread-1" [_thread_blocked, id=22576, stack(0x0000004b10600000,0x0000004b10700000)]
  0x000001f582816280 JavaThread "pool-1-thread-1" [_thread_blocked, id=39844, stack(0x0000004b10800000,0x0000004b10900000)]

Other Threads:
  0x000001f580020c20 VMThread "VM Thread" [stack: 0x0000004b0e300000,0x0000004b0e400000] [id=38952]
  0x000001f5803d8800 WatcherThread [stack: 0x0000004b0f000000,0x0000004b0f100000] [id=29916]
  0x000001f5ea3a7500 GCTaskThread "GC Thread#0" [stack: 0x0000004b0e200000,0x0000004b0e300000] [id=41688]
  0x000001f582030040 GCTaskThread "GC Thread#1" [stack: 0x0000004b0f200000,0x0000004b0f300000] [id=26948]
  0x000001f582030700 GCTaskThread "GC Thread#2" [stack: 0x0000004b0f300000,0x0000004b0f400000] [id=33700]
  0x000001f5820309b0 GCTaskThread "GC Thread#3" [stack: 0x0000004b0f400000,0x0000004b0f500000] [id=2232]
  0x000001f582030c60 GCTaskThread "GC Thread#4" [stack: 0x0000004b0f500000,0x0000004b0f600000] [id=30848]
  0x000001f58108c670 GCTaskThread "GC Thread#5" [stack: 0x0000004b0f600000,0x0000004b0f700000] [id=25200]
  0x000001f58233dcc0 GCTaskThread "GC Thread#6" [stack: 0x0000004b0fb00000,0x0000004b0fc00000] [id=35616]
  0x000001f582397420 GCTaskThread "GC Thread#7" [stack: 0x0000004b0fc00000,0x0000004b0fd00000] [id=35228]

Threads with active compile tasks:
C2 CompilerThread0     8799 3796   !   4       org.eclipse.osgi.internal.loader.classpath.ClasspathManager::defineClass (636 bytes)

VM state: not at safepoint (normal execution)

VM Mutex/Monitor currently owned by a thread: None

Heap address: 0x00000000c0000000, size: 1024 MB, Compressed Oops mode: 32-bit

CDS archive(s) not mapped
Compressed class space mapped at: 0x0000000100000000-0x0000000140000000, reserved size: 1073741824
Narrow klass base: 0x0000000000000000, Narrow klass shift: 3, Narrow klass range: 0x140000000

GC Precious Log:
 CPUs: 8 total, 8 available
 Memory: 20160M
 Large Page Support: Disabled
 NUMA Support: Disabled
 Compressed Oops: Enabled (32-bit)
 Alignments: Space 512K, Generation 512K, Heap 2M
 Heap Min Capacity: 100M
 Heap Initial Capacity: 100M
 Heap Max Capacity: 1G
 Pre-touch: Disabled
 Parallel Workers: 8

Heap:
 PSYoungGen      total 24064K, used 7816K [0x00000000eab00000, 0x00000000ec900000, 0x0000000100000000)
  eden space 23040K, 29% used [0x00000000eab00000,0x00000000eb1aa230,0x00000000ec180000)
  from space 1024K, 96% used [0x00000000ec800000,0x00000000ec8f8000,0x00000000ec900000)
  to   space 1536K, 0% used [0x00000000ec600000,0x00000000ec600000,0x00000000ec780000)
 ParOldGen       total 68608K, used 24988K [0x00000000c0000000, 0x00000000c4300000, 0x00000000eab00000)
  object space 68608K, 36% used [0x00000000c0000000,0x00000000c18670e0,0x00000000c4300000)
 Metaspace       used 41334K, committed 42112K, reserved 1089536K
  class space    used 4378K, committed 4736K, reserved 1048576K

Card table byte_map: [0x000001f5e9d50000,0x000001f5e9f60000] _byte_map_base: 0x000001f5e9750000

Marking Bits: (ParMarkBitMap*) 0x00007ff977282cc0
 Begin Bits: [0x000001f5fc020000, 0x000001f5fd020000)
 End Bits:   [0x000001f5fd020000, 0x000001f5fe020000)

Polling page: 0x000001f5e8590000

Metaspace:

Usage:
  Non-class:     36.09 MB used.
      Class:      4.28 MB used.
       Both:     40.37 MB used.

Virtual space:
  Non-class space:       40.00 MB reserved,      36.50 MB ( 91%) committed,  5 nodes.
      Class space:        1.00 GB reserved,       4.62 MB ( <1%) committed,  1 nodes.
             Both:        1.04 GB reserved,      41.12 MB (  4%) committed. 

Chunk freelists:
   Non-Class:  3.31 MB
       Class:  3.29 MB
        Both:  6.60 MB

MaxMetaspaceSize: unlimited
CompressedClassSpaceSize: 1.00 GB
Initial GC threshold: 21.00 MB
Current GC threshold: 58.38 MB
CDS: off
MetaspaceReclaimPolicy: balanced
 - commit_granule_bytes: 65536.
 - commit_granule_words: 8192.
 - virtual_space_node_default_size: 1048576.
 - enlarge_chunks_in_place: 1.
 - new_chunks_are_fully_committed: 0.
 - uncommit_free_chunks: 1.
 - use_allocation_guard: 0.
 - handle_deallocations: 1.


Internal statistics:

num_allocs_failed_limit: 6.
num_arena_births: 286.
num_arena_deaths: 14.
num_vsnodes_births: 6.
num_vsnodes_deaths: 0.
num_space_committed: 658.
num_space_uncommitted: 0.
num_chunks_returned_to_freelist: 20.
num_chunks_taken_from_freelist: 1708.
num_chunk_merges: 10.
num_chunk_splits: 1099.
num_chunks_enlarged: 683.
num_purges: 2.
num_inconsistent_stats: 0.

CodeHeap 'non-profiled nmethods': size=120000Kb used=2109Kb max_used=2109Kb free=117890Kb
 bounds [0x000001f5f4af0000, 0x000001f5f4d60000, 0x000001f5fc020000]
CodeHeap 'profiled nmethods': size=120000Kb used=8201Kb max_used=8201Kb free=111798Kb
 bounds [0x000001f5ed5c0000, 0x000001f5eddd0000, 0x000001f5f4af0000]
CodeHeap 'non-nmethods': size=5760Kb used=1275Kb max_used=1323Kb free=4485Kb
 bounds [0x000001f5ed020000, 0x000001f5ed290000, 0x000001f5ed5c0000]
 total_blobs=4513 nmethods=3931 adapters=496
 compilation: enabled
              stopped_count=0, restarted_count=0
 full_count=0

Compilation events (20 events):
Event: 7.746 Thread 0x000001f58009a870 nmethod 3915 0x000001f5eddb2e90 code [0x000001f5eddb3100, 0x000001f5eddb3b98]
Event: 7.746 Thread 0x000001f58009a870 3914       3       com.google.inject.spi.Elements$RecordingBinder::withSource (23 bytes)
Event: 7.746 Thread 0x000001f58009a870 nmethod 3914 0x000001f5eddb4010 code [0x000001f5eddb41c0, 0x000001f5eddb43e8]
Event: 7.746 Thread 0x000001f58009a870 3916       1       com.google.inject.spi.InjectionPoint::getDependencies (5 bytes)
Event: 7.746 Thread 0x000001f58009a870 nmethod 3916 0x000001f5f4cfe910 code [0x000001f5f4cfeaa0, 0x000001f5f4cfeb78]
Event: 7.751 Thread 0x000001f58009a870 3917       3       java.lang.reflect.Field::getGenericType (20 bytes)
Event: 7.752 Thread 0x000001f58009a870 nmethod 3917 0x000001f5eddb4490 code [0x000001f5eddb4760, 0x000001f5eddb59c8]
Event: 7.752 Thread 0x000001f58009a870 3918       1       com.google.inject.Key$NullAnnotationStrategy::getAnnotationType (2 bytes)
Event: 7.752 Thread 0x000001f58009a870 nmethod 3918 0x000001f5f4cfec10 code [0x000001f5f4cfeda0, 0x000001f5f4cfee78]
Event: 7.753 Thread 0x000001f58009a870 3919       3       com.google.inject.Key::get (12 bytes)
Event: 7.753 Thread 0x000001f58009a870 nmethod 3919 0x000001f5eddb6090 code [0x000001f5eddb6260, 0x000001f5eddb6638]
Event: 7.753 Thread 0x000001f58009a870 3920       3       com.google.common.collect.ImmutableSet$RegularSetBuilderImpl::add (122 bytes)
Event: 7.753 Thread 0x000001f58009a870 nmethod 3920 0x000001f5eddb6810 code [0x000001f5eddb6a60, 0x000001f5eddb73d8]
Event: 7.753 Thread 0x000001f58009a870 3921       3       com.google.common.collect.ImmutableSet$SetBuilderImpl::addDedupedElement (28 bytes)
Event: 7.754 Thread 0x000001f58009a870 nmethod 3921 0x000001f5eddb7790 code [0x000001f5eddb7960, 0x000001f5eddb7d98]
Event: 7.756 Thread 0x000001f58009a870 3922       3       com.google.common.collect.ImmutableList::of (4 bytes)
Event: 7.757 Thread 0x000001f58009a870 nmethod 3922 0x000001f5eddb7f90 code [0x000001f5eddb8120, 0x000001f5eddb8218]
Event: 7.758 Thread 0x000001f58009a870 3923       3       com.google.inject.internal.Annotations::findBindingAnnotation (76 bytes)
Event: 7.759 Thread 0x000001f58009a870 nmethod 3923 0x000001f5eddb8290 code [0x000001f5eddb84e0, 0x000001f5eddb8eb8]
Event: 7.767 Thread 0x000001f58009a870 3924       3       java.util.regex.Pattern::compile (500 bytes)

GC Heap History (20 events):
Event: 1.775 GC heap before
{Heap before GC invocations=5 (full 0):
 PSYoungGen      total 29696K, used 14392K [0x00000000eab00000, 0x00000000ecc00000, 0x0000000100000000)
  eden space 25600K, 40% used [0x00000000eab00000,0x00000000eb516378,0x00000000ec400000)
  from space 4096K, 99% used [0x00000000ec800000,0x00000000ecbf8048,0x00000000ecc00000)
  to   space 4096K, 0% used [0x00000000ec400000,0x00000000ec400000,0x00000000ec800000)
 ParOldGen       total 68608K, used 13314K [0x00000000c0000000, 0x00000000c4300000, 0x00000000eab00000)
  object space 68608K, 19% used [0x00000000c0000000,0x00000000c0d00b80,0x00000000c4300000)
 Metaspace       used 21073K, committed 21504K, reserved 1073152K
  class space    used 2134K, committed 2368K, reserved 1048576K
}
Event: 1.780 GC heap after
{Heap after GC invocations=5 (full 0):
 PSYoungGen      total 29696K, used 4080K [0x00000000eab00000, 0x00000000ed600000, 0x0000000100000000)
  eden space 25600K, 0% used [0x00000000eab00000,0x00000000eab00000,0x00000000ec400000)
  from space 4096K, 99% used [0x00000000ec400000,0x00000000ec7fc038,0x00000000ec800000)
  to   space 9216K, 0% used [0x00000000ecd00000,0x00000000ecd00000,0x00000000ed600000)
 ParOldGen       total 68608K, used 16026K [0x00000000c0000000, 0x00000000c4300000, 0x00000000eab00000)
  object space 68608K, 23% used [0x00000000c0000000,0x00000000c0fa6b80,0x00000000c4300000)
 Metaspace       used 21073K, committed 21504K, reserved 1073152K
  class space    used 2134K, committed 2368K, reserved 1048576K
}
Event: 1.780 GC heap before
{Heap before GC invocations=6 (full 1):
 PSYoungGen      total 29696K, used 4080K [0x00000000eab00000, 0x00000000ed600000, 0x0000000100000000)
  eden space 25600K, 0% used [0x00000000eab00000,0x00000000eab00000,0x00000000ec400000)
  from space 4096K, 99% used [0x00000000ec400000,0x00000000ec7fc038,0x00000000ec800000)
  to   space 9216K, 0% used [0x00000000ecd00000,0x00000000ecd00000,0x00000000ed600000)
 ParOldGen       total 68608K, used 16026K [0x00000000c0000000, 0x00000000c4300000, 0x00000000eab00000)
  object space 68608K, 23% used [0x00000000c0000000,0x00000000c0fa6b80,0x00000000c4300000)
 Metaspace       used 21073K, committed 21504K, reserved 1073152K
  class space    used 2134K, committed 2368K, reserved 1048576K
}
Event: 1.815 GC heap after
{Heap after GC invocations=6 (full 1):
 PSYoungGen      total 29696K, used 0K [0x00000000eab00000, 0x00000000ed600000, 0x0000000100000000)
  eden space 25600K, 0% used [0x00000000eab00000,0x00000000eab00000,0x00000000ec400000)
  from space 4096K, 0% used [0x00000000ec400000,0x00000000ec400000,0x00000000ec800000)
  to   space 9216K, 0% used [0x00000000ecd00000,0x00000000ecd00000,0x00000000ed600000)
 ParOldGen       total 68608K, used 19710K [0x00000000c0000000, 0x00000000c4300000, 0x00000000eab00000)
  object space 68608K, 28% used [0x00000000c0000000,0x00000000c133f9b0,0x00000000c4300000)
 Metaspace       used 21060K, committed 21504K, reserved 1073152K
  class space    used 2130K, committed 2368K, reserved 1048576K
}
Event: 2.438 GC heap before
{Heap before GC invocations=7 (full 1):
 PSYoungGen      total 29696K, used 25561K [0x00000000eab00000, 0x00000000ed600000, 0x0000000100000000)
  eden space 25600K, 99% used [0x00000000eab00000,0x00000000ec3f6638,0x00000000ec400000)
  from space 4096K, 0% used [0x00000000ec400000,0x00000000ec400000,0x00000000ec800000)
  to   space 9216K, 0% used [0x00000000ecd00000,0x00000000ecd00000,0x00000000ed600000)
 ParOldGen       total 68608K, used 19710K [0x00000000c0000000, 0x00000000c4300000, 0x00000000eab00000)
  object space 68608K, 28% used [0x00000000c0000000,0x00000000c133f9b0,0x00000000c4300000)
 Metaspace       used 23626K, committed 24192K, reserved 1073152K
  class space    used 2428K, committed 2688K, reserved 1048576K
}
Event: 2.439 GC heap after
{Heap after GC invocations=7 (full 1):
 PSYoungGen      total 27648K, used 2113K [0x00000000eab00000, 0x00000000ecf80000, 0x0000000100000000)
  eden space 25088K, 0% used [0x00000000eab00000,0x00000000eab00000,0x00000000ec380000)
  from space 2560K, 82% used [0x00000000ecd00000,0x00000000ecf10648,0x00000000ecf80000)
  to   space 4608K, 0% used [0x00000000ec680000,0x00000000ec680000,0x00000000ecb00000)
 ParOldGen       total 68608K, used 19718K [0x00000000c0000000, 0x00000000c4300000, 0x00000000eab00000)
  object space 68608K, 28% used [0x00000000c0000000,0x00000000c13419b0,0x00000000c4300000)
 Metaspace       used 23626K, committed 24192K, reserved 1073152K
  class space    used 2428K, committed 2688K, reserved 1048576K
}
Event: 2.690 GC heap before
{Heap before GC invocations=8 (full 1):
 PSYoungGen      total 27648K, used 27201K [0x00000000eab00000, 0x00000000ecf80000, 0x0000000100000000)
  eden space 25088K, 100% used [0x00000000eab00000,0x00000000ec380000,0x00000000ec380000)
  from space 2560K, 82% used [0x00000000ecd00000,0x00000000ecf10648,0x00000000ecf80000)
  to   space 4608K, 0% used [0x00000000ec680000,0x00000000ec680000,0x00000000ecb00000)
 ParOldGen       total 68608K, used 19718K [0x00000000c0000000, 0x00000000c4300000, 0x00000000eab00000)
  object space 68608K, 28% used [0x00000000c0000000,0x00000000c13419b0,0x00000000c4300000)
 Metaspace       used 27199K, committed 27776K, reserved 1081344K
  class space    used 2677K, committed 2944K, reserved 1048576K
}
Event: 2.691 GC heap after
{Heap after GC invocations=8 (full 1):
 PSYoungGen      total 29184K, used 2160K [0x00000000eab00000, 0x00000000ecd80000, 0x0000000100000000)
  eden space 24576K, 0% used [0x00000000eab00000,0x00000000eab00000,0x00000000ec300000)
  from space 4608K, 46% used [0x00000000ec680000,0x00000000ec89c3e0,0x00000000ecb00000)
  to   space 2560K, 0% used [0x00000000ecb00000,0x00000000ecb00000,0x00000000ecd80000)
 ParOldGen       total 68608K, used 19718K [0x00000000c0000000, 0x00000000c4300000, 0x00000000eab00000)
  object space 68608K, 28% used [0x00000000c0000000,0x00000000c13419b0,0x00000000c4300000)
 Metaspace       used 27199K, committed 27776K, reserved 1081344K
  class space    used 2677K, committed 2944K, reserved 1048576K
}
Event: 2.955 GC heap before
{Heap before GC invocations=9 (full 1):
 PSYoungGen      total 29184K, used 26736K [0x00000000eab00000, 0x00000000ecd80000, 0x0000000100000000)
  eden space 24576K, 100% used [0x00000000eab00000,0x00000000ec300000,0x00000000ec300000)
  from space 4608K, 46% used [0x00000000ec680000,0x00000000ec89c3e0,0x00000000ecb00000)
  to   space 2560K, 0% used [0x00000000ecb00000,0x00000000ecb00000,0x00000000ecd80000)
 ParOldGen       total 68608K, used 19718K [0x00000000c0000000, 0x00000000c4300000, 0x00000000eab00000)
  object space 68608K, 28% used [0x00000000c0000000,0x00000000c13419b0,0x00000000c4300000)
 Metaspace       used 30105K, committed 30720K, reserved 1081344K
  class space    used 2927K, committed 3200K, reserved 1048576K
}
Event: 2.956 GC heap after
{Heap after GC invocations=9 (full 1):
 PSYoungGen      total 26624K, used 2540K [0x00000000eab00000, 0x00000000ecd80000, 0x0000000100000000)
  eden space 24064K, 0% used [0x00000000eab00000,0x00000000eab00000,0x00000000ec280000)
  from space 2560K, 99% used [0x00000000ecb00000,0x00000000ecd7b138,0x00000000ecd80000)
  to   space 3584K, 0% used [0x00000000ec680000,0x00000000ec680000,0x00000000eca00000)
 ParOldGen       total 68608K, used 20270K [0x00000000c0000000, 0x00000000c4300000, 0x00000000eab00000)
  object space 68608K, 29% used [0x00000000c0000000,0x00000000c13cb9b0,0x00000000c4300000)
 Metaspace       used 30105K, committed 30720K, reserved 1081344K
  class space    used 2927K, committed 3200K, reserved 1048576K
}
Event: 3.602 GC heap before
{Heap before GC invocations=10 (full 1):
 PSYoungGen      total 26624K, used 26604K [0x00000000eab00000, 0x00000000ecd80000, 0x0000000100000000)
  eden space 24064K, 100% used [0x00000000eab00000,0x00000000ec280000,0x00000000ec280000)
  from space 2560K, 99% used [0x00000000ecb00000,0x00000000ecd7b138,0x00000000ecd80000)
  to   space 3584K, 0% used [0x00000000ec680000,0x00000000ec680000,0x00000000eca00000)
 ParOldGen       total 68608K, used 20270K [0x00000000c0000000, 0x00000000c4300000, 0x00000000eab00000)
  object space 68608K, 29% used [0x00000000c0000000,0x00000000c13cb9e0,0x00000000c4300000)
 Metaspace       used 34331K, committed 34944K, reserved 1081344K
  class space    used 3443K, committed 3712K, reserved 1048576K
}
Event: 3.605 GC heap after
{Heap after GC invocations=10 (full 1):
 PSYoungGen      total 26624K, used 2387K [0x00000000eab00000, 0x00000000ecb80000, 0x0000000100000000)
  eden space 24064K, 0% used [0x00000000eab00000,0x00000000eab00000,0x00000000ec280000)
  from space 2560K, 93% used [0x00000000ec680000,0x00000000ec8d4f60,0x00000000ec900000)
  to   space 2560K, 0% used [0x00000000ec900000,0x00000000ec900000,0x00000000ecb80000)
 ParOldGen       total 68608K, used 21807K [0x00000000c0000000, 0x00000000c4300000, 0x00000000eab00000)
  object space 68608K, 31% used [0x00000000c0000000,0x00000000c154bf18,0x00000000c4300000)
 Metaspace       used 34331K, committed 34944K, reserved 1081344K
  class space    used 3443K, committed 3712K, reserved 1048576K
}
Event: 3.693 GC heap before
{Heap before GC invocations=11 (full 1):
 PSYoungGen      total 26624K, used 9994K [0x00000000eab00000, 0x00000000ecb80000, 0x0000000100000000)
  eden space 24064K, 31% used [0x00000000eab00000,0x00000000eb26d918,0x00000000ec280000)
  from space 2560K, 93% used [0x00000000ec680000,0x00000000ec8d4f60,0x00000000ec900000)
  to   space 2560K, 0% used [0x00000000ec900000,0x00000000ec900000,0x00000000ecb80000)
 ParOldGen       total 68608K, used 21807K [0x00000000c0000000, 0x00000000c4300000, 0x00000000eab00000)
  object space 68608K, 31% used [0x00000000c0000000,0x00000000c154bf18,0x00000000c4300000)
 Metaspace       used 35229K, committed 35840K, reserved 1081344K
  class space    used 3584K, committed 3840K, reserved 1048576K
}
Event: 3.695 GC heap after
{Heap after GC invocations=11 (full 1):
 PSYoungGen      total 26112K, used 1561K [0x00000000eab00000, 0x00000000ecb00000, 0x0000000100000000)
  eden space 24064K, 0% used [0x00000000eab00000,0x00000000eab00000,0x00000000ec280000)
  from space 2048K, 76% used [0x00000000ec900000,0x00000000eca867b0,0x00000000ecb00000)
  to   space 2048K, 0% used [0x00000000ec700000,0x00000000ec700000,0x00000000ec900000)
 ParOldGen       total 68608K, used 22818K [0x00000000c0000000, 0x00000000c4300000, 0x00000000eab00000)
  object space 68608K, 33% used [0x00000000c0000000,0x00000000c1648a40,0x00000000c4300000)
 Metaspace       used 35229K, committed 35840K, reserved 1081344K
  class space    used 3584K, committed 3840K, reserved 1048576K
}
Event: 3.695 GC heap before
{Heap before GC invocations=12 (full 2):
 PSYoungGen      total 26112K, used 1561K [0x00000000eab00000, 0x00000000ecb00000, 0x0000000100000000)
  eden space 24064K, 0% used [0x00000000eab00000,0x00000000eab00000,0x00000000ec280000)
  from space 2048K, 76% used [0x00000000ec900000,0x00000000eca867b0,0x00000000ecb00000)
  to   space 2048K, 0% used [0x00000000ec700000,0x00000000ec700000,0x00000000ec900000)
 ParOldGen       total 68608K, used 22818K [0x00000000c0000000, 0x00000000c4300000, 0x00000000eab00000)
  object space 68608K, 33% used [0x00000000c0000000,0x00000000c1648a40,0x00000000c4300000)
 Metaspace       used 35229K, committed 35840K, reserved 1081344K
  class space    used 3584K, committed 3840K, reserved 1048576K
}
Event: 3.731 GC heap after
{Heap after GC invocations=12 (full 2):
 PSYoungGen      total 26112K, used 0K [0x00000000eab00000, 0x00000000ecb00000, 0x0000000100000000)
  eden space 24064K, 0% used [0x00000000eab00000,0x00000000eab00000,0x00000000ec280000)
  from space 2048K, 0% used [0x00000000ec900000,0x00000000ec900000,0x00000000ecb00000)
  to   space 2048K, 0% used [0x00000000ec700000,0x00000000ec700000,0x00000000ec900000)
 ParOldGen       total 68608K, used 24079K [0x00000000c0000000, 0x00000000c4300000, 0x00000000eab00000)
  object space 68608K, 35% used [0x00000000c0000000,0x00000000c1783eb8,0x00000000c4300000)
 Metaspace       used 35229K, committed 35840K, reserved 1081344K
  class space    used 3584K, committed 3840K, reserved 1048576K
}
Event: 4.041 GC heap before
{Heap before GC invocations=13 (full 2):
 PSYoungGen      total 26112K, used 24064K [0x00000000eab00000, 0x00000000ecb00000, 0x0000000100000000)
  eden space 24064K, 100% used [0x00000000eab00000,0x00000000ec280000,0x00000000ec280000)
  from space 2048K, 0% used [0x00000000ec900000,0x00000000ec900000,0x00000000ecb00000)
  to   space 2048K, 0% used [0x00000000ec700000,0x00000000ec700000,0x00000000ec900000)
 ParOldGen       total 68608K, used 24154K [0x00000000c0000000, 0x00000000c4300000, 0x00000000eab00000)
  object space 68608K, 35% used [0x00000000c0000000,0x00000000c1796b88,0x00000000c4300000)
 Metaspace       used 37654K, committed 38400K, reserved 1089536K
  class space    used 3923K, committed 4288K, reserved 1048576K
}
Event: 4.043 GC heap after
{Heap after GC invocations=13 (full 2):
 PSYoungGen      total 24576K, used 980K [0x00000000eab00000, 0x00000000ec980000, 0x0000000100000000)
  eden space 23552K, 0% used [0x00000000eab00000,0x00000000eab00000,0x00000000ec200000)
  from space 1024K, 95% used [0x00000000ec700000,0x00000000ec7f5088,0x00000000ec800000)
  to   space 1536K, 0% used [0x00000000ec800000,0x00000000ec800000,0x00000000ec980000)
 ParOldGen       total 68608K, used 24162K [0x00000000c0000000, 0x00000000c4300000, 0x00000000eab00000)
  object space 68608K, 35% used [0x00000000c0000000,0x00000000c1798b88,0x00000000c4300000)
 Metaspace       used 37654K, committed 38400K, reserved 1089536K
  class space    used 3923K, committed 4288K, reserved 1048576K
}
Event: 5.585 GC heap before
{Heap before GC invocations=14 (full 2):
 PSYoungGen      total 24576K, used 24532K [0x00000000eab00000, 0x00000000ec980000, 0x0000000100000000)
  eden space 23552K, 100% used [0x00000000eab00000,0x00000000ec200000,0x00000000ec200000)
  from space 1024K, 95% used [0x00000000ec700000,0x00000000ec7f5088,0x00000000ec800000)
  to   space 1536K, 0% used [0x00000000ec800000,0x00000000ec800000,0x00000000ec980000)
 ParOldGen       total 68608K, used 24162K [0x00000000c0000000, 0x00000000c4300000, 0x00000000eab00000)
  object space 68608K, 35% used [0x00000000c0000000,0x00000000c1798b88,0x00000000c4300000)
 Metaspace       used 40474K, committed 41216K, reserved 1089536K
  class space    used 4275K, committed 4608K, reserved 1048576K
}
Event: 5.586 GC heap after
{Heap after GC invocations=14 (full 2):
 PSYoungGen      total 24064K, used 992K [0x00000000eab00000, 0x00000000ec900000, 0x0000000100000000)
  eden space 23040K, 0% used [0x00000000eab00000,0x00000000eab00000,0x00000000ec180000)
  from space 1024K, 96% used [0x00000000ec800000,0x00000000ec8f8000,0x00000000ec900000)
  to   space 1536K, 0% used [0x00000000ec600000,0x00000000ec600000,0x00000000ec780000)
 ParOldGen       total 68608K, used 24988K [0x00000000c0000000, 0x00000000c4300000, 0x00000000eab00000)
  object space 68608K, 36% used [0x00000000c0000000,0x00000000c18670e0,0x00000000c4300000)
 Metaspace       used 40474K, committed 41216K, reserved 1089536K
  class space    used 4275K, committed 4608K, reserved 1048576K
}

Deoptimization events (20 events):
Event: 4.225 Thread 0x000001f582816280 Uncommon trap: trap_request=0xffffff45 fr.pc=0x000001f5f4c083a4 relative=0x0000000000000184
Event: 4.225 Thread 0x000001f582816280 Uncommon trap: reason=unstable_if action=reinterpret pc=0x000001f5f4c083a4 method=java.net.URI$Parser.scan(IIJJ)I @ 42 c2
Event: 4.225 Thread 0x000001f582816280 DEOPT PACKING pc=0x000001f5f4c083a4 sp=0x0000004b108fde30
Event: 4.225 Thread 0x000001f582816280 DEOPT UNPACKING pc=0x000001f5ed075923 sp=0x0000004b108fdd20 mode 2
Event: 4.226 Thread 0x000001f582816280 Uncommon trap: trap_request=0xffffff45 fr.pc=0x000001f5f4cc43ec relative=0x000000000000012c
Event: 4.226 Thread 0x000001f582816280 Uncommon trap: reason=unstable_if action=reinterpret pc=0x000001f5f4cc43ec method=java.nio.charset.CharsetDecoder.decode(Ljava/nio/ByteBuffer;Ljava/nio/CharBuffer;Z)Ljava/nio/charset/CoderResult; @ 1 c2
Event: 4.226 Thread 0x000001f582816280 DEOPT PACKING pc=0x000001f5f4cc43ec sp=0x0000004b108fdde0
Event: 4.226 Thread 0x000001f582816280 DEOPT UNPACKING pc=0x000001f5ed075923 sp=0x0000004b108fdd78 mode 2
Event: 4.305 Thread 0x000001f582816280 Uncommon trap: trap_request=0xffffff45 fr.pc=0x000001f5f4c74bf8 relative=0x00000000000005b8
Event: 4.305 Thread 0x000001f582816280 Uncommon trap: reason=unstable_if action=reinterpret pc=0x000001f5f4c74bf8 method=java.util.TreeMap.put(Ljava/lang/Object;Ljava/lang/Object;Z)Ljava/lang/Object; @ 27 c2
Event: 4.305 Thread 0x000001f582816280 DEOPT PACKING pc=0x000001f5f4c74bf8 sp=0x0000004b108fdaa0
Event: 4.305 Thread 0x000001f582816280 DEOPT UNPACKING pc=0x000001f5ed075923 sp=0x0000004b108fd9b8 mode 2
Event: 4.305 Thread 0x000001f582816280 Uncommon trap: trap_request=0xffffff45 fr.pc=0x000001f5f4c72ce0 relative=0x00000000000005a0
Event: 4.305 Thread 0x000001f582816280 Uncommon trap: reason=unstable_if action=reinterpret pc=0x000001f5f4c72ce0 method=java.util.TreeMap.put(Ljava/lang/Object;Ljava/lang/Object;Z)Ljava/lang/Object; @ 27 c2
Event: 4.305 Thread 0x000001f582816280 DEOPT PACKING pc=0x000001f5f4c72ce0 sp=0x0000004b108fda10
Event: 4.305 Thread 0x000001f582816280 DEOPT UNPACKING pc=0x000001f5ed075923 sp=0x0000004b108fd9b0 mode 2
Event: 7.738 Thread 0x000001f582814a70 Uncommon trap: trap_request=0xffffffbe fr.pc=0x000001f5f4cf8d0c relative=0x0000000000001d0c
Event: 7.738 Thread 0x000001f582814a70 Uncommon trap: reason=profile_predicate action=maybe_recompile pc=0x000001f5f4cf8d0c method=org.eclipse.osgi.internal.loader.BundleLoader.searchHooks(Ljava/lang/String;I)Ljava/lang/Object; @ 186 c2
Event: 7.738 Thread 0x000001f582814a70 DEOPT PACKING pc=0x000001f5f4cf8d0c sp=0x0000004b100fd8f0
Event: 7.738 Thread 0x000001f582814a70 DEOPT UNPACKING pc=0x000001f5ed075923 sp=0x0000004b100fd908 mode 2

Classes unloaded (7 events):
Event: 1.788 Thread 0x000001f580020c20 Unloading class 0x000000010020d400 'java/lang/invoke/LambdaForm$MH+0x000000010020d400'
Event: 1.788 Thread 0x000001f580020c20 Unloading class 0x000000010020d000 'java/lang/invoke/LambdaForm$MH+0x000000010020d000'
Event: 1.788 Thread 0x000001f580020c20 Unloading class 0x000000010020cc00 'java/lang/invoke/LambdaForm$MH+0x000000010020cc00'
Event: 1.788 Thread 0x000001f580020c20 Unloading class 0x000000010020c800 'java/lang/invoke/LambdaForm$MH+0x000000010020c800'
Event: 1.788 Thread 0x000001f580020c20 Unloading class 0x000000010020c000 'java/lang/invoke/LambdaForm$BMH+0x000000010020c000'
Event: 1.788 Thread 0x000001f580020c20 Unloading class 0x000000010020bc00 'java/lang/invoke/LambdaForm$DMH+0x000000010020bc00'
Event: 1.788 Thread 0x000001f580020c20 Unloading class 0x0000000100208400 'java/lang/invoke/LambdaForm$DMH+0x0000000100208400'

Classes redefined (0 events):
No events

Internal exceptions (20 events):
Event: 2.333 Thread 0x000001f5825e09f0 Exception <a 'java/io/FileNotFoundException'{0x00000000ebbcddb0}> (0x00000000ebbcddb0) 
thrown [s\src\hotspot\share\prims\jni.cpp, line 516]
Event: 2.389 Thread 0x000001f5825e09f0 Exception <a 'java/lang/NoSuchMethodError'{0x00000000ec090080}: 'void java.lang.invoke.DirectMethodHandle$Holder.invokeSpecial(java.lang.Object, java.lang.Object, java.lang.Object, int)'> (0x00000000ec090080) 
thrown [s\src\hotspot\share\interpreter\linkResolver.cpp, line 759]
Event: 2.433 Thread 0x000001f582815410 Exception <a 'java/io/FileNotFoundException'{0x00000000eabb90a0}> (0x00000000eabb90a0) 
thrown [s\src\hotspot\share\prims\jni.cpp, line 516]
Event: 2.856 Thread 0x000001f5825e09f0 Exception <a 'java/lang/ClassNotFoundException'{0x00000000ebf29698}: com/sun/org/apache/xerces/internal/impl/msg/spi/DOMMessagesProvider> (0x00000000ebf29698) 
thrown [s\src\hotspot\share\classfile\systemDictionary.cpp, line 256]
Event: 2.859 Thread 0x000001f5825e09f0 Exception <a 'java/lang/ClassNotFoundException'{0x00000000ebf45610}: com/sun/org/apache/xerces/internal/impl/msg/spi/XMLSerializerMessagesProvider> (0x00000000ebf45610) 
thrown [s\src\hotspot\share\classfile\systemDictionary.cpp, line 256]
Event: 2.860 Thread 0x000001f5825e09f0 Exception <a 'java/lang/ClassNotFoundException'{0x00000000ebf528e8}: com/sun/org/apache/xerces/internal/impl/msg/spi/XMLMessagesProvider> (0x00000000ebf528e8) 
thrown [s\src\hotspot\share\classfile\systemDictionary.cpp, line 256]
Event: 2.917 Thread 0x000001f5825e09f0 Exception <a 'sun/nio/fs/WindowsException'{0x00000000ec17b200}> (0x00000000ec17b200) 
thrown [s\src\hotspot\share\prims\jni.cpp, line 516]
Event: 2.972 Thread 0x000001f5825e09f0 Exception <a 'java/lang/NoSuchMethodError'{0x00000000eab7c250}: 'java.lang.Object java.lang.invoke.DirectMethodHandle$Holder.invokeStaticInit(java.lang.Object, int, int, int, int)'> (0x00000000eab7c250) 
thrown [s\src\hotspot\share\interpreter\linkResolver.cpp, line 759]
Event: 3.227 Thread 0x000001f5825e09f0 Exception <a 'java/lang/NoSuchMethodError'{0x00000000eacbe978}: 'java.lang.Object java.lang.invoke.DirectMethodHandle$Holder.invokeStaticInit(java.lang.Object, java.lang.Object, int, int, int, int)'> (0x00000000eacbe978) 
thrown [s\src\hotspot\share\interpreter\linkResolver.cpp, line 759]
Event: 3.292 Thread 0x000001f5825e09f0 Exception <a 'java/lang/ClassNotFoundException'{0x00000000eaf92c78}: com/sun/org/apache/xml/internal/serializer/spi/XMLEntitiesProvider> (0x00000000eaf92c78) 
thrown [s\src\hotspot\share\classfile\systemDictionary.cpp, line 256]
Event: 3.367 Thread 0x000001f5825e09f0 Exception <a 'java/io/FileNotFoundException'{0x00000000eb2fadb0}> (0x00000000eb2fadb0) 
thrown [s\src\hotspot\share\prims\jni.cpp, line 516]
Event: 3.421 Thread 0x000001f582814a70 Exception <a 'java/lang/NoSuchMethodError'{0x00000000eb504370}: 'java.lang.Object java.lang.invoke.DirectMethodHandle$Holder.newInvokeSpecial(java.lang.Object, java.lang.Object, java.lang.Object, java.lang.Object, java.lang.Object)'> (0x00000000eb504370) 
thrown [s\src\hotspot\share\interpreter\linkResolver.cpp, line 759]
Event: 3.469 Thread 0x000001f5825e09f0 Exception <a 'java/lang/UnsatisfiedLinkError'{0x00000000eb7ef5a0}: The specified procedure could not be found.
> (0x00000000eb7ef5a0) 
thrown [s\src\hotspot\share\prims\jni.cpp, line 535]
Event: 3.473 Thread 0x000001f5825e09f0 Exception <a 'java/io/FileNotFoundException'{0x00000000eb812438}> (0x00000000eb812438) 
thrown [s\src\hotspot\share\prims\jni.cpp, line 516]
Event: 3.488 Thread 0x000001f5825e09f0 Exception <a 'java/io/FileNotFoundException'{0x00000000eb988a78}> (0x00000000eb988a78) 
thrown [s\src\hotspot\share\prims\jni.cpp, line 516]
Event: 3.508 Thread 0x000001f5825e09f0 Exception <a 'java/lang/UnsatisfiedLinkError'{0x00000000ebb77e10}: The specified procedure could not be found.
> (0x00000000ebb77e10) 
thrown [s\src\hotspot\share\prims\jni.cpp, line 535]
Event: 3.684 Thread 0x000001f5ea3912d0 Exception <a 'java/lang/NoSuchMethodError'{0x00000000eb1ee9c0}: 'void java.lang.invoke.DirectMethodHandle$Holder.invokeStatic(java.lang.Object, java.lang.Object, java.lang.Object, java.lang.Object)'> (0x00000000eb1ee9c0) 
thrown [s\src\hotspot\share\interpreter\linkResolver.cpp, line 759]
Event: 3.841 Thread 0x000001f582814a70 Exception <a 'java/lang/NoClassDefFoundError'{0x00000000eb3324a8}: javax/enterprise/inject/Typed> (0x00000000eb3324a8) 
thrown [s\src\hotspot\share\classfile\systemDictionary.cpp, line 245]
Event: 3.946 Thread 0x000001f5ea3912d0 Exception <a 'java/lang/NoSuchMethodError'{0x00000000ebcb9f70}: 'void java.lang.invoke.DirectMethodHandle$Holder.invokeSpecial(java.lang.Object, java.lang.Object, java.lang.Object, java.lang.Object, java.lang.Object, java.lang.Object)'> (0x00000000ebcb9f70) 
thrown [s\src\hotspot\share\interpreter\linkResolver.cpp, line 759]
Event: 4.235 Thread 0x000001f582816280 Exception <a 'java/io/FileNotFoundException'{0x00000000eb4eb6a8}> (0x00000000eb4eb6a8) 
thrown [s\src\hotspot\share\prims\jni.cpp, line 516]

VM Operations (20 events):
Event: 3.605 Executing VM operation: ParallelGCSystemGC done
Event: 3.693 Executing VM operation: CollectForMetadataAllocation
Event: 3.733 Executing VM operation: CollectForMetadataAllocation done
Event: 3.811 Executing VM operation: HandshakeAllThreads
Event: 3.811 Executing VM operation: HandshakeAllThreads done
Event: 4.040 Executing VM operation: ParallelGCFailedAllocation
Event: 4.044 Executing VM operation: ParallelGCFailedAllocation done
Event: 4.372 Executing VM operation: HandshakeAllThreads
Event: 4.372 Executing VM operation: HandshakeAllThreads done
Event: 5.374 Executing VM operation: Cleanup
Event: 5.562 Executing VM operation: Cleanup done
Event: 5.584 Executing VM operation: ParallelGCFailedAllocation
Event: 5.586 Executing VM operation: ParallelGCFailedAllocation done
Event: 6.587 Executing VM operation: Cleanup
Event: 6.664 Executing VM operation: Cleanup done
Event: 7.673 Executing VM operation: Cleanup
Event: 7.673 Executing VM operation: Cleanup done
Event: 7.698 Executing VM operation: HandshakeAllThreads
Event: 7.698 Executing VM operation: HandshakeAllThreads done
Event: 8.706 Executing VM operation: Cleanup

Events (20 events):
Event: 3.973 loading class sun/util/locale/provider/DateFormatProviderImpl done
Event: 3.993 Thread 0x000001f582816280 Thread added: 0x000001f582816280
Event: 4.086 loading class sun/reflect/generics/repository/FieldRepository
Event: 4.087 loading class sun/reflect/generics/repository/FieldRepository done
Event: 4.094 loading class jdk/internal/reflect/UnsafeQualifiedIntegerFieldAccessorImpl
Event: 4.095 loading class jdk/internal/reflect/UnsafeQualifiedIntegerFieldAccessorImpl done
Event: 4.470 loading class java/lang/InheritableThreadLocal
Event: 4.470 loading class java/lang/InheritableThreadLocal done
Event: 4.517 loading class java/util/concurrent/CompletionService
Event: 4.517 loading class java/util/concurrent/CompletionService done
Event: 5.906 Thread 0x000001f58009cbe0 Thread exited: 0x000001f58009cbe0
Event: 7.440 Thread 0x000001f5822cc240 Thread exited: 0x000001f5822cc240
Event: 7.735 loading class sun/reflect/generics/scope/ConstructorScope
Event: 7.736 loading class sun/reflect/generics/scope/ConstructorScope done
Event: 7.736 loading class sun/reflect/generics/tree/VoidDescriptor
Event: 7.736 loading class sun/reflect/generics/tree/VoidDescriptor done
Event: 7.738 loading class javax/net/ssl/SSLSocketFactory
Event: 7.739 loading class javax/net/SocketFactory
Event: 7.739 loading class javax/net/SocketFactory done
Event: 7.739 loading class javax/net/ssl/SSLSocketFactory done


Dynamic libraries:
0x00007ff7ec9f0000 - 0x00007ff7ec9fe000 	c:\Users\User\.antigravity\extensions\redhat.java-1.12.0-win32-x64\jre\17.0.4.1-win32-x86_64\bin\java.exe
0x00007ffa72600000 - 0x00007ffa72867000 	C:\Windows\SYSTEM32\ntdll.dll
0x00007ffa71020000 - 0x00007ffa710e9000 	C:\Windows\System32\KERNEL32.DLL
0x00007ffa6f2e0000 - 0x00007ffa6f6d1000 	C:\Windows\System32\KERNELBASE.dll
0x00007ffa6f190000 - 0x00007ffa6f2db000 	C:\Windows\System32\ucrtbase.dll
0x00007ff9debc0000 - 0x00007ff9debd9000 	c:\Users\User\.antigravity\extensions\redhat.java-1.12.0-win32-x64\jre\17.0.4.1-win32-x86_64\bin\VCRUNTIME140.dll
0x00007ff9e8720000 - 0x00007ff9e8738000 	c:\Users\User\.antigravity\extensions\redhat.java-1.12.0-win32-x64\jre\17.0.4.1-win32-x86_64\bin\jli.dll
0x00007ffa70cd0000 - 0x00007ffa70e95000 	C:\Windows\System32\USER32.dll
0x00007ffa6efa0000 - 0x00007ffa6efc7000 	C:\Windows\System32\win32u.dll
0x00007ffa4a680000 - 0x00007ffa4a913000 	C:\Windows\WinSxS\amd64_microsoft.windows.common-controls_6595b64144ccf1df_6.0.26100.8037_none_3e092faae333b53b\COMCTL32.dll
0x00007ffa71240000 - 0x00007ffa7126b000 	C:\Windows\System32\GDI32.dll
0x00007ffa71f50000 - 0x00007ffa71ff9000 	C:\Windows\System32\msvcrt.dll
0x00007ffa6efd0000 - 0x00007ffa6f0fb000 	C:\Windows\System32\gdi32full.dll
0x00007ffa6f790000 - 0x00007ffa6f833000 	C:\Windows\System32\msvcp_win.dll
0x00007ffa71f10000 - 0x00007ffa71f41000 	C:\Windows\System32\IMM32.DLL
0x00007ffa660e0000 - 0x00007ffa660ec000 	c:\Users\User\.antigravity\extensions\redhat.java-1.12.0-win32-x64\jre\17.0.4.1-win32-x86_64\bin\vcruntime140_1.dll
0x00007ff9bc380000 - 0x00007ff9bc411000 	c:\Users\User\.antigravity\extensions\redhat.java-1.12.0-win32-x64\jre\17.0.4.1-win32-x86_64\bin\msvcp140.dll
0x00007ff976700000 - 0x00007ff977346000 	c:\Users\User\.antigravity\extensions\redhat.java-1.12.0-win32-x64\jre\17.0.4.1-win32-x86_64\bin\server\jvm.dll
0x00007ffa72000000 - 0x00007ffa720bb000 	C:\Windows\System32\ADVAPI32.dll
0x00007ffa703a0000 - 0x00007ffa70447000 	C:\Windows\System32\sechost.dll
0x00007ffa71120000 - 0x00007ffa71238000 	C:\Windows\System32\RPCRT4.dll
0x00007ffa71110000 - 0x00007ffa71118000 	C:\Windows\System32\PSAPI.DLL
0x00007ffa63c70000 - 0x00007ffa63ca5000 	C:\Windows\SYSTEM32\WINMM.dll
0x00007ffa699f0000 - 0x00007ffa699fa000 	C:\Windows\SYSTEM32\WSOCK32.dll
0x00007ffa5e140000 - 0x00007ffa5e14b000 	C:\Windows\SYSTEM32\VERSION.dll
0x00007ffa704e0000 - 0x00007ffa70554000 	C:\Windows\System32\WS2_32.dll
0x00007ffa6dc30000 - 0x00007ffa6dc4b000 	C:\Windows\SYSTEM32\kernel.appcore.dll
0x00007ffa55620000 - 0x00007ffa5562a000 	c:\Users\User\.antigravity\extensions\redhat.java-1.12.0-win32-x64\jre\17.0.4.1-win32-x86_64\bin\jimage.dll
0x00007ffa6cdb0000 - 0x00007ffa6cff2000 	C:\Windows\SYSTEM32\DBGHELP.DLL
0x00007ffa71450000 - 0x00007ffa717d2000 	C:\Windows\System32\combase.dll
0x00007ffa71270000 - 0x00007ffa71347000 	C:\Windows\System32\OLEAUT32.dll
0x00007ffa47f20000 - 0x00007ffa47f5b000 	C:\Windows\SYSTEM32\dbgcore.DLL
0x00007ffa6f6e0000 - 0x00007ffa6f785000 	C:\Windows\System32\bcryptPrimitives.dll
0x00007ffa54be0000 - 0x00007ffa54bee000 	c:\Users\User\.antigravity\extensions\redhat.java-1.12.0-win32-x64\jre\17.0.4.1-win32-x86_64\bin\instrument.dll
0x00007ff9d74d0000 - 0x00007ff9d74f5000 	c:\Users\User\.antigravity\extensions\redhat.java-1.12.0-win32-x64\jre\17.0.4.1-win32-x86_64\bin\java.dll
0x00007ff9deba0000 - 0x00007ff9debb8000 	c:\Users\User\.antigravity\extensions\redhat.java-1.12.0-win32-x64\jre\17.0.4.1-win32-x86_64\bin\zip.dll
0x00007ffa70560000 - 0x00007ffa70cbf000 	C:\Windows\System32\SHELL32.dll
0x00007ffa6f840000 - 0x00007ffa6f9aa000 	C:\Windows\System32\wintypes.dll
0x00007ffa6f9b0000 - 0x00007ffa70214000 	C:\Windows\System32\windows.storage.dll
0x00007ffa71980000 - 0x00007ffa71a77000 	C:\Windows\System32\SHCORE.dll
0x00007ffa72140000 - 0x00007ffa721a7000 	C:\Windows\System32\shlwapi.dll
0x00007ffa6ee00000 - 0x00007ffa6ee29000 	C:\Windows\SYSTEM32\profapi.dll
0x00007ff9de970000 - 0x00007ff9de989000 	C:\Users\User\.antigravity\extensions\redhat.java-1.12.0-win32-x64\jre\17.0.4.1-win32-x86_64\bin\net.dll
0x00007ffa65e60000 - 0x00007ffa65f87000 	C:\Windows\SYSTEM32\WINHTTP.dll
0x00007ffa6e180000 - 0x00007ffa6e1eb000 	C:\Windows\system32\mswsock.dll
0x00007ffa25d70000 - 0x00007ffa25d85000 	C:\Users\User\.antigravity\extensions\redhat.java-1.12.0-win32-x64\jre\17.0.4.1-win32-x86_64\bin\nio.dll
0x00007ffa53e00000 - 0x00007ffa53e10000 	c:\Users\User\.antigravity\extensions\redhat.java-1.12.0-win32-x64\jre\17.0.4.1-win32-x86_64\bin\verify.dll
0x00007ff9e86e0000 - 0x00007ff9e871e000 	C:\Users\User\AppData\Roaming\Antigravity\User\globalStorage\redhat.java\1.12.0\config_win\org.eclipse.equinox.launcher\org.eclipse.equinox.launcher.win32.win32.x86_64_1.2.600.v20220720-1916\eclipse_11700.dll
0x00007ffa717e0000 - 0x00007ffa71975000 	C:\Windows\System32\ole32.dll
0x00007ffa6e580000 - 0x00007ffa6e59b000 	C:\Windows\SYSTEM32\CRYPTSP.dll
0x00007ffa6db90000 - 0x00007ffa6dbc9000 	C:\Windows\system32\rsaenh.dll
0x00007ffa6e230000 - 0x00007ffa6e262000 	C:\Windows\SYSTEM32\USERENV.dll
0x00007ffa6edd0000 - 0x00007ffa6edfa000 	C:\Windows\SYSTEM32\bcrypt.dll
0x00007ffa6e3e0000 - 0x00007ffa6e3ec000 	C:\Windows\SYSTEM32\CRYPTBASE.dll
0x00007ffa6d6b0000 - 0x00007ffa6d6e3000 	C:\Windows\SYSTEM32\IPHLPAPI.DLL
0x00007ffa70f80000 - 0x00007ffa70f8a000 	C:\Windows\System32\NSI.dll
0x00007ffa67370000 - 0x00007ffa6738d000 	C:\Windows\SYSTEM32\dhcpcsvc6.DLL
0x00007ffa67340000 - 0x00007ffa67363000 	C:\Windows\SYSTEM32\dhcpcsvc.DLL
0x00007ffa6d710000 - 0x00007ffa6d83a000 	C:\Windows\SYSTEM32\DNSAPI.dll
0x00007ff9e86a0000 - 0x00007ff9e86e0000 	C:\Users\User\AppData\Local\Temp\jna-2645995\jna2937202446171973000.dll

dbghelp: loaded successfully - version: 4.0.5 - missing functions: none
symbol engine: initialized successfully - sym options: 0x614 - pdb path: .;c:\Users\User\.antigravity\extensions\redhat.java-1.12.0-win32-x64\jre\17.0.4.1-win32-x86_64\bin;C:\Windows\SYSTEM32;C:\Windows\WinSxS\amd64_microsoft.windows.common-controls_6595b64144ccf1df_6.0.26100.8037_none_3e092faae333b53b;c:\Users\User\.antigravity\extensions\redhat.java-1.12.0-win32-x64\jre\17.0.4.1-win32-x86_64\bin\server;C:\Users\User\AppData\Roaming\Antigravity\User\globalStorage\redhat.java\1.12.0\config_win\org.eclipse.equinox.launcher\org.eclipse.equinox.launcher.win32.win32.x86_64_1.2.600.v20220720-1916;C:\Users\User\AppData\Local\Temp\jna-2645995

VM Arguments:
jvm_args: --add-modules=ALL-SYSTEM --add-opens=java.base/java.util=ALL-UNNAMED --add-opens=java.base/java.lang=ALL-UNNAMED --add-opens=java.base/sun.nio.fs=ALL-UNNAMED -Declipse.application=org.eclipse.jdt.ls.core.id1 -Dosgi.bundles.defaultStartLevel=4 -Declipse.product=org.eclipse.jdt.ls.core.product -Djava.import.generatesMetadataFilesAtProjectRoot=false -Dfile.encoding=utf8 -XX:+UseParallelGC -XX:GCTimeRatio=4 -XX:AdaptiveSizePolicyWeight=90 -Dsun.zip.disableMemoryMapping=true -Xmx1G -Xms100m -Xlog:disable -javaagent:c:\Users\User\.antigravity\extensions\redhat.java-1.12.0-win32-x64\lombok\lombok-1.18.24.jar -XX:+HeapDumpOnOutOfMemoryError -XX:HeapDumpPath=c:\Users\User\AppData\Roaming\Antigravity\User\workspaceStorage\5024f5001246a4d67fad21ca53f013f3\redhat.java 
java_command: c:\Users\User\.antigravity\extensions\redhat.java-1.12.0-win32-x64\server\plugins\org.eclipse.equinox.launcher_1.6.400.v20210924-0641.jar -configuration c:\Users\User\AppData\Roaming\Antigravity\User\globalStorage\redhat.java\1.12.0\config_win -data c:\Users\User\AppData\Roaming\Antigravity\User\workspaceStorage\5024f5001246a4d67fad21ca53f013f3\redhat.java\jdt_ws
java_class_path (initial): c:\Users\User\.antigravity\extensions\redhat.java-1.12.0-win32-x64\server\plugins\org.eclipse.equinox.launcher_1.6.400.v20210924-0641.jar
Launcher Type: SUN_STANDARD

[Global flags]
    uintx AdaptiveSizePolicyWeight                 = 90                                        {product} {command line}
     intx CICompilerCount                          = 4                                         {product} {ergonomic}
    uintx GCTimeRatio                              = 4                                         {product} {command line}
     bool HeapDumpOnOutOfMemoryError               = true                                   {manageable} {command line}
    ccstr HeapDumpPath                             = c:\Users\User\AppData\Roaming\Antigravity\User\workspaceStorage\5024f5001246a4d67fad21ca53f013f3\redhat.java         {manageable} {command line}
   size_t InitialHeapSize                          = 104857600                                 {product} {command line}
   size_t MaxHeapSize                              = 1073741824                                {product} {command line}
   size_t MaxNewSize                               = 357564416                                 {product} {ergonomic}
   size_t MinHeapDeltaBytes                        = 524288                                    {product} {ergonomic}
   size_t MinHeapSize                              = 104857600                                 {product} {command line}
   size_t NewSize                                  = 34603008                                  {product} {ergonomic}
    uintx NonNMethodCodeHeapSize                   = 5839372                                {pd product} {ergonomic}
    uintx NonProfiledCodeHeapSize                  = 122909434                              {pd product} {ergonomic}
   size_t OldSize                                  = 70254592                                  {product} {ergonomic}
    uintx ProfiledCodeHeapSize                     = 122909434                              {pd product} {ergonomic}
    uintx ReservedCodeCacheSize                    = 251658240                              {pd product} {ergonomic}
     bool SegmentedCodeCache                       = true                                      {product} {ergonomic}
   size_t SoftMaxHeapSize                          = 1073741824                             {manageable} {ergonomic}
     bool UseCompressedClassPointers               = true                           {product lp64_product} {ergonomic}
     bool UseCompressedOops                        = true                           {product lp64_product} {ergonomic}
     bool UseLargePagesIndividualAllocation        = false                                  {pd product} {ergonomic}
     bool UseParallelGC                            = true                                      {product} {command line}

Logging:
Log output configuration:
 #0: stdout all=off uptime,level,tags
 #1: stderr all=off uptime,level,tags

Environment Variables:
PATH=C:\Program Files (x86)\Common Files\Oracle\Java\java8path;C:\Program Files (x86)\Common Files\Oracle\Java\javapath;C:\Python313\Scripts\;C:\Python313\;C:\Windows\system32;C:\Windows;C:\Windows\System32\Wbem;C:\Windows\System32\WindowsPowerShell\v1.0\;C:\Windows\System32\OpenSSH\;C:\Program Files\nodejs\;C:\ProgramData\chocolatey\bin;C:\Program Files\nodejs;C:\Program Files\Microsoft SQL Server\150\Tools\Binn\;C:\Program Files\Microsoft SQL Server\Client SDK\ODBC\170\Tools\Binn\;C:\Program Files\dotnet\;c:\Users\User\AppData\Local\Programs\cursor\resources\app\bin;C:\Program Files\Git\cmd;C:\Program Files\MySQL\MySQL Shell 8.0\bin\;C:\Users\User\.local\bin;C:\Users\User\AppData\Local\Microsoft\WindowsApps;C:\Users\User\AppData\Roaming\npm;C:\Users\User\AppData\Local\Programs\cursor\resources\app\bin;C:\Users\User\.dotnet\tools;C:\Users\User\AppData\Local\Programs\Microsoft VS Code\bin;C:\Users\User\AppData\Local\Microsoft\WinGet\Packages\GitHub.Copilot_Microsoft.Winget.Source_8wekyb3d8bbwe;C:\Users\User\AppData\Local\Programs\Antigravity\bin
USERNAME=User
OS=Windows_NT
PROCESSOR_IDENTIFIER=Intel64 Family 6 Model 140 Stepping 1, GenuineIntel
TMP=C:\Users\User\AppData\Local\Temp
TEMP=C:\Users\User\AppData\Local\Temp



---------------  S Y S T E M  ---------------

OS:
 Windows 11 , 64 bit Build 26100 (10.0.26100.7920)
OS uptime: 1 days 17:10 hours
Hyper-V role detected

CPU: total 8 (initial active 8) (4 cores per cpu, 2 threads per core) family 6 model 140 stepping 1 microcode 0xbc, cx8, cmov, fxsr, ht, mmx, 3dnowpref, sse, sse2, sse3, ssse3, sse4.1, sse4.2, popcnt, lzcnt, tsc, tscinvbit, avx, avx2, aes, erms, clmul, bmi1, bmi2, adx, avx512f, avx512dq, avx512cd, avx512bw, avx512vl, sha, fma, vzeroupper, avx512_vpopcntdq, avx512_vpclmulqdq, avx512_vaes, avx512_vnni, clflush, clflushopt, clwb, avx512_vbmi2, avx512_vbmi, hv

Memory: 4k page, system-wide physical 20160M (710M free)
TotalPageFile size 50578M (AvailPageFile size 61M)
current process WorkingSet (physical memory assigned to process): 180M, peak: 183M
current process commit charge ("private bytes"): 265M, peak: 267M

vm_info: OpenJDK 64-Bit Server VM (17.0.4.1+1) for windows-amd64 JRE (17.0.4.1+1), built on Aug 17 2022 07:42:43 by "temurin" with MS VC++ 16.7 (VS2019)

END.
