#
# There is insufficient memory for the Java Runtime Environment to continue.
# Native memory allocation (malloc) failed to allocate 752336 bytes for Chunk::new
# Possible reasons:
#   The system is out of physical RAM or swap space
#   The process is running with CompressedOops enabled, and the Java Heap may be blocking the growth of the native heap
# Possible solutions:
#   Reduce memory load on the system
#   Increase physical memory or swap space
#   Check if swap backing store is full
#   Decrease Java heap size (-Xmx/-Xms)
#   Decrease number of Java threads
#   Decrease Java thread stack sizes (-Xss)
#   Set larger code cache with -XX:ReservedCodeCacheSize=
#   JVM is running with Unscaled Compressed Oops mode in which the Java heap is
#     placed in the first 4GB address space. The Java Heap base address is the
#     maximum limit for the native heap growth. Please use -XX:HeapBaseMinAddress
#     to set the Java Heap base and to place the Java Heap above 4GB virtual address.
# This output file may be truncated or incomplete.
#
#  Out of Memory Error (arena.cpp:189), pid=36104, tid=7224
#
# JRE version: OpenJDK Runtime Environment Temurin-17.0.4.1+1 (17.0.4.1+1) (build 17.0.4.1+1)
# Java VM: OpenJDK 64-Bit Server VM Temurin-17.0.4.1+1 (17.0.4.1+1, mixed mode, tiered, compressed oops, compressed class ptrs, parallel gc, windows-amd64)
# No core dump will be written. Minidumps are not enabled by default on client versions of Windows
#

---------------  S U M M A R Y ------------

Command Line: --add-modules=ALL-SYSTEM --add-opens=java.base/java.util=ALL-UNNAMED --add-opens=java.base/java.lang=ALL-UNNAMED --add-opens=java.base/sun.nio.fs=ALL-UNNAMED -Declipse.application=org.eclipse.jdt.ls.core.id1 -Dosgi.bundles.defaultStartLevel=4 -Declipse.product=org.eclipse.jdt.ls.core.product -Djava.import.generatesMetadataFilesAtProjectRoot=false -Dfile.encoding=utf8 -XX:+UseParallelGC -XX:GCTimeRatio=4 -XX:AdaptiveSizePolicyWeight=90 -Dsun.zip.disableMemoryMapping=true -Xmx1G -Xms100m -Xlog:disable -javaagent:c:\Users\User\.antigravity\extensions\redhat.java-1.12.0-win32-x64\lombok\lombok-1.18.24.jar -XX:+HeapDumpOnOutOfMemoryError -XX:HeapDumpPath=c:\Users\User\AppData\Roaming\Antigravity\User\workspaceStorage\5024f5001246a4d67fad21ca53f013f3\redhat.java c:\Users\User\.antigravity\extensions\redhat.java-1.12.0-win32-x64\server\plugins\org.eclipse.equinox.launcher_1.6.400.v20210924-0641.jar -configuration c:\Users\User\AppData\Roaming\Antigravity\User\globalStorage\redhat.java\1.12.0\config_win -data c:\Users\User\AppData\Roaming\Antigravity\User\workspaceStorage\5024f5001246a4d67fad21ca53f013f3\redhat.java\jdt_ws

Host: 11th Gen Intel(R) Core(TM) i5-1145G7 @ 2.60GHz, 8 cores, 19G,  Windows 11 , 64 bit Build 26100 (10.0.26100.7920)
Time: Sat Mar 14 14:58:03 2026 W. Central Africa Standard Time elapsed time: 7.023451 seconds (0d 0h 0m 7s)

---------------  T H R E A D  ---------------

Current thread (0x00000157e2745d20):  JavaThread "C2 CompilerThread0" daemon [_thread_in_native, id=7224, stack(0x000000477d400000,0x000000477d500000)]


Current CompileTask:
C2:   7023 2529       4       java.io.WinNTFileSystem::normalize (143 bytes)

Stack: [0x000000477d400000,0x000000477d500000]
Native frames: (J=compiled Java code, j=interpreted, Vv=VM code, C=native code)
V  [jvm.dll+0x67731a]
V  [jvm.dll+0x832284]
V  [jvm.dll+0x833a2e]
V  [jvm.dll+0x834093]
V  [jvm.dll+0x245775]
V  [jvm.dll+0xabd7b]
V  [jvm.dll+0xac30c]
V  [jvm.dll+0x363a42]
V  [jvm.dll+0x32e011]
V  [jvm.dll+0x32d4ba]
V  [jvm.dll+0x218681]
V  [jvm.dll+0x217aa1]
V  [jvm.dll+0x1a3f8d]
V  [jvm.dll+0x227498]
V  [jvm.dll+0x2255e5]
V  [jvm.dll+0x7e7e9b]
V  [jvm.dll+0x7e240a]
V  [jvm.dll+0x6761a5]
C  [ucrtbase.dll+0x37b0]
C  [KERNEL32.DLL+0x2e8d7]
C  [ntdll.dll+0x8c48c]


---------------  P R O C E S S  ---------------

Threads class SMR info:
_java_thread_list=0x00000157e4e3bf30, length=18, elements={
0x00000157ccdb12e0, 0x00000157e0c36600, 0x00000157e0c383d0, 0x00000157e270ecd0,
0x00000157e27115a0, 0x00000157e2711e60, 0x00000157e27422a0, 0x00000157e2745d20,
0x00000157e274e2d0, 0x00000157e2753760, 0x00000157cce71750, 0x00000157e2a251a0,
0x00000157e3d5fb00, 0x00000157e4af8a60, 0x00000157e4e53010, 0x00000157e4b5f200,
0x00000157e4d64f30, 0x00000157e4d64a60
}

Java Threads: ( => current thread )
  0x00000157ccdb12e0 JavaThread "main" [_thread_blocked, id=27832, stack(0x000000477cb00000,0x000000477cc00000)]
  0x00000157e0c36600 JavaThread "Reference Handler" daemon [_thread_blocked, id=38868, stack(0x000000477ce00000,0x000000477cf00000)]
  0x00000157e0c383d0 JavaThread "Finalizer" daemon [_thread_blocked, id=24820, stack(0x000000477cf00000,0x000000477d000000)]
  0x00000157e270ecd0 JavaThread "Signal Dispatcher" daemon [_thread_blocked, id=24912, stack(0x000000477d000000,0x000000477d100000)]
  0x00000157e27115a0 JavaThread "Attach Listener" daemon [_thread_blocked, id=33296, stack(0x000000477d100000,0x000000477d200000)]
  0x00000157e2711e60 JavaThread "Service Thread" daemon [_thread_blocked, id=34048, stack(0x000000477d200000,0x000000477d300000)]
  0x00000157e27422a0 JavaThread "Monitor Deflation Thread" daemon [_thread_blocked, id=14816, stack(0x000000477d300000,0x000000477d400000)]
=>0x00000157e2745d20 JavaThread "C2 CompilerThread0" daemon [_thread_in_native, id=7224, stack(0x000000477d400000,0x000000477d500000)]
  0x006f006d005f0065 
[error occurred during error reporting (printing all threads), id 0xc0000005, EXCEPTION_ACCESS_VIOLATION (0xc0000005) at pc=0x00007ffe7a76732c]

VM state: not at safepoint (normal execution)

VM Mutex/Monitor currently owned by a thread: None

Heap address: 0x00000000c0000000, size: 1024 MB, Compressed Oops mode: 32-bit

CDS archive(s) not mapped
Compressed class space mapped at: 0x0000000100000000-0x0000000140000000, reserved size: 1073741824
Narrow klass base: 0x0000000000000000, Narrow klass shift: 3, Narrow klass range: 0x140000000

GC Precious Log:
 CPUs: 8 total, 8 available
 Memory: 20160M
 Large Page Support: Disabled
 NUMA Support: Disabled
 Compressed Oops: Enabled (32-bit)
 Alignments: Space 512K, Generation 512K, Heap 2M
 Heap Min Capacity: 100M
 Heap Initial Capacity: 100M
 Heap Max Capacity: 1G
 Pre-touch: Disabled
 Parallel Workers: 8

Heap:
 PSYoungGen      total 29696K, used 1982K [0x00000000eab00000, 0x00000000ed600000, 0x0000000100000000)
  eden space 25600K, 7% used [0x00000000eab00000,0x00000000eacefb30,0x00000000ec400000)
  from space 4096K, 0% used [0x00000000ec400000,0x00000000ec400000,0x00000000ec800000)
  to   space 9216K, 0% used [0x00000000ecd00000,0x00000000ecd00000,0x00000000ed600000)
 ParOldGen       total 68608K, used 19398K [0x00000000c0000000, 0x00000000c4300000, 0x00000000eab00000)
  object space 68608K, 28% used [0x00000000c0000000,0x00000000c12f1820,0x00000000c4300000)
 Metaspace       used 21226K, committed 21632K, reserved 1073152K
  class space    used 2150K, committed 2368K, reserved 1048576K

Card table byte_map: [0x00000157cc760000,0x00000157cc970000] _byte_map_base: 0x00000157cc160000

Marking Bits: (ParMarkBitMap*) 0x00007ffe7ab02cc0
 Begin Bits: [0x00000157dea40000, 0x00000157dfa40000)
 End Bits:   [0x00000157dfa40000, 0x00000157e0a40000)

Polling page: 0x00000157cacc0000

Metaspace:

Usage:
  Non-class:     18.63 MB used.
      Class:      2.10 MB used.
       Both:     20.73 MB used.

Virtual space:
  Non-class space:       24.00 MB reserved,      18.81 MB ( 78%) committed,  3 nodes.
      Class space:        1.00 GB reserved,       2.31 MB ( <1%) committed,  1 nodes.
             Both:        1.02 GB reserved,      21.12 MB (  2%) committed. 

Chunk freelists:
   Non-Class:  1.12 MB
       Class:  1.55 MB
        Both:  2.67 MB

MaxMetaspaceSize: unlimited
CompressedClassSpaceSize: 1.00 GB
Initial GC threshold: 21.00 MB
Current GC threshold: 35.00 MB
CDS: off
MetaspaceReclaimPolicy: balanced
 - commit_granule_bytes: 65536.
 - commit_granule_words: 8192.
 - virtual_space_node_default_size: 1048576.
 - enlarge_chunks_in_place: 1.
 - new_chunks_are_fully_committed: 0.
 - uncommit_free_chunks: 1.
 - use_allocation_guard: 0.
 - handle_deallocations: 1.


Internal statistics:

num_allocs_failed_limit: 3.
num_arena_births: 170.
num_arena_deaths: 14.
num_vsnodes_births: 4.
num_vsnodes_deaths: 0.
num_space_committed: 338.
num_space_uncommitted: 0.
num_chunks_returned_to_freelist: 17.
num_chunks_taken_from_freelist: 662.
num_chunk_merges: 7.
num_chunk_splits: 429.
num_chunks_enlarged: 300.
num_purges: 2.
num_inconsistent_stats: 0.

CodeHeap 'non-profiled nmethods': size=120000Kb used=1117Kb max_used=1117Kb free=118882Kb
 bounds [0x00000157d7510000, 0x00000157d7780000, 0x00000157dea40000]
CodeHeap 'profiled nmethods': size=120000Kb used=5054Kb max_used=5054Kb free=114945Kb
 bounds [0x00000157cffe0000, 0x00000157d04d0000, 0x00000157d7510000]
CodeHeap 'non-nmethods': size=5760Kb used=1195Kb max_used=1224Kb free=4564Kb
 bounds [0x00000157cfa40000, 0x00000157cfcb0000, 0x00000157cffe0000]
 total_blobs=3026 nmethods=2537 adapters=403
 compilation: enabled
              stopped_count=0, restarted_count=0
 full_count=0

Compilation events (20 events):
Event: 3.873 Thread 0x00000157e2745d20 nmethod 2524 0x00000157d7626190 code [0x00000157d7626320, 0x00000157d7626478]
Event: 3.880 Thread 0x00000157e274e2d0 2525       1       sun.nio.fs.WindowsNativeDispatcher$FirstFile::handle (5 bytes)
Event: 3.880 Thread 0x00000157e274e2d0 nmethod 2525 0x00000157d7626590 code [0x00000157d7626720, 0x00000157d76267f8]
Event: 3.880 Thread 0x00000157e274e2d0 2526       1       sun.nio.fs.WindowsNativeDispatcher$FirstFile::name (5 bytes)
Event: 3.880 Thread 0x00000157e274e2d0 nmethod 2526 0x00000157d7626890 code [0x00000157d7626a20, 0x00000157d7626af8]
Event: 3.910 Thread 0x00000157e274e2d0 2527       3       sun.nio.fs.WindowsPathParser::isSlash (18 bytes)
Event: 3.910 Thread 0x00000157e2745d20 2528       4       java.lang.String::<init> (74 bytes)
Event: 3.910 Thread 0x00000157e274e2d0 nmethod 2527 0x00000157d04c8f90 code [0x00000157d04c9120, 0x00000157d04c9298]
Event: 3.917 Thread 0x00000157e2745d20 nmethod 2528 0x00000157d7626b90 code [0x00000157d7626d20, 0x00000157d76270d8]
Event: 3.918 Thread 0x00000157e2745d20 2529       4       java.io.WinNTFileSystem::normalize (143 bytes)
Event: 4.980 Thread 0x00000157e274e2d0 2530       3       org.eclipse.core.internal.filesystem.FileStoreUtil::compareSlashFirst (108 bytes)
Event: 4.985 Thread 0x00000157e274e2d0 nmethod 2530 0x00000157d04c9310 code [0x00000157d04c9660, 0x00000157d04cab38]
Event: 4.988 Thread 0x00000157e274e2d0 2531       3       java.net.URI::getPath (31 bytes)
Event: 4.989 Thread 0x00000157e274e2d0 nmethod 2531 0x00000157d04cb510 code [0x00000157d04cb6c0, 0x00000157d04cb908]
Event: 4.993 Thread 0x00000157e274e2d0 2532       3       org.eclipse.core.internal.filesystem.local.LocalFile::toURI (23 bytes)
Event: 4.994 Thread 0x00000157e274e2d0 nmethod 2532 0x00000157d04cba10 code [0x00000157d04cbbe0, 0x00000157d04cbed8]
Event: 5.010 Thread 0x00000157e274e2d0 2534       3       sun.nio.fs.WindowsPath::<init> (26 bytes)
Event: 5.010 Thread 0x00000157e274e2d0 nmethod 2534 0x00000157d04cc010 code [0x00000157d04cc1a0, 0x00000157d04cc358]
Event: 5.013 Thread 0x00000157e274e2d0 2535       3       jdk.internal.misc.VM::initLevel (4 bytes)
Event: 5.013 Thread 0x00000157e274e2d0 nmethod 2535 0x00000157d04cc410 code [0x00000157d04cc5a0, 0x00000157d04cc698]

GC Heap History (12 events):
Event: 0.915 GC heap before
{Heap before GC invocations=1 (full 0):
 PSYoungGen      total 29696K, used 25600K [0x00000000eab00000, 0x00000000ecc00000, 0x0000000100000000)
  eden space 25600K, 100% used [0x00000000eab00000,0x00000000ec400000,0x00000000ec400000)
  from space 4096K, 0% used [0x00000000ec800000,0x00000000ec800000,0x00000000ecc00000)
  to   space 4096K, 0% used [0x00000000ec400000,0x00000000ec400000,0x00000000ec800000)
 ParOldGen       total 68608K, used 0K [0x00000000c0000000, 0x00000000c4300000, 0x00000000eab00000)
  object space 68608K, 0% used [0x00000000c0000000,0x00000000c0000000,0x00000000c4300000)
 Metaspace       used 10775K, committed 10944K, reserved 1064960K
  class space    used 1081K, committed 1152K, reserved 1048576K
}
Event: 0.923 GC heap after
{Heap after GC invocations=1 (full 0):
 PSYoungGen      total 29696K, used 3326K [0x00000000eab00000, 0x00000000ecc00000, 0x0000000100000000)
  eden space 25600K, 0% used [0x00000000eab00000,0x00000000eab00000,0x00000000ec400000)
  from space 4096K, 81% used [0x00000000ec400000,0x00000000ec73fb18,0x00000000ec800000)
  to   space 4096K, 0% used [0x00000000ec800000,0x00000000ec800000,0x00000000ecc00000)
 ParOldGen       total 68608K, used 16K [0x00000000c0000000, 0x00000000c4300000, 0x00000000eab00000)
  object space 68608K, 0% used [0x00000000c0000000,0x00000000c0004000,0x00000000c4300000)
 Metaspace       used 10775K, committed 10944K, reserved 1064960K
  class space    used 1081K, committed 1152K, reserved 1048576K
}
Event: 1.638 GC heap before
{Heap before GC invocations=2 (full 0):
 PSYoungGen      total 29696K, used 28926K [0x00000000eab00000, 0x00000000ecc00000, 0x0000000100000000)
  eden space 25600K, 100% used [0x00000000eab00000,0x00000000ec400000,0x00000000ec400000)
  from space 4096K, 81% used [0x00000000ec400000,0x00000000ec73fb18,0x00000000ec800000)
  to   space 4096K, 0% used [0x00000000ec800000,0x00000000ec800000,0x00000000ecc00000)
 ParOldGen       total 68608K, used 16K [0x00000000c0000000, 0x00000000c4300000, 0x00000000eab00000)
  object space 68608K, 0% used [0x00000000c0000000,0x00000000c0004000,0x00000000c4300000)
 Metaspace       used 14752K, committed 15040K, reserved 1064960K
  class space    used 1500K, committed 1664K, reserved 1048576K
}
Event: 1.644 GC heap after
{Heap after GC invocations=2 (full 0):
 PSYoungGen      total 29696K, used 4094K [0x00000000eab00000, 0x00000000ecc00000, 0x0000000100000000)
  eden space 25600K, 0% used [0x00000000eab00000,0x00000000eab00000,0x00000000ec400000)
  from space 4096K, 99% used [0x00000000ec800000,0x00000000ecbffa60,0x00000000ecc00000)
  to   space 4096K, 0% used [0x00000000ec400000,0x00000000ec400000,0x00000000ec800000)
 ParOldGen       total 68608K, used 1479K [0x00000000c0000000, 0x00000000c4300000, 0x00000000eab00000)
  object space 68608K, 2% used [0x00000000c0000000,0x00000000c0171fe8,0x00000000c4300000)
 Metaspace       used 14752K, committed 15040K, reserved 1064960K
  class space    used 1500K, committed 1664K, reserved 1048576K
}
Event: 2.206 GC heap before
{Heap before GC invocations=3 (full 0):
 PSYoungGen      total 29696K, used 29655K [0x00000000eab00000, 0x00000000ecc00000, 0x0000000100000000)
  eden space 25600K, 99% used [0x00000000eab00000,0x00000000ec3f6530,0x00000000ec400000)
  from space 4096K, 99% used [0x00000000ec800000,0x00000000ecbffa60,0x00000000ecc00000)
  to   space 4096K, 0% used [0x00000000ec400000,0x00000000ec400000,0x00000000ec800000)
 ParOldGen       total 68608K, used 1479K [0x00000000c0000000, 0x00000000c4300000, 0x00000000eab00000)
  object space 68608K, 2% used [0x00000000c0000000,0x00000000c0171fe8,0x00000000c4300000)
 Metaspace       used 19510K, committed 19840K, reserved 1073152K
  class space    used 1985K, committed 2112K, reserved 1048576K
}
Event: 2.211 GC heap after
{Heap after GC invocations=3 (full 0):
 PSYoungGen      total 29696K, used 4080K [0x00000000eab00000, 0x00000000ecc00000, 0x0000000100000000)
  eden space 25600K, 0% used [0x00000000eab00000,0x00000000eab00000,0x00000000ec400000)
  from space 4096K, 99% used [0x00000000ec400000,0x00000000ec7fc1f8,0x00000000ec800000)
  to   space 4096K, 0% used [0x00000000ec800000,0x00000000ec800000,0x00000000ecc00000)
 ParOldGen       total 68608K, used 3833K [0x00000000c0000000, 0x00000000c4300000, 0x00000000eab00000)
  object space 68608K, 5% used [0x00000000c0000000,0x00000000c03be6f0,0x00000000c4300000)
 Metaspace       used 19510K, committed 19840K, reserved 1073152K
  class space    used 1985K, committed 2112K, reserved 1048576K
}
Event: 2.481 GC heap before
{Heap before GC invocations=4 (full 0):
 PSYoungGen      total 29696K, used 29680K [0x00000000eab00000, 0x00000000ecc00000, 0x0000000100000000)
  eden space 25600K, 100% used [0x00000000eab00000,0x00000000ec400000,0x00000000ec400000)
  from space 4096K, 99% used [0x00000000ec400000,0x00000000ec7fc1f8,0x00000000ec800000)
  to   space 4096K, 0% used [0x00000000ec800000,0x00000000ec800000,0x00000000ecc00000)
 ParOldGen       total 68608K, used 3833K [0x00000000c0000000, 0x00000000c4300000, 0x00000000eab00000)
  object space 68608K, 5% used [0x00000000c0000000,0x00000000c03be6f0,0x00000000c4300000)
 Metaspace       used 20507K, committed 20928K, reserved 1073152K
  class space    used 2084K, committed 2304K, reserved 1048576K
}
Event: 2.493 GC heap after
{Heap after GC invocations=4 (full 0):
 PSYoungGen      total 29696K, used 4064K [0x00000000eab00000, 0x00000000ecc00000, 0x0000000100000000)
  eden space 25600K, 0% used [0x00000000eab00000,0x00000000eab00000,0x00000000ec400000)
  from space 4096K, 99% used [0x00000000ec800000,0x00000000ecbf81e8,0x00000000ecc00000)
  to   space 4096K, 0% used [0x00000000ec400000,0x00000000ec400000,0x00000000ec800000)
 ParOldGen       total 68608K, used 13093K [0x00000000c0000000, 0x00000000c4300000, 0x00000000eab00000)
  object space 68608K, 19% used [0x00000000c0000000,0x00000000c0cc9528,0x00000000c4300000)
 Metaspace       used 20507K, committed 20928K, reserved 1073152K
  class space    used 2084K, committed 2304K, reserved 1048576K
}
Event: 2.757 GC heap before
{Heap before GC invocations=5 (full 0):
 PSYoungGen      total 29696K, used 14041K [0x00000000eab00000, 0x00000000ecc00000, 0x0000000100000000)
  eden space 25600K, 38% used [0x00000000eab00000,0x00000000eb4be4a0,0x00000000ec400000)
  from space 4096K, 99% used [0x00000000ec800000,0x00000000ecbf81e8,0x00000000ecc00000)
  to   space 4096K, 0% used [0x00000000ec400000,0x00000000ec400000,0x00000000ec800000)
 ParOldGen       total 68608K, used 13093K [0x00000000c0000000, 0x00000000c4300000, 0x00000000eab00000)
  object space 68608K, 19% used [0x00000000c0000000,0x00000000c0cc9528,0x00000000c4300000)
 Metaspace       used 21092K, committed 21504K, reserved 1073152K
  class space    used 2134K, committed 2304K, reserved 1048576K
}
Event: 2.767 GC heap after
{Heap after GC invocations=5 (full 0):
 PSYoungGen      total 29696K, used 4072K [0x00000000eab00000, 0x00000000ed600000, 0x0000000100000000)
  eden space 25600K, 0% used [0x00000000eab00000,0x00000000eab00000,0x00000000ec400000)
  from space 4096K, 99% used [0x00000000ec400000,0x00000000ec7fa398,0x00000000ec800000)
  to   space 9216K, 0% used [0x00000000ecd00000,0x00000000ecd00000,0x00000000ed600000)
 ParOldGen       total 68608K, used 15589K [0x00000000c0000000, 0x00000000c4300000, 0x00000000eab00000)
  object space 68608K, 22% used [0x00000000c0000000,0x00000000c0f396c8,0x00000000c4300000)
 Metaspace       used 21092K, committed 21504K, reserved 1073152K
  class space    used 2134K, committed 2304K, reserved 1048576K
}
Event: 2.767 GC heap before
{Heap before GC invocations=6 (full 1):
 PSYoungGen      total 29696K, used 4072K [0x00000000eab00000, 0x00000000ed600000, 0x0000000100000000)
  eden space 25600K, 0% used [0x00000000eab00000,0x00000000eab00000,0x00000000ec400000)
  from space 4096K, 99% used [0x00000000ec400000,0x00000000ec7fa398,0x00000000ec800000)
  to   space 9216K, 0% used [0x00000000ecd00000,0x00000000ecd00000,0x00000000ed600000)
 ParOldGen       total 68608K, used 15589K [0x00000000c0000000, 0x00000000c4300000, 0x00000000eab00000)
  object space 68608K, 22% used [0x00000000c0000000,0x00000000c0f396c8,0x00000000c4300000)
 Metaspace       used 21092K, committed 21504K, reserved 1073152K
  class space    used 2134K, committed 2304K, reserved 1048576K
}
Event: 2.827 GC heap after
{Heap after GC invocations=6 (full 1):
 PSYoungGen      total 29696K, used 0K [0x00000000eab00000, 0x00000000ed600000, 0x0000000100000000)
  eden space 25600K, 0% used [0x00000000eab00000,0x00000000eab00000,0x00000000ec400000)
  from space 4096K, 0% used [0x00000000ec400000,0x00000000ec400000,0x00000000ec800000)
  to   space 9216K, 0% used [0x00000000ecd00000,0x00000000ecd00000,0x00000000ed600000)
 ParOldGen       total 68608K, used 19398K [0x00000000c0000000, 0x00000000c4300000, 0x00000000eab00000)
  object space 68608K, 28% used [0x00000000c0000000,0x00000000c12f1820,0x00000000c4300000)
 Metaspace       used 21079K, committed 21504K, reserved 1073152K
  class space    used 2130K, committed 2304K, reserved 1048576K
}

Deoptimization events (20 events):
Event: 2.679 Thread 0x00000157e4e53010 DEOPT PACKING pc=0x00000157d003e309 sp=0x000000477e2f8bd0
Event: 2.679 Thread 0x00000157e4e53010 DEOPT UNPACKING pc=0x00000157cfa96463 sp=0x000000477e2f80c8 mode 0
Event: 2.691 Thread 0x00000157e4e53010 DEOPT PACKING pc=0x00000157d0371c2e sp=0x000000477e2f91c0
Event: 2.691 Thread 0x00000157e4e53010 DEOPT UNPACKING pc=0x00000157cfa96463 sp=0x000000477e2f8680 mode 0
Event: 2.698 Thread 0x00000157e4e53010 Uncommon trap: trap_request=0xffffff45 fr.pc=0x00000157d76101f8 relative=0x0000000000000338
Event: 2.698 Thread 0x00000157e4e53010 Uncommon trap: reason=unstable_if action=reinterpret pc=0x00000157d76101f8 method=com.sun.org.apache.xerces.internal.impl.XMLEntityScanner.scanContent(Lcom/sun/org/apache/xerces/internal/xni/XMLString;)I @ 103 c2
Event: 2.698 Thread 0x00000157e4e53010 DEOPT PACKING pc=0x00000157d76101f8 sp=0x000000477e2f9390
Event: 2.698 Thread 0x00000157e4e53010 DEOPT UNPACKING pc=0x00000157cfa95923 sp=0x000000477e2f9330 mode 2
Event: 2.708 Thread 0x00000157e4e53010 DEOPT PACKING pc=0x00000157d01bf423 sp=0x000000477e2f8c40
Event: 2.708 Thread 0x00000157e4e53010 DEOPT UNPACKING pc=0x00000157cfa96463 sp=0x000000477e2f8178 mode 0
Event: 2.711 Thread 0x00000157e4e53010 DEOPT PACKING pc=0x00000157d01bf423 sp=0x000000477e2f8c00
Event: 2.711 Thread 0x00000157e4e53010 DEOPT UNPACKING pc=0x00000157cfa96463 sp=0x000000477e2f8138 mode 0
Event: 2.728 Thread 0x00000157e4e53010 Uncommon trap: trap_request=0xffffffde fr.pc=0x00000157d7614974 relative=0x00000000000000d4
Event: 2.728 Thread 0x00000157e4e53010 Uncommon trap: reason=class_check action=maybe_recompile pc=0x00000157d7614974 method=com.sun.org.apache.xerces.internal.impl.XMLDocumentScannerImpl.next()I @ 4 c2
Event: 2.728 Thread 0x00000157e4e53010 DEOPT PACKING pc=0x00000157d7614974 sp=0x000000477e2f9520
Event: 2.728 Thread 0x00000157e4e53010 DEOPT UNPACKING pc=0x00000157cfa95923 sp=0x000000477e2f9468 mode 2
Event: 3.916 Thread 0x00000157e4e53010 DEOPT PACKING pc=0x00000157d0313708 sp=0x000000477e2f9740
Event: 3.916 Thread 0x00000157e4e53010 DEOPT UNPACKING pc=0x00000157cfa96463 sp=0x000000477e2f8c48 mode 0
Event: 5.004 Thread 0x00000157e4e53010 DEOPT PACKING pc=0x00000157d0313708 sp=0x000000477e2f9870
Event: 5.004 Thread 0x00000157e4e53010 DEOPT UNPACKING pc=0x00000157cfa96463 sp=0x000000477e2f8d78 mode 0

Classes unloaded (7 events):
Event: 2.780 Thread 0x00000157e2700dc0 Unloading class 0x000000010020c400 'java/lang/invoke/LambdaForm$MH+0x000000010020c400'
Event: 2.780 Thread 0x00000157e2700dc0 Unloading class 0x000000010020c000 'java/lang/invoke/LambdaForm$MH+0x000000010020c000'
Event: 2.780 Thread 0x00000157e2700dc0 Unloading class 0x000000010020bc00 'java/lang/invoke/LambdaForm$MH+0x000000010020bc00'
Event: 2.780 Thread 0x00000157e2700dc0 Unloading class 0x000000010020b800 'java/lang/invoke/LambdaForm$MH+0x000000010020b800'
Event: 2.780 Thread 0x00000157e2700dc0 Unloading class 0x000000010020b000 'java/lang/invoke/LambdaForm$BMH+0x000000010020b000'
Event: 2.780 Thread 0x00000157e2700dc0 Unloading class 0x000000010020ac00 'java/lang/invoke/LambdaForm$DMH+0x000000010020ac00'
Event: 2.780 Thread 0x00000157e2700dc0 Unloading class 0x0000000100208400 'java/lang/invoke/LambdaForm$DMH+0x0000000100208400'

Classes redefined (0 events):
No events

Internal exceptions (20 events):
Event: 0.911 Thread 0x00000157ccdb12e0 Exception <a 'java/lang/NoSuchMethodError'{0x00000000ec3cbab8}: 'void java.lang.invoke.DirectMethodHandle$Holder.invokeSpecial(java.lang.Object, java.lang.Object, java.lang.Object)'> (0x00000000ec3cbab8) 
thrown [s\src\hotspot\share\interpreter\linkResolver.cpp, line 759]
Event: 1.254 Thread 0x00000157ccdb12e0 Exception <a 'java/lang/NoSuchMethodError'{0x00000000eb7de590}: 'java.lang.Object java.lang.invoke.DirectMethodHandle$Holder.newInvokeSpecial(java.lang.Object, int, java.lang.Object)'> (0x00000000eb7de590) 
thrown [s\src\hotspot\share\interpreter\linkResolver.cpp, line 759]
Event: 1.465 Thread 0x00000157ccdb12e0 Exception <a 'java/lang/UnsatisfiedLinkError'{0x00000000ebd657c8}: 'void org.eclipse.equinox.launcher.JNIBridge._update_splash()'> (0x00000000ebd657c8) 
thrown [s\src\hotspot\share\prims\nativeLookup.cpp, line 543]
Event: 1.523 Thread 0x00000157e4e53010 Exception <a 'java/lang/NoSuchMethodError'{0x00000000ec040f80}: 'java.lang.Object java.lang.invoke.DirectMethodHandle$Holder.invokeStaticInit(java.lang.Object)'> (0x00000000ec040f80) 
thrown [s\src\hotspot\share\interpreter\linkResolver.cpp, line 759]
Event: 1.796 Thread 0x00000157e4e53010 Exception <a 'java/io/FileNotFoundException'{0x00000000eb31f988}> (0x00000000eb31f988) 
thrown [s\src\hotspot\share\prims\jni.cpp, line 516]
Event: 1.811 Thread 0x00000157e4e53010 Exception <a 'java/lang/NullPointerException'{0x00000000eb376110}> (0x00000000eb376110) 
thrown [s\src\hotspot\share\interpreter\linkResolver.cpp, line 1350]
Event: 1.811 Thread 0x00000157e4e53010 Exception <a 'java/lang/NullPointerException'{0x00000000eb376938}> (0x00000000eb376938) 
thrown [s\src\hotspot\share\interpreter\linkResolver.cpp, line 1350]
Event: 1.930 Thread 0x00000157e4e53010 Exception <a 'java/lang/NoSuchMethodError'{0x00000000eb763b40}: 'int java.lang.invoke.DirectMethodHandle$Holder.invokeSpecial(java.lang.Object, java.lang.Object, java.lang.Object)'> (0x00000000eb763b40) 
thrown [s\src\hotspot\share\interpreter\linkResolver.cpp, line 759]
Event: 2.080 Thread 0x00000157e4e53010 Exception <a 'java/lang/NoSuchMethodError'{0x00000000ebf28200}: 'void java.lang.invoke.DirectMethodHandle$Holder.invokeInterface(java.lang.Object, java.lang.Object, java.lang.Object)'> (0x00000000ebf28200) 
thrown [s\src\hotspot\share\interpreter\linkResolver.cpp, line 759]
Event: 2.163 Thread 0x00000157e4e53010 Exception <a 'java/lang/NoSuchMethodError'{0x00000000ec238508}: 'java.lang.Object java.lang.invoke.Invokers$Holder.invokeExact_MT(java.lang.Object, java.lang.Object, java.lang.Object, java.lang.Object, java.lang.Object, java.lang.Object)'> (0x00000000ec238508) 
thrown [s\src\hotspot\share\interpreter\linkResolver.cpp, line 759]
Event: 2.188 Thread 0x00000157e4e53010 Exception <a 'java/lang/NoSuchMethodError'{0x00000000ec322b58}: 'java.lang.Object java.lang.invoke.DirectMethodHandle$Holder.invokeStatic(java.lang.Object, java.lang.Object, int)'> (0x00000000ec322b58) 
thrown [s\src\hotspot\share\interpreter\linkResolver.cpp, line 759]
Event: 2.189 Thread 0x00000157e4e53010 Exception <a 'java/lang/NoSuchMethodError'{0x00000000ec327ad8}: 'void java.lang.invoke.DirectMethodHandle$Holder.invokeStatic(java.lang.Object, java.lang.Object, int, java.lang.Object)'> (0x00000000ec327ad8) 
thrown [s\src\hotspot\share\interpreter\linkResolver.cpp, line 759]
Event: 2.189 Thread 0x00000157e4e53010 Exception <a 'java/lang/NoSuchMethodError'{0x00000000ec32f208}: 'void java.lang.invoke.DelegatingMethodHandle$Holder.delegate(java.lang.Object, java.lang.Object, int, java.lang.Object)'> (0x00000000ec32f208) 
thrown [s\src\hotspot\share\interpreter\linkResolver.cpp, line 759]
Event: 2.190 Thread 0x00000157e4e53010 Exception <a 'java/lang/NoSuchMethodError'{0x00000000ec340e00}: 'int java.lang.invoke.DirectMethodHandle$Holder.invokeStatic(java.lang.Object, java.lang.Object, int)'> (0x00000000ec340e00) 
thrown [s\src\hotspot\share\interpreter\linkResolver.cpp, line 759]
Event: 2.190 Thread 0x00000157e4e53010 Exception <a 'java/lang/NoSuchMethodError'{0x00000000ec344e28}: 'int java.lang.invoke.DirectMethodHandle$Holder.invokeSpecial(java.lang.Object, java.lang.Object, java.lang.Object, int)'> (0x00000000ec344e28) 
thrown [s\src\hotspot\share\interpreter\linkResolver.cpp, line 759]
Event: 2.192 Thread 0x00000157e4e53010 Exception <a 'java/lang/NoSuchMethodError'{0x00000000ec3608c8}: 'java.lang.Object java.lang.invoke.DirectMethodHandle$Holder.invokeStatic(java.lang.Object, java.lang.Object, java.lang.Object, java.lang.Object, int)'> (0x00000000ec3608c8) 
thrown [s\src\hotspot\share\interpreter\linkResolver.cpp, line 759]
Event: 2.193 Thread 0x00000157e4e53010 Exception <a 'java/lang/NoSuchMethodError'{0x00000000ec36cba8}: 'java.lang.Object java.lang.invoke.DelegatingMethodHandle$Holder.reinvoke_L(java.lang.Object, java.lang.Object, java.lang.Object, java.lang.Object, int, int)'> (0x00000000ec36cba8) 
thrown [s\src\hotspot\share\interpreter\linkResolver.cpp, line 759]
Event: 2.194 Thread 0x00000157e4e53010 Exception <a 'java/lang/NoSuchMethodError'{0x00000000ec384890}: 'java.lang.Object java.lang.invoke.Invokers$Holder.invokeExact_MT(java.lang.Object, java.lang.Object, java.lang.Object, java.lang.Object)'> (0x00000000ec384890) 
thrown [s\src\hotspot\share\interpreter\linkResolver.cpp, line 759]
Event: 3.859 Thread 0x00000157e4e53010 Exception <a 'java/lang/NoSuchMethodError'{0x00000000eab7bcc8}: 'int java.lang.invoke.DirectMethodHandle$Holder.invokeStaticInit(java.lang.Object, java.lang.Object, java.lang.Object)'> (0x00000000eab7bcc8) 
thrown [s\src\hotspot\share\interpreter\linkResolver.cpp, line 759]
Event: 3.874 Thread 0x00000157e4e53010 Exception <a 'java/lang/IncompatibleClassChangeError'{0x00000000eac14440}: Found class java.lang.Object, but interface was expected> (0x00000000eac14440) 
thrown [s\src\hotspot\share\interpreter\linkResolver.cpp, line 826]

VM Operations (20 events):
Event: 1.638 Executing VM operation: ParallelGCFailedAllocation
Event: 1.645 Executing VM operation: ParallelGCFailedAllocation done
Event: 1.960 Executing VM operation: HandshakeAllThreads
Event: 1.960 Executing VM operation: HandshakeAllThreads done
Event: 1.998 Executing VM operation: HandshakeAllThreads
Event: 1.998 Executing VM operation: HandshakeAllThreads done
Event: 2.045 Executing VM operation: HandshakeAllThreads
Event: 2.045 Executing VM operation: HandshakeAllThreads done
Event: 2.187 Executing VM operation: HandshakeAllThreads
Event: 2.187 Executing VM operation: HandshakeAllThreads done
Event: 2.206 Executing VM operation: ParallelGCFailedAllocation
Event: 2.211 Executing VM operation: ParallelGCFailedAllocation done
Event: 2.481 Executing VM operation: ParallelGCFailedAllocation
Event: 2.494 Executing VM operation: ParallelGCFailedAllocation done
Event: 2.757 Executing VM operation: CollectForMetadataAllocation
Event: 2.828 Executing VM operation: CollectForMetadataAllocation done
Event: 4.850 Executing VM operation: Cleanup
Event: 4.943 Executing VM operation: Cleanup done
Event: 6.958 Executing VM operation: Cleanup
Event: 6.959 Executing VM operation: Cleanup done

Events (20 events):
Event: 2.531 loading class java/nio/file/AccessDeniedException done
Event: 2.537 loading class java/nio/file/NoSuchFileException
Event: 2.537 loading class java/nio/file/NoSuchFileException done
Event: 2.538 loading class java/nio/file/DirectoryNotEmptyException
Event: 2.538 loading class java/nio/file/DirectoryNotEmptyException done
Event: 2.575 loading class java/nio/file/attribute/DosFileAttributeView
Event: 2.576 loading class java/nio/file/attribute/DosFileAttributeView done
Event: 2.576 loading class sun/nio/fs/WindowsFileAttributeViews$Dos
Event: 2.576 loading class sun/nio/fs/WindowsFileAttributeViews$Dos done
Event: 2.587 loading class sun/nio/fs/WindowsUriSupport
Event: 2.587 loading class sun/nio/fs/WindowsUriSupport done
Event: 2.603 loading class org/xml/sax/SAXParseException
Event: 2.603 loading class org/xml/sax/SAXParseException done
Event: 2.680 Thread 0x00000157e4e21fc0 Thread added: 0x00000157e4e21fc0
Event: 2.831 loading class java/util/function/LongUnaryOperator
Event: 2.831 loading class java/util/function/LongUnaryOperator done
Event: 2.837 Thread 0x00000157e4d64a60 Thread added: 0x00000157e4d64a60
Event: 3.854 Thread 0x00000157e4e21fc0 Thread exited: 0x00000157e4e21fc0
Event: 3.854 Thread 0x00000157e4db9290 Thread exited: 0x00000157e4db9290
Event: 6.917 Thread 0x00000157e4aaa020 Thread exited: 0x00000157e4aaa020


Dynamic libraries:
0x00007ff70f870000 - 0x00007ff70f87e000 	c:\Users\User\.antigravity\extensions\redhat.java-1.12.0-win32-x64\jre\17.0.4.1-win32-x86_64\bin\java.exe
0x00007fff80c00000 - 0x00007fff80e67000 	C:\Windows\SYSTEM32\ntdll.dll
0x00007fff7fd80000 - 0x00007fff7fe49000 	C:\Windows\System32\KERNEL32.DLL
0x00007fff7e5a0000 - 0x00007fff7e991000 	C:\Windows\System32\KERNELBASE.dll
0x00007fff7d620000 - 0x00007fff7d76b000 	C:\Windows\System32\ucrtbase.dll
0x00007fff32840000 - 0x00007fff32858000 	c:\Users\User\.antigravity\extensions\redhat.java-1.12.0-win32-x64\jre\17.0.4.1-win32-x86_64\bin\jli.dll
0x00007fff32180000 - 0x00007fff32199000 	c:\Users\User\.antigravity\extensions\redhat.java-1.12.0-win32-x64\jre\17.0.4.1-win32-x86_64\bin\VCRUNTIME140.dll
0x00007fff809f0000 - 0x00007fff80bb5000 	C:\Windows\System32\USER32.dll
0x00007fff7e090000 - 0x00007fff7e0b7000 	C:\Windows\System32\win32u.dll
0x00007fff55d10000 - 0x00007fff55fa3000 	C:\Windows\WinSxS\amd64_microsoft.windows.common-controls_6595b64144ccf1df_6.0.26100.8037_none_3e092faae333b53b\COMCTL32.dll
0x00007fff7f200000 - 0x00007fff7f2a9000 	C:\Windows\System32\msvcrt.dll
0x00007fff7f1d0000 - 0x00007fff7f1fb000 	C:\Windows\System32\GDI32.dll
0x00007fff7e180000 - 0x00007fff7e2ab000 	C:\Windows\System32\gdi32full.dll
0x00007fff7d4e0000 - 0x00007fff7d583000 	C:\Windows\System32\msvcp_win.dll
0x00007fff80960000 - 0x00007fff80991000 	C:\Windows\System32\IMM32.DLL
0x00007fff77a40000 - 0x00007fff77a4c000 	c:\Users\User\.antigravity\extensions\redhat.java-1.12.0-win32-x64\jre\17.0.4.1-win32-x86_64\bin\vcruntime140_1.dll
0x00007ffed71c0000 - 0x00007ffed7251000 	c:\Users\User\.antigravity\extensions\redhat.java-1.12.0-win32-x64\jre\17.0.4.1-win32-x86_64\bin\msvcp140.dll
0x00007ffe79f80000 - 0x00007ffe7abc6000 	c:\Users\User\.antigravity\extensions\redhat.java-1.12.0-win32-x64\jre\17.0.4.1-win32-x86_64\bin\server\jvm.dll
0x00007fff7fe70000 - 0x00007fff7ff2b000 	C:\Windows\System32\ADVAPI32.dll
0x00007fff7f390000 - 0x00007fff7f437000 	C:\Windows\System32\sechost.dll
0x00007fff80250000 - 0x00007fff80368000 	C:\Windows\System32\RPCRT4.dll
0x00007fff7efe0000 - 0x00007fff7efe8000 	C:\Windows\System32\PSAPI.DLL
0x00007fff72680000 - 0x00007fff726b5000 	C:\Windows\SYSTEM32\WINMM.dll
0x00007fff2b530000 - 0x00007fff2b53a000 	C:\Windows\SYSTEM32\WSOCK32.dll
0x00007fff74980000 - 0x00007fff7498b000 	C:\Windows\SYSTEM32\VERSION.dll
0x00007fff80700000 - 0x00007fff80774000 	C:\Windows\System32\WS2_32.dll
0x00007fff7c230000 - 0x00007fff7c24b000 	C:\Windows\SYSTEM32\kernel.appcore.dll
0x00007fff77a00000 - 0x00007fff77a0a000 	c:\Users\User\.antigravity\extensions\redhat.java-1.12.0-win32-x64\jre\17.0.4.1-win32-x86_64\bin\jimage.dll
0x00007fff7b550000 - 0x00007fff7b792000 	C:\Windows\SYSTEM32\DBGHELP.DLL
0x00007fff80370000 - 0x00007fff806f2000 	C:\Windows\System32\combase.dll
0x00007fff7ef00000 - 0x00007fff7efd7000 	C:\Windows\System32\OLEAUT32.dll
0x00007fff57570000 - 0x00007fff575ab000 	C:\Windows\SYSTEM32\dbgcore.DLL
0x00007fff7dfe0000 - 0x00007fff7e085000 	C:\Windows\System32\bcryptPrimitives.dll
0x00007fff6c140000 - 0x00007fff6c14e000 	c:\Users\User\.antigravity\extensions\redhat.java-1.12.0-win32-x64\jre\17.0.4.1-win32-x86_64\bin\instrument.dll
0x00007fff37300000 - 0x00007fff37325000 	c:\Users\User\.antigravity\extensions\redhat.java-1.12.0-win32-x64\jre\17.0.4.1-win32-x86_64\bin\java.dll
0x00007fff39080000 - 0x00007fff39098000 	c:\Users\User\.antigravity\extensions\redhat.java-1.12.0-win32-x64\jre\17.0.4.1-win32-x86_64\bin\zip.dll
0x00007fff7f450000 - 0x00007fff7fbaf000 	C:\Windows\System32\SHELL32.dll
0x00007fff7e2b0000 - 0x00007fff7e41a000 	C:\Windows\System32\wintypes.dll
0x00007fff7d770000 - 0x00007fff7dfd4000 	C:\Windows\System32\windows.storage.dll
0x00007fff7ff30000 - 0x00007fff80027000 	C:\Windows\System32\SHCORE.dll
0x00007fff801e0000 - 0x00007fff80247000 	C:\Windows\System32\shlwapi.dll
0x00007fff7d400000 - 0x00007fff7d429000 	C:\Windows\SYSTEM32\profapi.dll
0x00007fff61170000 - 0x00007fff61189000 	C:\Users\User\.antigravity\extensions\redhat.java-1.12.0-win32-x64\jre\17.0.4.1-win32-x86_64\bin\net.dll
0x00007fff756a0000 - 0x00007fff757c7000 	C:\Windows\SYSTEM32\WINHTTP.dll
0x00007fff7c780000 - 0x00007fff7c7eb000 	C:\Windows\system32\mswsock.dll
0x00007fff394a0000 - 0x00007fff394b5000 	C:\Users\User\.antigravity\extensions\redhat.java-1.12.0-win32-x64\jre\17.0.4.1-win32-x86_64\bin\nio.dll
0x00007fff57840000 - 0x00007fff57850000 	c:\Users\User\.antigravity\extensions\redhat.java-1.12.0-win32-x64\jre\17.0.4.1-win32-x86_64\bin\verify.dll
0x00007fff06510000 - 0x00007fff0654e000 	C:\Users\User\AppData\Roaming\Antigravity\User\globalStorage\redhat.java\1.12.0\config_win\org.eclipse.equinox.launcher\org.eclipse.equinox.launcher.win32.win32.x86_64_1.2.600.v20220720-1916\eclipse_11700.dll
0x00007fff80040000 - 0x00007fff801d5000 	C:\Windows\System32\ole32.dll

dbghelp: loaded successfully - version: 4.0.5 - missing functions: none
symbol engine: initialized successfully - sym options: 0x614 - pdb path: .;c:\Users\User\.antigravity\extensions\redhat.java-1.12.0-win32-x64\jre\17.0.4.1-win32-x86_64\bin;C:\Windows\SYSTEM32;C:\Windows\WinSxS\amd64_microsoft.windows.common-controls_6595b64144ccf1df_6.0.26100.8037_none_3e092faae333b53b;c:\Users\User\.antigravity\extensions\redhat.java-1.12.0-win32-x64\jre\17.0.4.1-win32-x86_64\bin\server;C:\Users\User\AppData\Roaming\Antigravity\User\globalStorage\redhat.java\1.12.0\config_win\org.eclipse.equinox.launcher\org.eclipse.equinox.launcher.win32.win32.x86_64_1.2.600.v20220720-1916

VM Arguments:
jvm_args: --add-modules=ALL-SYSTEM --add-opens=java.base/java.util=ALL-UNNAMED --add-opens=java.base/java.lang=ALL-UNNAMED --add-opens=java.base/sun.nio.fs=ALL-UNNAMED -Declipse.application=org.eclipse.jdt.ls.core.id1 -Dosgi.bundles.defaultStartLevel=4 -Declipse.product=org.eclipse.jdt.ls.core.product -Djava.import.generatesMetadataFilesAtProjectRoot=false -Dfile.encoding=utf8 -XX:+UseParallelGC -XX:GCTimeRatio=4 -XX:AdaptiveSizePolicyWeight=90 -Dsun.zip.disableMemoryMapping=true -Xmx1G -Xms100m -Xlog:disable -javaagent:c:\Users\User\.antigravity\extensions\redhat.java-1.12.0-win32-x64\lombok\lombok-1.18.24.jar -XX:+HeapDumpOnOutOfMemoryError -XX:HeapDumpPath=c:\Users\User\AppData\Roaming\Antigravity\User\workspaceStorage\5024f5001246a4d67fad21ca53f013f3\redhat.java 
java_command: c:\Users\User\.antigravity\extensions\redhat.java-1.12.0-win32-x64\server\plugins\org.eclipse.equinox.launcher_1.6.400.v20210924-0641.jar -configuration c:\Users\User\AppData\Roaming\Antigravity\User\globalStorage\redhat.java\1.12.0\config_win -data c:\Users\User\AppData\Roaming\Antigravity\User\workspaceStorage\5024f5001246a4d67fad21ca53f013f3\redhat.java\jdt_ws
java_class_path (initial): c:\Users\User\.antigravity\extensions\redhat.java-1.12.0-win32-x64\server\plugins\org.eclipse.equinox.launcher_1.6.400.v20210924-0641.jar
Launcher Type: SUN_STANDARD

[Global flags]
    uintx AdaptiveSizePolicyWeight                 = 90                                        {product} {command line}
     intx CICompilerCount                          = 4                                         {product} {ergonomic}
    uintx GCTimeRatio                              = 4                                         {product} {command line}
     bool HeapDumpOnOutOfMemoryError               = true                                   {manageable} {command line}
    ccstr HeapDumpPath                             = c:\Users\User\AppData\Roaming\Antigravity\User\workspaceStorage\5024f5001246a4d67fad21ca53f013f3\redhat.java         {manageable} {command line}
   size_t InitialHeapSize                          = 104857600                                 {product} {command line}
   size_t MaxHeapSize                              = 1073741824                                {product} {command line}
   size_t MaxNewSize                               = 357564416                                 {product} {ergonomic}
   size_t MinHeapDeltaBytes                        = 524288                                    {product} {ergonomic}
   size_t MinHeapSize                              = 104857600                                 {product} {command line}
   size_t NewSize                                  = 34603008                                  {product} {ergonomic}
    uintx NonNMethodCodeHeapSize                   = 5839372                                {pd product} {ergonomic}
    uintx NonProfiledCodeHeapSize                  = 122909434                              {pd product} {ergonomic}
   size_t OldSize                                  = 70254592                                  {product} {ergonomic}
    uintx ProfiledCodeHeapSize                     = 122909434                              {pd product} {ergonomic}
    uintx ReservedCodeCacheSize                    = 251658240                              {pd product} {ergonomic}
     bool SegmentedCodeCache                       = true                                      {product} {ergonomic}
   size_t SoftMaxHeapSize                          = 1073741824                             {manageable} {ergonomic}
     bool UseCompressedClassPointers               = true                           {product lp64_product} {ergonomic}
     bool UseCompressedOops                        = true                           {product lp64_product} {ergonomic}
     bool UseLargePagesIndividualAllocation        = false                                  {pd product} {ergonomic}
     bool UseParallelGC                            = true                                      {product} {command line}

Logging:
Log output configuration:
 #0: stdout all=off uptime,level,tags
 #1: stderr all=off uptime,level,tags

Environment Variables:
PATH=C:\Program Files (x86)\Common Files\Oracle\Java\java8path;C:\Program Files (x86)\Common Files\Oracle\Java\javapath;C:\Python313\Scripts\;C:\Python313\;C:\Windows\system32;C:\Windows;C:\Windows\System32\Wbem;C:\Windows\System32\WindowsPowerShell\v1.0\;C:\Windows\System32\OpenSSH\;C:\Program Files\nodejs\;C:\ProgramData\chocolatey\bin;C:\Program Files\nodejs;C:\Program Files\Microsoft SQL Server\150\Tools\Binn\;C:\Program Files\Microsoft SQL Server\Client SDK\ODBC\170\Tools\Binn\;C:\Program Files\dotnet\;c:\Users\User\AppData\Local\Programs\cursor\resources\app\bin;C:\Program Files\Git\cmd;C:\Program Files\MySQL\MySQL Shell 8.0\bin\;C:\Users\User\.local\bin;C:\Users\User\AppData\Local\Microsoft\WindowsApps;C:\Users\User\AppData\Roaming\npm;C:\Users\User\AppData\Local\Programs\cursor\resources\app\bin;C:\Users\User\.dotnet\tools;C:\Users\User\AppData\Local\Programs\Microsoft VS Code\bin;C:\Users\User\AppData\Local\Microsoft\WinGet\Packages\GitHub.Copilot_Microsoft.Winget.Source_8wekyb3d8bbwe;C:\Users\User\AppData\Local\Programs\Antigravity\bin
USERNAME=User
OS=Windows_NT
PROCESSOR_IDENTIFIER=Intel64 Family 6 Model 140 Stepping 1, GenuineIntel
TMP=C:\Users\User\AppData\Local\Temp
TEMP=C:\Users\User\AppData\Local\Temp



---------------  S Y S T E M  ---------------

OS:
 Windows 11 , 64 bit Build 26100 (10.0.26100.7920)
OS uptime: 2 days 6:20 hours
Hyper-V role detected

CPU: total 8 (initial active 8) (4 cores per cpu, 2 threads per core) family 6 model 140 stepping 1 microcode 0xbc, cx8, cmov, fxsr, ht, mmx, 3dnowpref, sse, sse2, sse3, ssse3, sse4.1, sse4.2, popcnt, lzcnt, tsc, tscinvbit, avx, avx2, aes, erms, clmul, bmi1, bmi2, adx, avx512f, avx512dq, avx512cd, avx512bw, avx512vl, sha, fma, vzeroupper, avx512_vpopcntdq, avx512_vpclmulqdq, avx512_vaes, avx512_vnni, clflush, clflushopt, clwb, avx512_vbmi2, avx512_vbmi, hv

Memory: 4k page, system-wide physical 20160M (581M free)
TotalPageFile size 50578M (AvailPageFile size 16M)
current process WorkingSet (physical memory assigned to process): 128M, peak: 138M
current process commit charge ("private bytes"): 227M, peak: 238M

vm_info: OpenJDK 64-Bit Server VM (17.0.4.1+1) for windows-amd64 JRE (17.0.4.1+1), built on Aug 17 2022 07:42:43 by "temurin" with MS VC++ 16.7 (VS2019)

END.
