#
# There is insufficient memory for the Java Runtime Environment to continue.
# Native memory allocation (malloc) failed to allocate 456384 bytes for Chunk::new
# Possible reasons:
#   The system is out of physical RAM or swap space
#   The process is running with CompressedOops enabled, and the Java Heap may be blocking the growth of the native heap
# Possible solutions:
#   Reduce memory load on the system
#   Increase physical memory or swap space
#   Check if swap backing store is full
#   Decrease Java heap size (-Xmx/-Xms)
#   Decrease number of Java threads
#   Decrease Java thread stack sizes (-Xss)
#   Set larger code cache with -XX:ReservedCodeCacheSize=
#   JVM is running with Unscaled Compressed Oops mode in which the Java heap is
#     placed in the first 4GB address space. The Java Heap base address is the
#     maximum limit for the native heap growth. Please use -XX:HeapBaseMinAddress
#     to set the Java Heap base and to place the Java Heap above 4GB virtual address.
# This output file may be truncated or incomplete.
#
#  Out of Memory Error (arena.cpp:189), pid=9328, tid=32360
#
# JRE version: OpenJDK Runtime Environment Temurin-17.0.4.1+1 (17.0.4.1+1) (build 17.0.4.1+1)
# Java VM: OpenJDK 64-Bit Server VM Temurin-17.0.4.1+1 (17.0.4.1+1, mixed mode, tiered, compressed oops, compressed class ptrs, parallel gc, windows-amd64)
# No core dump will be written. Minidumps are not enabled by default on client versions of Windows
#

---------------  S U M M A R Y ------------

Command Line: --add-modules=ALL-SYSTEM --add-opens=java.base/java.util=ALL-UNNAMED --add-opens=java.base/java.lang=ALL-UNNAMED --add-opens=java.base/sun.nio.fs=ALL-UNNAMED -Declipse.application=org.eclipse.jdt.ls.core.id1 -Dosgi.bundles.defaultStartLevel=4 -Declipse.product=org.eclipse.jdt.ls.core.product -Djava.import.generatesMetadataFilesAtProjectRoot=false -Dfile.encoding=utf8 -XX:+UseParallelGC -XX:GCTimeRatio=4 -XX:AdaptiveSizePolicyWeight=90 -Dsun.zip.disableMemoryMapping=true -Xmx1G -Xms100m -Xlog:disable -javaagent:c:\Users\User\.antigravity\extensions\redhat.java-1.12.0-win32-x64\lombok\lombok-1.18.24.jar -XX:+HeapDumpOnOutOfMemoryError -XX:HeapDumpPath=c:\Users\User\AppData\Roaming\Antigravity\User\workspaceStorage\5024f5001246a4d67fad21ca53f013f3\redhat.java c:\Users\User\.antigravity\extensions\redhat.java-1.12.0-win32-x64\server\plugins\org.eclipse.equinox.launcher_1.6.400.v20210924-0641.jar -configuration c:\Users\User\AppData\Roaming\Antigravity\User\globalStorage\redhat.java\1.12.0\config_win -data c:\Users\User\AppData\Roaming\Antigravity\User\workspaceStorage\5024f5001246a4d67fad21ca53f013f3\redhat.java\jdt_ws

Host: 11th Gen Intel(R) Core(TM) i5-1145G7 @ 2.60GHz, 8 cores, 19G,  Windows 11 , 64 bit Build 26100 (10.0.26100.7920)
Time: Mon Mar 16 08:36:35 2026 W. Central Africa Standard Time elapsed time: 39.939318 seconds (0d 0h 0m 39s)

---------------  T H R E A D  ---------------

Current thread (0x00000266f9da2a50):  JavaThread "C2 CompilerThread0" daemon [_thread_in_native, id=32360, stack(0x000000e2e5100000,0x000000e2e5200000)]


Current CompileTask:
C2:  39939 6214       4       org.eclipse.core.internal.dtree.AbstractDataTreeNode::assembleWith (502 bytes)

Stack: [0x000000e2e5100000,0x000000e2e5200000]
Native frames: (J=compiled Java code, j=interpreted, Vv=VM code, C=native code)
V  [jvm.dll+0x67731a]
V  [jvm.dll+0x832284]
V  [jvm.dll+0x833a2e]
V  [jvm.dll+0x834093]
V  [jvm.dll+0x245775]
V  [jvm.dll+0xabd7b]
V  [jvm.dll+0xac30c]
V  [jvm.dll+0x363a97]
V  [jvm.dll+0x32e011]
V  [jvm.dll+0x32d4ba]
V  [jvm.dll+0x218681]
V  [jvm.dll+0x217aa1]
V  [jvm.dll+0x1a3f8d]
V  [jvm.dll+0x227498]
V  [jvm.dll+0x2255e5]
V  [jvm.dll+0x7e7e9b]
V  [jvm.dll+0x7e240a]
V  [jvm.dll+0x6761a5]
C  [ucrtbase.dll+0x37b0]
C  [KERNEL32.DLL+0x2e8d7]
C  [ntdll.dll+0x8c48c]


---------------  P R O C E S S  ---------------

Threads class SMR info:
_java_thread_list=0x0000026680f57880, length=40, elements={
0x00000266e24635e0, 0x00000266f8235270, 0x00000266f8237040, 0x00000266f9d660d0,
0x00000266f9d8e040, 0x00000266f9d8fc10, 0x00000266f9d93c00, 0x00000266f9da2a50,
0x00000266f9da6280, 0x00000266f9db1360, 0x00000266e2524020, 0x00000266fa0b6670,
0x00000266fb448200, 0x00000266fc097210, 0x00000266fc2ff5e0, 0x00000266fc275fe0,
0x00000266fc4defc0, 0x00000266fc4dd2e0, 0x00000266fc4dc940, 0x00000266fc4de620,
0x00000266fc4ddc80, 0x00000266fc4df490, 0x00000266fc4dd7b0, 0x00000266fc4de150,
0x00000266fc4deaf0, 0x00000266fc4dfe30, 0x00000266fcea3c80, 0x00000266fcea67d0,
0x00000266fcea4150, 0x00000266fcea4af0, 0x00000266fcea32e0, 0x00000266fcea4fc0,
0x00000266fcea5490, 0x00000266fcea2e10, 0x00000266fcea37b0, 0x00000266fcea6ca0,
0x00000266fcea7170, 0x00000266fcea7640, 0x00000266fc0240e0, 0x0000026680e17940
}

Java Threads: ( => current thread )
  0x00000266e24635e0 JavaThread "main" [_thread_blocked, id=36460, stack(0x000000e2e4800000,0x000000e2e4900000)]
  0x00000266f8235270 JavaThread "Reference Handler" daemon [_thread_blocked, id=3544, stack(0x000000e2e4b00000,0x000000e2e4c00000)]
  0x00000266f8237040 JavaThread "Finalizer" daemon [_thread_blocked, id=33536, stack(0x000000e2e4c00000,0x000000e2e4d00000)]
  0x00000266f9d660d0 JavaThread "Signal Dispatcher" daemon [_thread_blocked, id=24500, stack(0x000000e2e4d00000,0x000000e2e4e00000)]
  0x00000266f9d8e040 JavaThread "Attach Listener" daemon [_thread_blocked, id=12772, stack(0x000000e2e4e00000,0x000000e2e4f00000)]
  0x00000266f9d8fc10 JavaThread "Service Thread" daemon [_thread_blocked, id=22424, stack(0x000000e2e4f00000,0x000000e2e5000000)]
  0x00000266f9d93c00 JavaThread "Monitor Deflation Thread" daemon [_thread_blocked, id=37348, stack(0x000000e2e5000000,0x000000e2e5100000)]
=>0x00000266f9da2a50 JavaThread "C2 CompilerThread0" daemon [_thread_in_native, id=32360, stack(0x000000e2e5100000,0x000000e2e5200000)]
  0x00000266f9da6280 JavaThread "C1 CompilerThread0" daemon [_thread_blocked, id=30236, stack(0x000000e2e5200000,0x000000e2e5300000)]
  0x00000266f9db1360 JavaThread "Sweeper thread" daemon [_thread_blocked, id=38820, stack(0x000000e2e5300000,0x000000e2e5400000)]
  0x00000266e2524020 JavaThread "Common-Cleaner" daemon [_thread_blocked, id=33424, stack(0x000000e2e5400000,0x000000e2e5500000)]
  0x00000266fa0b6670 JavaThread "Notification Thread" daemon [_thread_blocked, id=25136, stack(0x000000e2e5600000,0x000000e2e5700000)]
  0x00000266fb448200 JavaThread "Active Thread: Equinox Container: 968c7061-bbf0-4f6a-804f-557d3ed086c7" [_thread_blocked, id=41144, stack(0x000000e2e5e00000,0x000000e2e5f00000)]
  0x00000266fc097210 JavaThread "Framework Event Dispatcher: Equinox Container: 968c7061-bbf0-4f6a-804f-557d3ed086c7" daemon [_thread_blocked, id=27376, stack(0x000000e2e5f00000,0x000000e2e6000000)]
  0x00000266fc2ff5e0 JavaThread "Start Level: Equinox Container: 968c7061-bbf0-4f6a-804f-557d3ed086c7" daemon [_thread_blocked, id=38320, stack(0x000000e2e6000000,0x000000e2e6100000)]
  0x00000266fc275fe0 JavaThread "SCR Component Actor" daemon [_thread_blocked, id=30012, stack(0x000000e2e6100000,0x000000e2e6200000)]
  0x00000266fc4defc0 JavaThread "Worker-JM" [_thread_blocked, id=35420, stack(0x000000e2e5800000,0x000000e2e5900000)]
  0x00000266fc4dd2e0 JavaThread "Worker-0" [_thread_blocked, id=39272, stack(0x000000e2e6600000,0x000000e2e6700000)]
  0x00000266fc4dc940 JavaThread "Worker-1" [_thread_blocked, id=40744, stack(0x000000e2e5500000,0x000000e2e5600000)]
  0x00000266fc4de620 JavaThread "Worker-2" [_thread_blocked, id=40580, stack(0x000000e2e6700000,0x000000e2e6800000)]
  0x00000266fc4ddc80 JavaThread "Java indexing" daemon [_thread_blocked, id=40788, stack(0x000000e2e6800000,0x000000e2e6900000)]
  0x00000266fc4df490 JavaThread "Worker-3" [_thread_blocked, id=26548, stack(0x000000e2e6900000,0x000000e2e6a00000)]
  0x00000266fc4dd7b0 JavaThread "JNA Cleaner" daemon [_thread_blocked, id=11420, stack(0x000000e2e6b00000,0x000000e2e6c00000)]
  0x00000266fc4de150 JavaThread "pool-2-thread-1" [_thread_blocked, id=27328, stack(0x000000e2e6f00000,0x000000e2e7000000)]
  0x00000266fc4deaf0 JavaThread "pool-1-thread-1" [_thread_in_native, id=9584, stack(0x000000e2e7000000,0x000000e2e7100000)]
  0x00000266fc4dfe30 JavaThread "Timer-0" [_thread_blocked, id=38064, stack(0x000000e2e7100000,0x000000e2e7200000)]
  0x00000266fcea3c80 JavaThread "Timer-1" [_thread_blocked, id=39284, stack(0x000000e2e7200000,0x000000e2e7300000)]
  0x00000266fcea67d0 JavaThread "Timer-2" [_thread_blocked, id=37632, stack(0x000000e2e6a00000,0x000000e2e6b00000)]
  0x00000266fcea4150 JavaThread "Timer-3" [_thread_blocked, id=41068, stack(0x000000e2e7300000,0x000000e2e7400000)]
  0x00000266fcea4af0 JavaThread "Exec process" [_thread_blocked, id=24156, stack(0x000000e2e6400000,0x000000e2e6500000)]
  0x00000266fcea32e0 JavaThread "Exec process Thread 2" [_thread_blocked, id=23756, stack(0x000000e2e6500000,0x000000e2e6600000)]
  0x00000266fcea4fc0 JavaThread "Exec process Thread 3" [_thread_blocked, id=31456, stack(0x000000e2e7500000,0x000000e2e7600000)]
  0x00000266fcea5490 JavaThread "Timer-4" [_thread_blocked, id=34288, stack(0x000000e2e7400000,0x000000e2e7500000)]
  0x00000266fcea2e10 JavaThread "Worker-4: Initialize workspace" [_thread_in_native, id=41080, stack(0x000000e2e7600000,0x000000e2e7700000)]
  0x00000266fcea37b0 JavaThread "ForkJoinPool.commonPool-worker-1" daemon [_thread_blocked, id=2496, stack(0x000000e2e7800000,0x000000e2e7900000)]
  0x00000266fcea6ca0 JavaThread "Timer-5" [_thread_blocked, id=39204, stack(0x000000e2e7900000,0x000000e2e7a00000)]
  0x00000266fcea7170 JavaThread "Compiler Source File Reader" daemon [_thread_blocked, id=26584, stack(0x000000e2e7a00000,0x000000e2e7b00000)]
  0x00000266fcea7640 JavaThread "Compiler Source File Reader" daemon [_thread_blocked, id=26244, stack(0x000000e2e7b00000,0x000000e2e7c00000)]
  0x00000266fc0240e0 JavaThread "C2 CompilerThread1" daemon [_thread_blocked, id=26028, stack(0x000000e2e4500000,0x000000e2e4600000)]
  0x0000026680e17940 JavaThread "C2 CompilerThread2" daemon [_thread_in_native, id=22740, stack(0x000000e2e7700000,0x000000e2e7800000)]

Other Threads:
  0x00000266f9d50c20 VMThread "VM Thread" [stack: 0x000000e2e4a00000,0x000000e2e4b00000] [id=32604]
  0x00000266fa0b2070 WatcherThread [stack: 0x000000e2e5700000,0x000000e2e5800000] [id=39216]
  0x00000266e2478570 GCTaskThread "GC Thread#0" [stack: 0x000000e2e4900000,0x000000e2e4a00000] [id=33848]
  0x00000266fb3d1c40 GCTaskThread "GC Thread#1" [stack: 0x000000e2e5900000,0x000000e2e5a00000] [id=39128]
  0x00000266fb3f87a0 GCTaskThread "GC Thread#2" [stack: 0x000000e2e5a00000,0x000000e2e5b00000] [id=40704]
  0x00000266fb3f8a50 GCTaskThread "GC Thread#3" [stack: 0x000000e2e5b00000,0x000000e2e5c00000] [id=24588]
  0x00000266fb3f0020 GCTaskThread "GC Thread#4" [stack: 0x000000e2e5c00000,0x000000e2e5d00000] [id=35292]
  0x00000266fb3f8d00 GCTaskThread "GC Thread#5" [stack: 0x000000e2e5d00000,0x000000e2e5e00000] [id=29716]
  0x00000266fae13d30 GCTaskThread "GC Thread#6" [stack: 0x000000e2e6200000,0x000000e2e6300000] [id=32004]
  0x00000266fc137630 GCTaskThread "GC Thread#7" [stack: 0x000000e2e6300000,0x000000e2e6400000] [id=41148]

Threads with active compile tasks:
C2 CompilerThread0    39969 6214       4       org.eclipse.core.internal.dtree.AbstractDataTreeNode::assembleWith (502 bytes)
C2 CompilerThread2    39969 6265       4       org.eclipse.core.internal.resources.WorkspaceRoot::getProject (88 bytes)

VM state: not at safepoint (normal execution)

VM Mutex/Monitor currently owned by a thread: None

OutOfMemory and StackOverflow Exception counts:
OutOfMemoryError java_heap_errors=1
LinkageErrors=62

Heap address: 0x00000000c0000000, size: 1024 MB, Compressed Oops mode: 32-bit

CDS archive(s) not mapped
Compressed class space mapped at: 0x0000000100000000-0x0000000140000000, reserved size: 1073741824
Narrow klass base: 0x0000000000000000, Narrow klass shift: 3, Narrow klass range: 0x140000000

GC Precious Log:
 CPUs: 8 total, 8 available
 Memory: 20160M
 Large Page Support: Disabled
 NUMA Support: Disabled
 Compressed Oops: Enabled (32-bit)
 Alignments: Space 512K, Generation 512K, Heap 2M
 Heap Min Capacity: 100M
 Heap Initial Capacity: 100M
 Heap Max Capacity: 1G
 Pre-touch: Disabled
 Parallel Workers: 8

Heap:
 PSYoungGen      total 22528K, used 6999K [0x00000000eab00000, 0x00000000ec600000, 0x0000000100000000)
  eden space 22016K, 29% used [0x00000000eab00000,0x00000000eb155e50,0x00000000ec080000)
  from space 512K, 100% used [0x00000000ec580000,0x00000000ec600000,0x00000000ec600000)
  to   space 2560K, 0% used [0x00000000ec100000,0x00000000ec100000,0x00000000ec380000)
 ParOldGen       total 68608K, used 52399K [0x00000000c0000000, 0x00000000c4300000, 0x00000000eab00000)
  object space 68608K, 76% used [0x00000000c0000000,0x00000000c332bce0,0x00000000c4300000)
 Metaspace       used 56887K, committed 57728K, reserved 1105920K
  class space    used 6536K, committed 6912K, reserved 1048576K

Card table byte_map: [0x00000266f5ad0000,0x00000266f5ce0000] _byte_map_base: 0x00000266f54d0000

Marking Bits: (ParMarkBitMap*) 0x00007ff977282cc0
 Begin Bits: [0x00000266f5e40000, 0x00000266f6e40000)
 End Bits:   [0x00000266f6e40000, 0x00000266f7e40000)

Polling page: 0x00000266e2200000

Metaspace:

Usage:
  Non-class:     49.17 MB used.
      Class:      6.38 MB used.
       Both:     55.55 MB used.

Virtual space:
  Non-class space:       56.00 MB reserved,      49.62 MB ( 89%) committed,  7 nodes.
      Class space:        1.00 GB reserved,       6.75 MB ( <1%) committed,  1 nodes.
             Both:        1.05 GB reserved,      56.38 MB (  5%) committed. 

Chunk freelists:
   Non-Class:  2.27 MB
       Class:  1.25 MB
        Both:  3.52 MB

MaxMetaspaceSize: unlimited
CompressedClassSpaceSize: 1.00 GB
Initial GC threshold: 21.00 MB
Current GC threshold: 58.38 MB
CDS: off
MetaspaceReclaimPolicy: balanced
 - commit_granule_bytes: 65536.
 - commit_granule_words: 8192.
 - virtual_space_node_default_size: 1048576.
 - enlarge_chunks_in_place: 1.
 - new_chunks_are_fully_committed: 0.
 - uncommit_free_chunks: 1.
 - use_allocation_guard: 0.
 - handle_deallocations: 1.


Internal statistics:

num_allocs_failed_limit: 6.
num_arena_births: 410.
num_arena_deaths: 14.
num_vsnodes_births: 8.
num_vsnodes_deaths: 0.
num_space_committed: 902.
num_space_uncommitted: 0.
num_chunks_returned_to_freelist: 20.
num_chunks_taken_from_freelist: 2537.
num_chunk_merges: 10.
num_chunk_splits: 1632.
num_chunks_enlarged: 1016.
num_purges: 2.
num_inconsistent_stats: 0.

CodeHeap 'non-profiled nmethods': size=120000Kb used=3650Kb max_used=3650Kb free=116349Kb
 bounds [0x00000266ee3c0000, 0x00000266ee760000, 0x00000266f58f0000]
CodeHeap 'profiled nmethods': size=120000Kb used=10732Kb max_used=10732Kb free=109267Kb
 bounds [0x00000266e6e90000, 0x00000266e7910000, 0x00000266ee3c0000]
CodeHeap 'non-nmethods': size=5760Kb used=1304Kb max_used=1379Kb free=4455Kb
 bounds [0x00000266e68f0000, 0x00000266e6b60000, 0x00000266e6e90000]
 total_blobs=6020 nmethods=5399 adapters=534
 compilation: enabled
              stopped_count=0, restarted_count=0
 full_count=0

Compilation events (20 events):
Event: 37.908 Thread 0x00000266f9da6280 nmethod 6260 0x00000266e7907410 code [0x00000266e79075c0, 0x00000266e7907968]
Event: 37.908 Thread 0x0000026680e17940 nmethod 6237 0x00000266ee74f090 code [0x00000266ee74f200, 0x00000266ee74f278]
Event: 37.908 Thread 0x0000026680e17940 6245       4       org.eclipse.core.internal.events.ResourceDelta::isPhantom (36 bytes)
Event: 37.908 Thread 0x00000266f9da6280 6262  s    3       org.eclipse.core.internal.watson.ElementTree::getElementData (60 bytes)
Event: 37.908 Thread 0x00000266fc0240e0 nmethod 6233 0x00000266ee74f390 code [0x00000266ee74f500, 0x00000266ee74f578]
Event: 37.908 Thread 0x00000266fc0240e0 6246       4       org.eclipse.core.internal.events.ResourceDelta::isTeamPrivate (36 bytes)
Event: 37.909 Thread 0x00000266f9da6280 nmethod 6262 0x00000266e7907a90 code [0x00000266e7907cc0, 0x00000266e7908578]
Event: 37.909 Thread 0x00000266f9da6280 6263       3       org.eclipse.core.internal.preferences.EclipsePreferences::nodeExists (128 bytes)
Event: 37.910 Thread 0x0000026680e17940 nmethod 6245 0x00000266ee74f690 code [0x00000266ee74f800, 0x00000266ee74f8d8]
Event: 37.910 Thread 0x00000266fc0240e0 nmethod 6246 0x00000266ee74f990 code [0x00000266ee74fb00, 0x00000266ee74fbd8]
Event: 37.910 Thread 0x0000026680e17940 6265       4       org.eclipse.core.internal.resources.WorkspaceRoot::getProject (88 bytes)
Event: 37.910 Thread 0x00000266fc0240e0 6247       4       org.eclipse.core.internal.events.ResourceDelta::isHidden (38 bytes)
Event: 37.911 Thread 0x00000266fc0240e0 nmethod 6247 0x00000266ee74fc90 code [0x00000266ee74fe00, 0x00000266ee74fed8]
Event: 37.911 Thread 0x00000266f9da6280 nmethod 6263 0x00000266e7908890 code [0x00000266e7908ca0, 0x00000266e790abb8]
Event: 37.911 Thread 0x00000266f9da6280 6264       1       org.eclipse.core.internal.content.ContentTypeMatcher::getContext (5 bytes)
Event: 37.912 Thread 0x00000266f9da6280 nmethod 6264 0x00000266ee74ff90 code [0x00000266ee750120, 0x00000266ee7501f8]
Event: 37.912 Thread 0x00000266f9da6280 6266       1       org.eclipse.core.runtime.preferences.InstanceScope::getLocation (2 bytes)
Event: 37.912 Thread 0x00000266f9da6280 nmethod 6266 0x00000266ee750290 code [0x00000266ee750420, 0x00000266ee7504f8]
Event: 37.912 Thread 0x00000266f9da6280 6261       1       org.eclipse.core.internal.resources.Workspace::getMarkerManager (5 bytes)
Event: 37.912 Thread 0x00000266f9da6280 nmethod 6261 0x00000266ee750590 code [0x00000266ee750720, 0x00000266ee7507f8]

GC Heap History (20 events):
Event: 15.109 GC heap before
{Heap before GC invocations=21 (full 2):
 PSYoungGen      total 22528K, used 22432K [0x00000000eab00000, 0x00000000ec680000, 0x0000000100000000)
  eden space 22016K, 100% used [0x00000000eab00000,0x00000000ec080000,0x00000000ec080000)
  from space 512K, 81% used [0x00000000ec600000,0x00000000ec668000,0x00000000ec680000)
  to   space 512K, 0% used [0x00000000ec580000,0x00000000ec580000,0x00000000ec600000)
 ParOldGen       total 68608K, used 33967K [0x00000000c0000000, 0x00000000c4300000, 0x00000000eab00000)
  object space 68608K, 49% used [0x00000000c0000000,0x00000000c212bc00,0x00000000c4300000)
 Metaspace       used 46215K, committed 47040K, reserved 1097728K
  class space    used 4989K, committed 5376K, reserved 1048576K
}
Event: 15.110 GC heap after
{Heap after GC invocations=21 (full 2):
 PSYoungGen      total 22528K, used 512K [0x00000000eab00000, 0x00000000ec680000, 0x0000000100000000)
  eden space 22016K, 0% used [0x00000000eab00000,0x00000000eab00000,0x00000000ec080000)
  from space 512K, 100% used [0x00000000ec580000,0x00000000ec600000,0x00000000ec600000)
  to   space 512K, 0% used [0x00000000ec600000,0x00000000ec600000,0x00000000ec680000)
 ParOldGen       total 68608K, used 35007K [0x00000000c0000000, 0x00000000c4300000, 0x00000000eab00000)
  object space 68608K, 51% used [0x00000000c0000000,0x00000000c222fc00,0x00000000c4300000)
 Metaspace       used 46215K, committed 47040K, reserved 1097728K
  class space    used 4989K, committed 5376K, reserved 1048576K
}
Event: 15.685 GC heap before
{Heap before GC invocations=22 (full 2):
 PSYoungGen      total 22528K, used 22508K [0x00000000eab00000, 0x00000000ec680000, 0x0000000100000000)
  eden space 22016K, 99% used [0x00000000eab00000,0x00000000ec07b070,0x00000000ec080000)
  from space 512K, 100% used [0x00000000ec580000,0x00000000ec600000,0x00000000ec600000)
  to   space 512K, 0% used [0x00000000ec600000,0x00000000ec600000,0x00000000ec680000)
 ParOldGen       total 68608K, used 35007K [0x00000000c0000000, 0x00000000c4300000, 0x00000000eab00000)
  object space 68608K, 51% used [0x00000000c0000000,0x00000000c222fc00,0x00000000c4300000)
 Metaspace       used 47581K, committed 48448K, reserved 1097728K
  class space    used 5205K, committed 5632K, reserved 1048576K
}
Event: 15.687 GC heap after
{Heap after GC invocations=22 (full 2):
 PSYoungGen      total 22528K, used 496K [0x00000000eab00000, 0x00000000ec680000, 0x0000000100000000)
  eden space 22016K, 0% used [0x00000000eab00000,0x00000000eab00000,0x00000000ec080000)
  from space 512K, 96% used [0x00000000ec600000,0x00000000ec67c0b8,0x00000000ec680000)
  to   space 3072K, 0% used [0x00000000ec080000,0x00000000ec080000,0x00000000ec380000)
 ParOldGen       total 68608K, used 37136K [0x00000000c0000000, 0x00000000c4300000, 0x00000000eab00000)
  object space 68608K, 54% used [0x00000000c0000000,0x00000000c2444318,0x00000000c4300000)
 Metaspace       used 47581K, committed 48448K, reserved 1097728K
  class space    used 5205K, committed 5632K, reserved 1048576K
}
Event: 16.190 GC heap before
{Heap before GC invocations=23 (full 2):
 PSYoungGen      total 22528K, used 22512K [0x00000000eab00000, 0x00000000ec680000, 0x0000000100000000)
  eden space 22016K, 100% used [0x00000000eab00000,0x00000000ec080000,0x00000000ec080000)
  from space 512K, 96% used [0x00000000ec600000,0x00000000ec67c0b8,0x00000000ec680000)
  to   space 3072K, 0% used [0x00000000ec080000,0x00000000ec080000,0x00000000ec380000)
 ParOldGen       total 68608K, used 37136K [0x00000000c0000000, 0x00000000c4300000, 0x00000000eab00000)
  object space 68608K, 54% used [0x00000000c0000000,0x00000000c2444318,0x00000000c4300000)
 Metaspace       used 49018K, committed 49856K, reserved 1097728K
  class space    used 5468K, committed 5888K, reserved 1048576K
}
Event: 16.192 GC heap after
{Heap after GC invocations=23 (full 2):
 PSYoungGen      total 25088K, used 3045K [0x00000000eab00000, 0x00000000ec780000, 0x0000000100000000)
  eden space 22016K, 0% used [0x00000000eab00000,0x00000000eab00000,0x00000000ec080000)
  from space 3072K, 99% used [0x00000000ec080000,0x00000000ec379450,0x00000000ec380000)
  to   space 3584K, 0% used [0x00000000ec400000,0x00000000ec400000,0x00000000ec780000)
 ParOldGen       total 68608K, used 41308K [0x00000000c0000000, 0x00000000c4300000, 0x00000000eab00000)
  object space 68608K, 60% used [0x00000000c0000000,0x00000000c2857388,0x00000000c4300000)
 Metaspace       used 49018K, committed 49856K, reserved 1097728K
  class space    used 5468K, committed 5888K, reserved 1048576K
}
Event: 16.719 GC heap before
{Heap before GC invocations=24 (full 2):
 PSYoungGen      total 25088K, used 25061K [0x00000000eab00000, 0x00000000ec780000, 0x0000000100000000)
  eden space 22016K, 100% used [0x00000000eab00000,0x00000000ec080000,0x00000000ec080000)
  from space 3072K, 99% used [0x00000000ec080000,0x00000000ec379450,0x00000000ec380000)
  to   space 3584K, 0% used [0x00000000ec400000,0x00000000ec400000,0x00000000ec780000)
 ParOldGen       total 68608K, used 41308K [0x00000000c0000000, 0x00000000c4300000, 0x00000000eab00000)
  object space 68608K, 60% used [0x00000000c0000000,0x00000000c2857388,0x00000000c4300000)
 Metaspace       used 49583K, committed 50432K, reserved 1097728K
  class space    used 5539K, committed 5952K, reserved 1048576K
}
Event: 16.720 GC heap after
{Heap after GC invocations=24 (full 2):
 PSYoungGen      total 23040K, used 672K [0x00000000eab00000, 0x00000000ec500000, 0x0000000100000000)
  eden space 22016K, 0% used [0x00000000eab00000,0x00000000eab00000,0x00000000ec080000)
  from space 1024K, 65% used [0x00000000ec400000,0x00000000ec4a8000,0x00000000ec500000)
  to   space 2048K, 0% used [0x00000000ec100000,0x00000000ec100000,0x00000000ec300000)
 ParOldGen       total 68608K, used 44202K [0x00000000c0000000, 0x00000000c4300000, 0x00000000eab00000)
  object space 68608K, 64% used [0x00000000c0000000,0x00000000c2b2a8a8,0x00000000c4300000)
 Metaspace       used 49583K, committed 50432K, reserved 1097728K
  class space    used 5539K, committed 5952K, reserved 1048576K
}
Event: 17.097 GC heap before
{Heap before GC invocations=25 (full 2):
 PSYoungGen      total 23040K, used 22688K [0x00000000eab00000, 0x00000000ec500000, 0x0000000100000000)
  eden space 22016K, 100% used [0x00000000eab00000,0x00000000ec080000,0x00000000ec080000)
  from space 1024K, 65% used [0x00000000ec400000,0x00000000ec4a8000,0x00000000ec500000)
  to   space 2048K, 0% used [0x00000000ec100000,0x00000000ec100000,0x00000000ec300000)
 ParOldGen       total 68608K, used 44202K [0x00000000c0000000, 0x00000000c4300000, 0x00000000eab00000)
  object space 68608K, 64% used [0x00000000c0000000,0x00000000c2b2a8a8,0x00000000c4300000)
 Metaspace       used 49915K, committed 50752K, reserved 1097728K
  class space    used 5615K, committed 6016K, reserved 1048576K
}
Event: 17.099 GC heap after
{Heap after GC invocations=25 (full 2):
 PSYoungGen      total 24064K, used 2043K [0x00000000eab00000, 0x00000000ecb80000, 0x0000000100000000)
  eden space 22016K, 0% used [0x00000000eab00000,0x00000000eab00000,0x00000000ec080000)
  from space 2048K, 99% used [0x00000000ec100000,0x00000000ec2fee68,0x00000000ec300000)
  to   space 5632K, 0% used [0x00000000ec600000,0x00000000ec600000,0x00000000ecb80000)
 ParOldGen       total 68608K, used 46802K [0x00000000c0000000, 0x00000000c4300000, 0x00000000eab00000)
  object space 68608K, 68% used [0x00000000c0000000,0x00000000c2db4af0,0x00000000c4300000)
 Metaspace       used 49915K, committed 50752K, reserved 1097728K
  class space    used 5615K, committed 6016K, reserved 1048576K
}
Event: 17.390 GC heap before
{Heap before GC invocations=26 (full 2):
 PSYoungGen      total 24064K, used 24059K [0x00000000eab00000, 0x00000000ecb80000, 0x0000000100000000)
  eden space 22016K, 100% used [0x00000000eab00000,0x00000000ec080000,0x00000000ec080000)
  from space 2048K, 99% used [0x00000000ec100000,0x00000000ec2fee68,0x00000000ec300000)
  to   space 5632K, 0% used [0x00000000ec600000,0x00000000ec600000,0x00000000ecb80000)
 ParOldGen       total 68608K, used 46802K [0x00000000c0000000, 0x00000000c4300000, 0x00000000eab00000)
  object space 68608K, 68% used [0x00000000c0000000,0x00000000c2db4af0,0x00000000c4300000)
 Metaspace       used 52315K, committed 53184K, reserved 1097728K
  class space    used 6018K, committed 6400K, reserved 1048576K
}
Event: 17.392 GC heap after
{Heap after GC invocations=26 (full 2):
 PSYoungGen      total 23040K, used 841K [0x00000000eab00000, 0x00000000ec700000, 0x0000000100000000)
  eden space 22016K, 0% used [0x00000000eab00000,0x00000000eab00000,0x00000000ec080000)
  from space 1024K, 82% used [0x00000000ec600000,0x00000000ec6d2500,0x00000000ec700000)
  to   space 2560K, 0% used [0x00000000ec200000,0x00000000ec200000,0x00000000ec480000)
 ParOldGen       total 68608K, used 48852K [0x00000000c0000000, 0x00000000c4300000, 0x00000000eab00000)
  object space 68608K, 71% used [0x00000000c0000000,0x00000000c2fb5190,0x00000000c4300000)
 Metaspace       used 52315K, committed 53184K, reserved 1097728K
  class space    used 6018K, committed 6400K, reserved 1048576K
}
Event: 19.947 GC heap before
{Heap before GC invocations=27 (full 2):
 PSYoungGen      total 23040K, used 22857K [0x00000000eab00000, 0x00000000ec700000, 0x0000000100000000)
  eden space 22016K, 100% used [0x00000000eab00000,0x00000000ec080000,0x00000000ec080000)
  from space 1024K, 82% used [0x00000000ec600000,0x00000000ec6d2500,0x00000000ec700000)
  to   space 2560K, 0% used [0x00000000ec200000,0x00000000ec200000,0x00000000ec480000)
 ParOldGen       total 68608K, used 48852K [0x00000000c0000000, 0x00000000c4300000, 0x00000000eab00000)
  object space 68608K, 71% used [0x00000000c0000000,0x00000000c2fb5190,0x00000000c4300000)
 Metaspace       used 53910K, committed 54784K, reserved 1097728K
  class space    used 6247K, committed 6656K, reserved 1048576K
}
Event: 19.949 GC heap after
{Heap after GC invocations=27 (full 2):
 PSYoungGen      total 24576K, used 448K [0x00000000eab00000, 0x00000000ec680000, 0x0000000100000000)
  eden space 22016K, 0% used [0x00000000eab00000,0x00000000eab00000,0x00000000ec080000)
  from space 2560K, 17% used [0x00000000ec200000,0x00000000ec270000,0x00000000ec480000)
  to   space 1024K, 0% used [0x00000000ec580000,0x00000000ec580000,0x00000000ec680000)
 ParOldGen       total 68608K, used 49500K [0x00000000c0000000, 0x00000000c4300000, 0x00000000eab00000)
  object space 68608K, 72% used [0x00000000c0000000,0x00000000c30571e0,0x00000000c4300000)
 Metaspace       used 53910K, committed 54784K, reserved 1097728K
  class space    used 6247K, committed 6656K, reserved 1048576K
}
Event: 20.580 GC heap before
{Heap before GC invocations=28 (full 2):
 PSYoungGen      total 24576K, used 22464K [0x00000000eab00000, 0x00000000ec680000, 0x0000000100000000)
  eden space 22016K, 100% used [0x00000000eab00000,0x00000000ec080000,0x00000000ec080000)
  from space 2560K, 17% used [0x00000000ec200000,0x00000000ec270000,0x00000000ec480000)
  to   space 1024K, 0% used [0x00000000ec580000,0x00000000ec580000,0x00000000ec680000)
 ParOldGen       total 68608K, used 49500K [0x00000000c0000000, 0x00000000c4300000, 0x00000000eab00000)
  object space 68608K, 72% used [0x00000000c0000000,0x00000000c30571e0,0x00000000c4300000)
 Metaspace       used 54140K, committed 55040K, reserved 1097728K
  class space    used 6267K, committed 6656K, reserved 1048576K
}
Event: 20.581 GC heap after
{Heap after GC invocations=28 (full 2):
 PSYoungGen      total 23040K, used 544K [0x00000000eab00000, 0x00000000ec680000, 0x0000000100000000)
  eden space 22016K, 0% used [0x00000000eab00000,0x00000000eab00000,0x00000000ec080000)
  from space 1024K, 53% used [0x00000000ec580000,0x00000000ec608000,0x00000000ec680000)
  to   space 1024K, 0% used [0x00000000ec480000,0x00000000ec480000,0x00000000ec580000)
 ParOldGen       total 68608K, used 49843K [0x00000000c0000000, 0x00000000c4300000, 0x00000000eab00000)
  object space 68608K, 72% used [0x00000000c0000000,0x00000000c30ace10,0x00000000c4300000)
 Metaspace       used 54140K, committed 55040K, reserved 1097728K
  class space    used 6267K, committed 6656K, reserved 1048576K
}
Event: 21.107 GC heap before
{Heap before GC invocations=29 (full 2):
 PSYoungGen      total 23040K, used 22560K [0x00000000eab00000, 0x00000000ec680000, 0x0000000100000000)
  eden space 22016K, 100% used [0x00000000eab00000,0x00000000ec080000,0x00000000ec080000)
  from space 1024K, 53% used [0x00000000ec580000,0x00000000ec608000,0x00000000ec680000)
  to   space 1024K, 0% used [0x00000000ec480000,0x00000000ec480000,0x00000000ec580000)
 ParOldGen       total 68608K, used 49843K [0x00000000c0000000, 0x00000000c4300000, 0x00000000eab00000)
  object space 68608K, 72% used [0x00000000c0000000,0x00000000c30ace10,0x00000000c4300000)
 Metaspace       used 56443K, committed 57280K, reserved 1105920K
  class space    used 6497K, committed 6912K, reserved 1048576K
}
Event: 21.109 GC heap after
{Heap after GC invocations=29 (full 2):
 PSYoungGen      total 23040K, used 998K [0x00000000eab00000, 0x00000000ec600000, 0x0000000100000000)
  eden space 22016K, 0% used [0x00000000eab00000,0x00000000eab00000,0x00000000ec080000)
  from space 1024K, 97% used [0x00000000ec480000,0x00000000ec579ab0,0x00000000ec580000)
  to   space 512K, 0% used [0x00000000ec580000,0x00000000ec580000,0x00000000ec600000)
 ParOldGen       total 68608K, used 50796K [0x00000000c0000000, 0x00000000c4300000, 0x00000000eab00000)
  object space 68608K, 74% used [0x00000000c0000000,0x00000000c319b248,0x00000000c4300000)
 Metaspace       used 56443K, committed 57280K, reserved 1105920K
  class space    used 6497K, committed 6912K, reserved 1048576K
}
Event: 36.716 GC heap before
{Heap before GC invocations=30 (full 2):
 PSYoungGen      total 23040K, used 23014K [0x00000000eab00000, 0x00000000ec600000, 0x0000000100000000)
  eden space 22016K, 100% used [0x00000000eab00000,0x00000000ec080000,0x00000000ec080000)
  from space 1024K, 97% used [0x00000000ec480000,0x00000000ec579ab0,0x00000000ec580000)
  to   space 512K, 0% used [0x00000000ec580000,0x00000000ec580000,0x00000000ec600000)
 ParOldGen       total 68608K, used 50796K [0x00000000c0000000, 0x00000000c4300000, 0x00000000eab00000)
  object space 68608K, 74% used [0x00000000c0000000,0x00000000c319b248,0x00000000c4300000)
 Metaspace       used 56601K, committed 57472K, reserved 1105920K
  class space    used 6505K, committed 6912K, reserved 1048576K
}
Event: 36.717 GC heap after
{Heap after GC invocations=30 (full 2):
 PSYoungGen      total 22528K, used 512K [0x00000000eab00000, 0x00000000ec600000, 0x0000000100000000)
  eden space 22016K, 0% used [0x00000000eab00000,0x00000000eab00000,0x00000000ec080000)
  from space 512K, 100% used [0x00000000ec580000,0x00000000ec600000,0x00000000ec600000)
  to   space 2560K, 0% used [0x00000000ec100000,0x00000000ec100000,0x00000000ec380000)
 ParOldGen       total 68608K, used 52399K [0x00000000c0000000, 0x00000000c4300000, 0x00000000eab00000)
  object space 68608K, 76% used [0x00000000c0000000,0x00000000c332bce0,0x00000000c4300000)
 Metaspace       used 56601K, committed 57472K, reserved 1105920K
  class space    used 6505K, committed 6912K, reserved 1048576K
}

Deoptimization events (20 events):
Event: 36.516 Thread 0x00000266fcea37b0 Uncommon trap: trap_request=0xffffffc6 fr.pc=0x00000266ee724cd8 relative=0x0000000000001558
Event: 36.516 Thread 0x00000266fcea37b0 Uncommon trap: reason=bimorphic_or_optimized_type_check action=maybe_recompile pc=0x00000266ee724cd8 method=org.eclipse.core.internal.dtree.AbstractDataTreeNode.assembleWith([Lorg/eclipse/core/internal/dtree/AbstractDataTreeNode;[Lorg/eclipse/core/interna
Event: 36.516 Thread 0x00000266fcea37b0 DEOPT PACKING pc=0x00000266ee724cd8 sp=0x000000e2e78fd290
Event: 36.516 Thread 0x00000266fcea37b0 DEOPT UNPACKING pc=0x00000266e6945923 sp=0x000000e2e78fd260 mode 2
Event: 37.893 Thread 0x00000266fcea37b0 Uncommon trap: trap_request=0xffffffde fr.pc=0x00000266ee3f0efc relative=0x000000000000035c
Event: 37.893 Thread 0x00000266fcea37b0 Uncommon trap: reason=class_check action=maybe_recompile pc=0x00000266ee3f0efc method=org.eclipse.core.internal.resources.MarkerSet.elements()[Lorg/eclipse/core/internal/resources/IMarkerSetElement; @ 42 c2
Event: 37.893 Thread 0x00000266fcea37b0 DEOPT PACKING pc=0x00000266ee3f0efc sp=0x000000e2e78fe630
Event: 37.893 Thread 0x00000266fcea37b0 DEOPT UNPACKING pc=0x00000266e6945923 sp=0x000000e2e78fe5b0 mode 2
Event: 37.899 Thread 0x00000266fcea7640 Uncommon trap: trap_request=0xffffff45 fr.pc=0x00000266ee728fb4 relative=0x0000000000000c94
Event: 37.899 Thread 0x00000266fcea7640 Uncommon trap: reason=unstable_if action=reinterpret pc=0x00000266ee728fb4 method=org.eclipse.core.internal.watson.ElementTree.getElementData(Lorg/eclipse/core/runtime/IPath;)Ljava/lang/Object; @ 17 c2
Event: 37.899 Thread 0x00000266fcea7640 DEOPT PACKING pc=0x00000266ee728fb4 sp=0x000000e2e7bff2a0
Event: 37.899 Thread 0x00000266fcea7640 DEOPT UNPACKING pc=0x00000266e6945923 sp=0x000000e2e7bff218 mode 2
Event: 37.902 Thread 0x00000266fcea7170 Uncommon trap: trap_request=0xffffff45 fr.pc=0x00000266ee641954 relative=0x0000000000000234
Event: 37.902 Thread 0x00000266fcea7170 Uncommon trap: reason=unstable_if action=reinterpret pc=0x00000266ee641954 method=org.eclipse.core.internal.watson.ElementTree.getElementData(Lorg/eclipse/core/runtime/IPath;)Ljava/lang/Object; @ 25 c2
Event: 37.902 Thread 0x00000266fcea7170 DEOPT PACKING pc=0x00000266ee641954 sp=0x000000e2e7aff3c0
Event: 37.902 Thread 0x00000266fcea7170 DEOPT UNPACKING pc=0x00000266e6945923 sp=0x000000e2e7aff370 mode 2
Event: 37.902 Thread 0x00000266fcea37b0 Uncommon trap: trap_request=0xffffff45 fr.pc=0x00000266ee641954 relative=0x0000000000000234
Event: 37.902 Thread 0x00000266fcea37b0 Uncommon trap: reason=unstable_if action=reinterpret pc=0x00000266ee641954 method=org.eclipse.core.internal.watson.ElementTree.getElementData(Lorg/eclipse/core/runtime/IPath;)Ljava/lang/Object; @ 25 c2
Event: 37.902 Thread 0x00000266fcea37b0 DEOPT PACKING pc=0x00000266ee641954 sp=0x000000e2e78fe1f0
Event: 37.902 Thread 0x00000266fcea37b0 DEOPT UNPACKING pc=0x00000266e6945923 sp=0x000000e2e78fe1a0 mode 2

Classes unloaded (7 events):
Event: 3.881 Thread 0x00000266f9d50c20 Unloading class 0x000000010020c400 'java/lang/invoke/LambdaForm$MH+0x000000010020c400'
Event: 3.881 Thread 0x00000266f9d50c20 Unloading class 0x000000010020c000 'java/lang/invoke/LambdaForm$MH+0x000000010020c000'
Event: 3.881 Thread 0x00000266f9d50c20 Unloading class 0x000000010020bc00 'java/lang/invoke/LambdaForm$MH+0x000000010020bc00'
Event: 3.881 Thread 0x00000266f9d50c20 Unloading class 0x000000010020b800 'java/lang/invoke/LambdaForm$MH+0x000000010020b800'
Event: 3.881 Thread 0x00000266f9d50c20 Unloading class 0x000000010020b000 'java/lang/invoke/LambdaForm$BMH+0x000000010020b000'
Event: 3.881 Thread 0x00000266f9d50c20 Unloading class 0x000000010020ac00 'java/lang/invoke/LambdaForm$DMH+0x000000010020ac00'
Event: 3.881 Thread 0x00000266f9d50c20 Unloading class 0x0000000100208400 'java/lang/invoke/LambdaForm$DMH+0x0000000100208400'

Classes redefined (0 events):
No events

Internal exceptions (20 events):
Event: 36.810 Thread 0x00000266fcea37b0 Exception <a 'sun/nio/fs/WindowsException'{0x00000000ead51ea8}> (0x00000000ead51ea8) 
thrown [s\src\hotspot\share\prims\jni.cpp, line 516]
Event: 36.813 Thread 0x00000266fcea37b0 Exception <a 'sun/nio/fs/WindowsException'{0x00000000ead639e0}> (0x00000000ead639e0) 
thrown [s\src\hotspot\share\prims\jni.cpp, line 516]
Event: 36.816 Thread 0x00000266fcea37b0 Exception <a 'sun/nio/fs/WindowsException'{0x00000000ead72088}> (0x00000000ead72088) 
thrown [s\src\hotspot\share\prims\jni.cpp, line 516]
Event: 36.819 Thread 0x00000266fcea37b0 Exception <a 'sun/nio/fs/WindowsException'{0x00000000ead80630}> (0x00000000ead80630) 
thrown [s\src\hotspot\share\prims\jni.cpp, line 516]
Event: 36.821 Thread 0x00000266fcea37b0 Exception <a 'sun/nio/fs/WindowsException'{0x00000000ead97a10}> (0x00000000ead97a10) 
thrown [s\src\hotspot\share\prims\jni.cpp, line 516]
Event: 36.824 Thread 0x00000266fcea37b0 Exception <a 'sun/nio/fs/WindowsException'{0x00000000eada72d8}> (0x00000000eada72d8) 
thrown [s\src\hotspot\share\prims\jni.cpp, line 516]
Event: 36.827 Thread 0x00000266fcea37b0 Exception <a 'sun/nio/fs/WindowsException'{0x00000000eadb52a0}> (0x00000000eadb52a0) 
thrown [s\src\hotspot\share\prims\jni.cpp, line 516]
Event: 36.830 Thread 0x00000266fcea37b0 Exception <a 'sun/nio/fs/WindowsException'{0x00000000eadc7618}> (0x00000000eadc7618) 
thrown [s\src\hotspot\share\prims\jni.cpp, line 516]
Event: 36.835 Thread 0x00000266fcea37b0 Exception <a 'sun/nio/fs/WindowsException'{0x00000000eadd5a20}> (0x00000000eadd5a20) 
thrown [s\src\hotspot\share\prims\jni.cpp, line 516]
Event: 36.839 Thread 0x00000266fcea37b0 Exception <a 'sun/nio/fs/WindowsException'{0x00000000eade3d90}> (0x00000000eade3d90) 
thrown [s\src\hotspot\share\prims\jni.cpp, line 516]
Event: 36.844 Thread 0x00000266fcea37b0 Exception <a 'sun/nio/fs/WindowsException'{0x00000000eadf3470}> (0x00000000eadf3470) 
thrown [s\src\hotspot\share\prims\jni.cpp, line 516]
Event: 36.848 Thread 0x00000266fcea37b0 Exception <a 'sun/nio/fs/WindowsException'{0x00000000eadffcd0}> (0x00000000eadffcd0) 
thrown [s\src\hotspot\share\prims\jni.cpp, line 516]
Event: 36.852 Thread 0x00000266fcea37b0 Exception <a 'sun/nio/fs/WindowsException'{0x00000000eae13d40}> (0x00000000eae13d40) 
thrown [s\src\hotspot\share\prims\jni.cpp, line 516]
Event: 36.854 Thread 0x00000266fcea37b0 Exception <a 'sun/nio/fs/WindowsException'{0x00000000eae1ffb8}> (0x00000000eae1ffb8) 
thrown [s\src\hotspot\share\prims\jni.cpp, line 516]
Event: 36.857 Thread 0x00000266fcea37b0 Exception <a 'sun/nio/fs/WindowsException'{0x00000000eae2b6b0}> (0x00000000eae2b6b0) 
thrown [s\src\hotspot\share\prims\jni.cpp, line 516]
Event: 36.860 Thread 0x00000266fcea37b0 Exception <a 'sun/nio/fs/WindowsException'{0x00000000eae37d68}> (0x00000000eae37d68) 
thrown [s\src\hotspot\share\prims\jni.cpp, line 516]
Event: 36.863 Thread 0x00000266fcea37b0 Exception <a 'sun/nio/fs/WindowsException'{0x00000000eae48d28}> (0x00000000eae48d28) 
thrown [s\src\hotspot\share\prims\jni.cpp, line 516]
Event: 36.867 Thread 0x00000266fcea37b0 Exception <a 'sun/nio/fs/WindowsException'{0x00000000eae548a8}> (0x00000000eae548a8) 
thrown [s\src\hotspot\share\prims\jni.cpp, line 516]
Event: 37.888 Thread 0x00000266fcea37b0 Exception <a 'java/lang/OutOfMemoryError'{0x00000000eae87a48}: unable to create native thread: possibly out of memory or process/resource limits reached> (0x00000000eae87a48) 
thrown [s\src\hotspot\share\prims\jvm.cpp, line 2923]
Event: 37.899 Thread 0x00000266fcea7640 Implicit null exception at 0x00000266ee7287f3 to 0x00000266ee728f9c

VM Operations (20 events):
Event: 29.179 Executing VM operation: Cleanup
Event: 29.180 Executing VM operation: Cleanup done
Event: 30.182 Executing VM operation: Cleanup
Event: 30.182 Executing VM operation: Cleanup done
Event: 33.206 Executing VM operation: Cleanup
Event: 33.206 Executing VM operation: Cleanup done
Event: 35.152 Executing VM operation: HandshakeAllThreads
Event: 35.152 Executing VM operation: HandshakeAllThreads done
Event: 35.152 Executing VM operation: Cleanup
Event: 35.152 Executing VM operation: Cleanup done
Event: 36.156 Executing VM operation: Cleanup
Event: 36.156 Executing VM operation: Cleanup done
Event: 36.483 Executing VM operation: HandshakeAllThreads
Event: 36.483 Executing VM operation: HandshakeAllThreads done
Event: 36.715 Executing VM operation: ParallelGCFailedAllocation
Event: 36.717 Executing VM operation: ParallelGCFailedAllocation done
Event: 37.731 Executing VM operation: Cleanup
Event: 37.888 Executing VM operation: Cleanup done
Event: 38.888 Executing VM operation: Cleanup
Event: 38.888 Executing VM operation: Cleanup done

Events (20 events):
Event: 36.454 Thread 0x00000266fc0240e0 Thread added: 0x00000266fc0240e0
Event: 36.455 Thread 0x0000026680e17940 Thread added: 0x0000026680e17940
Event: 36.875 Thread 0x00000266fcea7170 Thread added: 0x00000266fcea7170
Event: 36.875 Thread 0x00000266fcea7640 Thread added: 0x00000266fcea7640
Event: 37.888 Thread 0x0000026680e17940 Thread exited: 0x0000026680e17940
Event: 37.888 Thread 0x00000266fc0240e0 Thread exited: 0x00000266fc0240e0
Event: 37.893 loading class java/io/DataOutputStream
Event: 37.893 loading class java/io/DataOutputStream done
Event: 37.896 loading class sun/nio/cs/ThreadLocalCoders
Event: 37.897 loading class sun/nio/cs/ThreadLocalCoders done
Event: 37.897 loading class sun/nio/cs/ThreadLocalCoders$1
Event: 37.897 loading class sun/nio/cs/ThreadLocalCoders$Cache
Event: 37.897 loading class sun/nio/cs/ThreadLocalCoders$Cache done
Event: 37.897 loading class sun/nio/cs/ThreadLocalCoders$1 done
Event: 37.897 loading class sun/nio/cs/ThreadLocalCoders$2
Event: 37.897 loading class sun/nio/cs/ThreadLocalCoders$2 done
Event: 37.900 Thread 0x00000266fc0240e0 Thread added: 0x00000266fc0240e0
Event: 37.900 Thread 0x0000026680e17940 Thread added: 0x0000026680e17940
Event: 37.902 loading class java/util/concurrent/CompletionException
Event: 37.902 loading class java/util/concurrent/CompletionException done


Dynamic libraries:
0x00007ff7ec9f0000 - 0x00007ff7ec9fe000 	c:\Users\User\.antigravity\extensions\redhat.java-1.12.0-win32-x64\jre\17.0.4.1-win32-x86_64\bin\java.exe
0x00007ffa72600000 - 0x00007ffa72867000 	C:\Windows\SYSTEM32\ntdll.dll
0x00007ffa71020000 - 0x00007ffa710e9000 	C:\Windows\System32\KERNEL32.DLL
0x00007ffa6f2e0000 - 0x00007ffa6f6d1000 	C:\Windows\System32\KERNELBASE.dll
0x00007ffa6f190000 - 0x00007ffa6f2db000 	C:\Windows\System32\ucrtbase.dll
0x00007ff9e8720000 - 0x00007ff9e8738000 	c:\Users\User\.antigravity\extensions\redhat.java-1.12.0-win32-x64\jre\17.0.4.1-win32-x86_64\bin\jli.dll
0x00007ff9debc0000 - 0x00007ff9debd9000 	c:\Users\User\.antigravity\extensions\redhat.java-1.12.0-win32-x64\jre\17.0.4.1-win32-x86_64\bin\VCRUNTIME140.dll
0x00007ffa70cd0000 - 0x00007ffa70e95000 	C:\Windows\System32\USER32.dll
0x00007ffa6efa0000 - 0x00007ffa6efc7000 	C:\Windows\System32\win32u.dll
0x00007ffa71240000 - 0x00007ffa7126b000 	C:\Windows\System32\GDI32.dll
0x00007ffa6efd0000 - 0x00007ffa6f0fb000 	C:\Windows\System32\gdi32full.dll
0x00007ffa4a680000 - 0x00007ffa4a913000 	C:\Windows\WinSxS\amd64_microsoft.windows.common-controls_6595b64144ccf1df_6.0.26100.8037_none_3e092faae333b53b\COMCTL32.dll
0x00007ffa6f790000 - 0x00007ffa6f833000 	C:\Windows\System32\msvcp_win.dll
0x00007ffa71f50000 - 0x00007ffa71ff9000 	C:\Windows\System32\msvcrt.dll
0x00007ffa71f10000 - 0x00007ffa71f41000 	C:\Windows\System32\IMM32.DLL
0x00007ffa660e0000 - 0x00007ffa660ec000 	c:\Users\User\.antigravity\extensions\redhat.java-1.12.0-win32-x64\jre\17.0.4.1-win32-x86_64\bin\vcruntime140_1.dll
0x00007ff9bc380000 - 0x00007ff9bc411000 	c:\Users\User\.antigravity\extensions\redhat.java-1.12.0-win32-x64\jre\17.0.4.1-win32-x86_64\bin\msvcp140.dll
0x00007ff976700000 - 0x00007ff977346000 	c:\Users\User\.antigravity\extensions\redhat.java-1.12.0-win32-x64\jre\17.0.4.1-win32-x86_64\bin\server\jvm.dll
0x00007ffa72000000 - 0x00007ffa720bb000 	C:\Windows\System32\ADVAPI32.dll
0x00007ffa703a0000 - 0x00007ffa70447000 	C:\Windows\System32\sechost.dll
0x00007ffa71120000 - 0x00007ffa71238000 	C:\Windows\System32\RPCRT4.dll
0x00007ffa71110000 - 0x00007ffa71118000 	C:\Windows\System32\PSAPI.DLL
0x00007ffa5e140000 - 0x00007ffa5e14b000 	C:\Windows\SYSTEM32\VERSION.dll
0x00007ffa699f0000 - 0x00007ffa699fa000 	C:\Windows\SYSTEM32\WSOCK32.dll
0x00007ffa63c70000 - 0x00007ffa63ca5000 	C:\Windows\SYSTEM32\WINMM.dll
0x00007ffa704e0000 - 0x00007ffa70554000 	C:\Windows\System32\WS2_32.dll
0x00007ffa6dc30000 - 0x00007ffa6dc4b000 	C:\Windows\SYSTEM32\kernel.appcore.dll
0x00007ffa55620000 - 0x00007ffa5562a000 	c:\Users\User\.antigravity\extensions\redhat.java-1.12.0-win32-x64\jre\17.0.4.1-win32-x86_64\bin\jimage.dll
0x00007ffa6cdb0000 - 0x00007ffa6cff2000 	C:\Windows\SYSTEM32\DBGHELP.DLL
0x00007ffa71450000 - 0x00007ffa717d2000 	C:\Windows\System32\combase.dll
0x00007ffa71270000 - 0x00007ffa71347000 	C:\Windows\System32\OLEAUT32.dll
0x00007ffa47f20000 - 0x00007ffa47f5b000 	C:\Windows\SYSTEM32\dbgcore.DLL
0x00007ffa6f6e0000 - 0x00007ffa6f785000 	C:\Windows\System32\bcryptPrimitives.dll
0x00007ffa54be0000 - 0x00007ffa54bee000 	c:\Users\User\.antigravity\extensions\redhat.java-1.12.0-win32-x64\jre\17.0.4.1-win32-x86_64\bin\instrument.dll
0x00007ff9d74d0000 - 0x00007ff9d74f5000 	c:\Users\User\.antigravity\extensions\redhat.java-1.12.0-win32-x64\jre\17.0.4.1-win32-x86_64\bin\java.dll
0x00007ff9deba0000 - 0x00007ff9debb8000 	c:\Users\User\.antigravity\extensions\redhat.java-1.12.0-win32-x64\jre\17.0.4.1-win32-x86_64\bin\zip.dll
0x00007ffa70560000 - 0x00007ffa70cbf000 	C:\Windows\System32\SHELL32.dll
0x00007ffa6f840000 - 0x00007ffa6f9aa000 	C:\Windows\System32\wintypes.dll
0x00007ffa6f9b0000 - 0x00007ffa70214000 	C:\Windows\System32\windows.storage.dll
0x00007ffa71980000 - 0x00007ffa71a77000 	C:\Windows\System32\SHCORE.dll
0x00007ffa72140000 - 0x00007ffa721a7000 	C:\Windows\System32\shlwapi.dll
0x00007ffa6ee00000 - 0x00007ffa6ee29000 	C:\Windows\SYSTEM32\profapi.dll
0x00007ff9de970000 - 0x00007ff9de989000 	C:\Users\User\.antigravity\extensions\redhat.java-1.12.0-win32-x64\jre\17.0.4.1-win32-x86_64\bin\net.dll
0x00007ffa65e60000 - 0x00007ffa65f87000 	C:\Windows\SYSTEM32\WINHTTP.dll
0x00007ffa6e180000 - 0x00007ffa6e1eb000 	C:\Windows\system32\mswsock.dll
0x00007ffa25d70000 - 0x00007ffa25d85000 	C:\Users\User\.antigravity\extensions\redhat.java-1.12.0-win32-x64\jre\17.0.4.1-win32-x86_64\bin\nio.dll
0x00007ffa53e00000 - 0x00007ffa53e10000 	c:\Users\User\.antigravity\extensions\redhat.java-1.12.0-win32-x64\jre\17.0.4.1-win32-x86_64\bin\verify.dll
0x00007ff9e86e0000 - 0x00007ff9e871e000 	C:\Users\User\AppData\Roaming\Antigravity\User\globalStorage\redhat.java\1.12.0\config_win\org.eclipse.equinox.launcher\org.eclipse.equinox.launcher.win32.win32.x86_64_1.2.600.v20220720-1916\eclipse_11700.dll
0x00007ffa717e0000 - 0x00007ffa71975000 	C:\Windows\System32\ole32.dll
0x00007ffa6e580000 - 0x00007ffa6e59b000 	C:\Windows\SYSTEM32\CRYPTSP.dll
0x00007ffa6db90000 - 0x00007ffa6dbc9000 	C:\Windows\system32\rsaenh.dll
0x00007ffa6e230000 - 0x00007ffa6e262000 	C:\Windows\SYSTEM32\USERENV.dll
0x00007ffa6edd0000 - 0x00007ffa6edfa000 	C:\Windows\SYSTEM32\bcrypt.dll
0x00007ffa6e3e0000 - 0x00007ffa6e3ec000 	C:\Windows\SYSTEM32\CRYPTBASE.dll
0x00007ffa6d6b0000 - 0x00007ffa6d6e3000 	C:\Windows\SYSTEM32\IPHLPAPI.DLL
0x00007ffa70f80000 - 0x00007ffa70f8a000 	C:\Windows\System32\NSI.dll
0x00007ffa67370000 - 0x00007ffa6738d000 	C:\Windows\SYSTEM32\dhcpcsvc6.DLL
0x00007ffa67340000 - 0x00007ffa67363000 	C:\Windows\SYSTEM32\dhcpcsvc.DLL
0x00007ffa6d710000 - 0x00007ffa6d83a000 	C:\Windows\SYSTEM32\DNSAPI.dll
0x00007ff9e8230000 - 0x00007ff9e8270000 	C:\Users\User\AppData\Local\Temp\jna-2645995\jna1204833194893671220.dll
0x00007ff9ead70000 - 0x00007ff9ead97000 	C:\Users\User\.gradle\native\68d5fa5c4cc2d200863cafc0d521ce42e7d3e7ee720ec0a83991735586a16f82\windows-amd64\native-platform.dll
0x00007ffa43650000 - 0x00007ffa43659000 	C:\Users\User\.antigravity\extensions\redhat.java-1.12.0-win32-x64\jre\17.0.4.1-win32-x86_64\bin\management.dll
0x00007ffa43640000 - 0x00007ffa4364b000 	C:\Users\User\.antigravity\extensions\redhat.java-1.12.0-win32-x64\jre\17.0.4.1-win32-x86_64\bin\management_ext.dll

dbghelp: loaded successfully - version: 4.0.5 - missing functions: none
symbol engine: initialized successfully - sym options: 0x614 - pdb path: .;c:\Users\User\.antigravity\extensions\redhat.java-1.12.0-win32-x64\jre\17.0.4.1-win32-x86_64\bin;C:\Windows\SYSTEM32;C:\Windows\WinSxS\amd64_microsoft.windows.common-controls_6595b64144ccf1df_6.0.26100.8037_none_3e092faae333b53b;c:\Users\User\.antigravity\extensions\redhat.java-1.12.0-win32-x64\jre\17.0.4.1-win32-x86_64\bin\server;C:\Users\User\AppData\Roaming\Antigravity\User\globalStorage\redhat.java\1.12.0\config_win\org.eclipse.equinox.launcher\org.eclipse.equinox.launcher.win32.win32.x86_64_1.2.600.v20220720-1916;C:\Users\User\AppData\Local\Temp\jna-2645995;C:\Users\User\.gradle\native\68d5fa5c4cc2d200863cafc0d521ce42e7d3e7ee720ec0a83991735586a16f82\windows-amd64

VM Arguments:
jvm_args: --add-modules=ALL-SYSTEM --add-opens=java.base/java.util=ALL-UNNAMED --add-opens=java.base/java.lang=ALL-UNNAMED --add-opens=java.base/sun.nio.fs=ALL-UNNAMED -Declipse.application=org.eclipse.jdt.ls.core.id1 -Dosgi.bundles.defaultStartLevel=4 -Declipse.product=org.eclipse.jdt.ls.core.product -Djava.import.generatesMetadataFilesAtProjectRoot=false -Dfile.encoding=utf8 -XX:+UseParallelGC -XX:GCTimeRatio=4 -XX:AdaptiveSizePolicyWeight=90 -Dsun.zip.disableMemoryMapping=true -Xmx1G -Xms100m -Xlog:disable -javaagent:c:\Users\User\.antigravity\extensions\redhat.java-1.12.0-win32-x64\lombok\lombok-1.18.24.jar -XX:+HeapDumpOnOutOfMemoryError -XX:HeapDumpPath=c:\Users\User\AppData\Roaming\Antigravity\User\workspaceStorage\5024f5001246a4d67fad21ca53f013f3\redhat.java 
java_command: c:\Users\User\.antigravity\extensions\redhat.java-1.12.0-win32-x64\server\plugins\org.eclipse.equinox.launcher_1.6.400.v20210924-0641.jar -configuration c:\Users\User\AppData\Roaming\Antigravity\User\globalStorage\redhat.java\1.12.0\config_win -data c:\Users\User\AppData\Roaming\Antigravity\User\workspaceStorage\5024f5001246a4d67fad21ca53f013f3\redhat.java\jdt_ws
java_class_path (initial): c:\Users\User\.antigravity\extensions\redhat.java-1.12.0-win32-x64\server\plugins\org.eclipse.equinox.launcher_1.6.400.v20210924-0641.jar
Launcher Type: SUN_STANDARD

[Global flags]
    uintx AdaptiveSizePolicyWeight                 = 90                                        {product} {command line}
     intx CICompilerCount                          = 4                                         {product} {ergonomic}
    uintx GCTimeRatio                              = 4                                         {product} {command line}
     bool HeapDumpOnOutOfMemoryError               = true                                   {manageable} {command line}
    ccstr HeapDumpPath                             = c:\Users\User\AppData\Roaming\Antigravity\User\workspaceStorage\5024f5001246a4d67fad21ca53f013f3\redhat.java         {manageable} {command line}
   size_t InitialHeapSize                          = 104857600                                 {product} {command line}
   size_t MaxHeapSize                              = 1073741824                                {product} {command line}
   size_t MaxNewSize                               = 357564416                                 {product} {ergonomic}
   size_t MinHeapDeltaBytes                        = 524288                                    {product} {ergonomic}
   size_t MinHeapSize                              = 104857600                                 {product} {command line}
   size_t NewSize                                  = 34603008                                  {product} {ergonomic}
    uintx NonNMethodCodeHeapSize                   = 5839372                                {pd product} {ergonomic}
    uintx NonProfiledCodeHeapSize                  = 122909434                              {pd product} {ergonomic}
   size_t OldSize                                  = 70254592                                  {product} {ergonomic}
    uintx ProfiledCodeHeapSize                     = 122909434                              {pd product} {ergonomic}
    uintx ReservedCodeCacheSize                    = 251658240                              {pd product} {ergonomic}
     bool SegmentedCodeCache                       = true                                      {product} {ergonomic}
   size_t SoftMaxHeapSize                          = 1073741824                             {manageable} {ergonomic}
     bool UseCompressedClassPointers               = true                           {product lp64_product} {ergonomic}
     bool UseCompressedOops                        = true                           {product lp64_product} {ergonomic}
     bool UseLargePagesIndividualAllocation        = false                                  {pd product} {ergonomic}
     bool UseParallelGC                            = true                                      {product} {command line}

Logging:
Log output configuration:
 #0: stdout all=off uptime,level,tags
 #1: stderr all=off uptime,level,tags

Environment Variables:
PATH=C:\Program Files (x86)\Common Files\Oracle\Java\java8path;C:\Program Files (x86)\Common Files\Oracle\Java\javapath;C:\Python313\Scripts\;C:\Python313\;C:\Windows\system32;C:\Windows;C:\Windows\System32\Wbem;C:\Windows\System32\WindowsPowerShell\v1.0\;C:\Windows\System32\OpenSSH\;C:\Program Files\nodejs\;C:\ProgramData\chocolatey\bin;C:\Program Files\nodejs;C:\Program Files\Microsoft SQL Server\150\Tools\Binn\;C:\Program Files\Microsoft SQL Server\Client SDK\ODBC\170\Tools\Binn\;C:\Program Files\dotnet\;c:\Users\User\AppData\Local\Programs\cursor\resources\app\bin;C:\Program Files\Git\cmd;C:\Program Files\MySQL\MySQL Shell 8.0\bin\;C:\Users\User\.local\bin;C:\Users\User\AppData\Local\Microsoft\WindowsApps;C:\Users\User\AppData\Roaming\npm;C:\Users\User\AppData\Local\Programs\cursor\resources\app\bin;C:\Users\User\.dotnet\tools;C:\Users\User\AppData\Local\Programs\Microsoft VS Code\bin;C:\Users\User\AppData\Local\Microsoft\WinGet\Packages\GitHub.Copilot_Microsoft.Winget.Source_8wekyb3d8bbwe;C:\Users\User\AppData\Local\Programs\Antigravity\bin
USERNAME=User
OS=Windows_NT
PROCESSOR_IDENTIFIER=Intel64 Family 6 Model 140 Stepping 1, GenuineIntel
TMP=C:\Users\User\AppData\Local\Temp
TEMP=C:\Users\User\AppData\Local\Temp



---------------  S Y S T E M  ---------------

OS:
 Windows 11 , 64 bit Build 26100 (10.0.26100.7920)
OS uptime: 1 days 17:10 hours
Hyper-V role detected

CPU: total 8 (initial active 8) (4 cores per cpu, 2 threads per core) family 6 model 140 stepping 1 microcode 0xbc, cx8, cmov, fxsr, ht, mmx, 3dnowpref, sse, sse2, sse3, ssse3, sse4.1, sse4.2, popcnt, lzcnt, tsc, tscinvbit, avx, avx2, aes, erms, clmul, bmi1, bmi2, adx, avx512f, avx512dq, avx512cd, avx512bw, avx512vl, sha, fma, vzeroupper, avx512_vpopcntdq, avx512_vpclmulqdq, avx512_vaes, avx512_vnni, clflush, clflushopt, clwb, avx512_vbmi2, avx512_vbmi, hv

Memory: 4k page, system-wide physical 20160M (619M free)
TotalPageFile size 50578M (AvailPageFile size 2M)
current process WorkingSet (physical memory assigned to process): 242M, peak: 255M
current process commit charge ("private bytes"): 301M, peak: 316M

vm_info: OpenJDK 64-Bit Server VM (17.0.4.1+1) for windows-amd64 JRE (17.0.4.1+1), built on Aug 17 2022 07:42:43 by "temurin" with MS VC++ 16.7 (VS2019)

END.
