#
# There is insufficient memory for the Java Runtime Environment to continue.
# Native memory allocation (malloc) failed to allocate 1218736 bytes for Chunk::new
# Possible reasons:
#   The system is out of physical RAM or swap space
#   The process is running with CompressedOops enabled, and the Java Heap may be blocking the growth of the native heap
# Possible solutions:
#   Reduce memory load on the system
#   Increase physical memory or swap space
#   Check if swap backing store is full
#   Decrease Java heap size (-Xmx/-Xms)
#   Decrease number of Java threads
#   Decrease Java thread stack sizes (-Xss)
#   Set larger code cache with -XX:ReservedCodeCacheSize=
#   JVM is running with Unscaled Compressed Oops mode in which the Java heap is
#     placed in the first 4GB address space. The Java Heap base address is the
#     maximum limit for the native heap growth. Please use -XX:HeapBaseMinAddress
#     to set the Java Heap base and to place the Java Heap above 4GB virtual address.
# This output file may be truncated or incomplete.
#
#  Out of Memory Error (arena.cpp:189), pid=31132, tid=26740
#
# JRE version: OpenJDK Runtime Environment Temurin-17.0.4.1+1 (17.0.4.1+1) (build 17.0.4.1+1)
# Java VM: OpenJDK 64-Bit Server VM Temurin-17.0.4.1+1 (17.0.4.1+1, mixed mode, tiered, compressed oops, compressed class ptrs, parallel gc, windows-amd64)
# No core dump will be written. Minidumps are not enabled by default on client versions of Windows
#

---------------  S U M M A R Y ------------

Command Line: --add-modules=ALL-SYSTEM --add-opens=java.base/java.util=ALL-UNNAMED --add-opens=java.base/java.lang=ALL-UNNAMED --add-opens=java.base/sun.nio.fs=ALL-UNNAMED -Declipse.application=org.eclipse.jdt.ls.core.id1 -Dosgi.bundles.defaultStartLevel=4 -Declipse.product=org.eclipse.jdt.ls.core.product -Djava.import.generatesMetadataFilesAtProjectRoot=false -Dfile.encoding=utf8 -XX:+UseParallelGC -XX:GCTimeRatio=4 -XX:AdaptiveSizePolicyWeight=90 -Dsun.zip.disableMemoryMapping=true -Xmx1G -Xms100m -Xlog:disable -javaagent:c:\Users\User\.antigravity\extensions\redhat.java-1.12.0-win32-x64\lombok\lombok-1.18.24.jar -XX:+HeapDumpOnOutOfMemoryError -XX:HeapDumpPath=c:\Users\User\AppData\Roaming\Antigravity\User\workspaceStorage\5024f5001246a4d67fad21ca53f013f3\redhat.java c:\Users\User\.antigravity\extensions\redhat.java-1.12.0-win32-x64\server\plugins\org.eclipse.equinox.launcher_1.6.400.v20210924-0641.jar -configuration c:\Users\User\AppData\Roaming\Antigravity\User\globalStorage\redhat.java\1.12.0\config_win -data c:\Users\User\AppData\Roaming\Antigravity\User\workspaceStorage\5024f5001246a4d67fad21ca53f013f3\redhat.java\jdt_ws

Host: 11th Gen Intel(R) Core(TM) i5-1145G7 @ 2.60GHz, 8 cores, 19G,  Windows 11 , 64 bit Build 26100 (10.0.26100.7920)
Time: Mon Mar 16 08:35:42 2026 W. Central Africa Standard Time elapsed time: 52.458173 seconds (0d 0h 0m 52s)

---------------  T H R E A D  ---------------

Current thread (0x000001a39c88f020):  JavaThread "C2 CompilerThread0" daemon [_thread_in_native, id=26740, stack(0x0000007060400000,0x0000007060500000)]


Current CompileTask:
C2:  52458 7709       4       java.lang.invoke.MethodType::makeImpl (109 bytes)

Stack: [0x0000007060400000,0x0000007060500000]
Native frames: (J=compiled Java code, j=interpreted, Vv=VM code, C=native code)
V  [jvm.dll+0x67731a]
V  [jvm.dll+0x832284]
V  [jvm.dll+0x833a2e]
V  [jvm.dll+0x834093]
V  [jvm.dll+0x245775]
V  [jvm.dll+0xabd7b]
V  [jvm.dll+0xac30c]
V  [jvm.dll+0x363a42]
V  [jvm.dll+0x32e011]
V  [jvm.dll+0x32d4ba]
V  [jvm.dll+0x218681]
V  [jvm.dll+0x217aa1]
V  [jvm.dll+0x1a3f8d]
V  [jvm.dll+0x227498]
V  [jvm.dll+0x2255e5]
V  [jvm.dll+0x7e7e9b]
V  [jvm.dll+0x7e240a]
V  [jvm.dll+0x6761a5]
C  [ucrtbase.dll+0x37b0]
C  [KERNEL32.DLL+0x2e8d7]
C  [ntdll.dll+0x8c48c]


---------------  P R O C E S S  ---------------

Threads class SMR info:
_java_thread_list=0x000001a3a0894d00, length=44, elements={
0x000001a386ee1790, 0x000001a39ad66840, 0x000001a39ad68410, 0x000001a39c85c120,
0x000001a39c85cde0, 0x000001a39c85d6a0, 0x000001a39c88e430, 0x000001a39c88f020,
0x000001a39c89daf0, 0x000001a39c8a0400, 0x000001a39c983f00, 0x000001a39cb5d430,
0x000001a39dec8e70, 0x000001a39eacf010, 0x000001a39eacf4e0, 0x000001a39ef93410,
0x000001a39eac4570, 0x000001a39eac23c0, 0x000001a39eac4a40, 0x000001a39eac2890,
0x000001a39eac3bd0, 0x000001a39eac2d60, 0x000001a39eac3230, 0x000001a39eac40a0,
0x000001a39eac1550, 0x000001a39eac1a20, 0x000001a39eac1ef0, 0x000001a39ed3b4d0,
0x000001a39ed3d680, 0x000001a39ed3ab30, 0x000001a39ed3cce0, 0x000001a39ed3be70,
0x000001a39ed3c810, 0x000001a39ed3a190, 0x000001a39ed3a660, 0x000001a3a2c704a0,
0x000001a3a2c70e40, 0x000001a3a2c71cb0, 0x000001a3a2c6f630, 0x000001a3a2c6fb00,
0x000001a3a2c70970, 0x000001a3a2c6ffd0, 0x000001a3a2c6e2f0, 0x000001a3a2c734c0
}

Java Threads: ( => current thread )
  0x000001a386ee1790 JavaThread "main" [_thread_blocked, id=20988, stack(0x000000705fb00000,0x000000705fc00000)]
  0x000001a39ad66840 JavaThread "Reference Handler" daemon [_thread_blocked, id=3516, stack(0x000000705fe00000,0x000000705ff00000)]
  0x000001a39ad68410 JavaThread "Finalizer" daemon [_thread_blocked, id=32052, stack(0x000000705ff00000,0x0000007060000000)]
  0x000001a39c85c120 JavaThread "Signal Dispatcher" daemon [_thread_blocked, id=31772, stack(0x0000007060000000,0x0000007060100000)]
  0x000001a39c85cde0 JavaThread "Attach Listener" daemon [_thread_blocked, id=11220, stack(0x0000007060100000,0x0000007060200000)]
  0x000001a39c85d6a0 JavaThread "Service Thread" daemon [_thread_blocked, id=25612, stack(0x0000007060200000,0x0000007060300000)]
  0x000001a39c88e430 JavaThread "Monitor Deflation Thread" daemon [_thread_blocked, id=20228, stack(0x0000007060300000,0x0000007060400000)]
=>0x000001a39c88f020 JavaThread "C2 CompilerThread0" daemon [_thread_in_native, id=26740, stack(0x0000007060400000,0x0000007060500000)]
  0x000001a39c89daf0 JavaThread "C1 CompilerThread0" daemon [_thread_blocked, id=40512, stack(0x0000007060500000,0x0000007060600000)]
  0x000001a39c8a0400 JavaThread "Sweeper thread" daemon [_thread_blocked, id=40140, stack(0x0000007060600000,0x0000007060700000)]
  0x000001a39c983f00 JavaThread "Common-Cleaner" daemon [_thread_blocked, id=4700, stack(0x0000007060700000,0x0000007060800000)]
  0x000001a39cb5d430 JavaThread "Notification Thread" daemon [_thread_blocked, id=33356, stack(0x0000007060800000,0x0000007060900000)]
  0x000001a39dec8e70 JavaThread "Active Thread: Equinox Container: 999a43d2-dd9a-4b1a-9d04-7dabdb550901" [_thread_blocked, id=39860, stack(0x0000007060f00000,0x0000007061000000)]
  0x000001a39eacf010 JavaThread "Framework Event Dispatcher: Equinox Container: 999a43d2-dd9a-4b1a-9d04-7dabdb550901" daemon [_thread_blocked, id=30160, stack(0x0000007061100000,0x0000007061200000)]
  0x000001a39eacf4e0 JavaThread "Start Level: Equinox Container: 999a43d2-dd9a-4b1a-9d04-7dabdb550901" daemon [_thread_blocked, id=27176, stack(0x0000007061200000,0x0000007061300000)]
  0x000001a39ef93410 JavaThread "SCR Component Actor" daemon [_thread_blocked, id=35956, stack(0x0000007061300000,0x0000007061400000)]
  0x000001a39eac4570 JavaThread "Worker-JM" [_thread_blocked, id=29244, stack(0x0000007061000000,0x0000007061100000)]
  0x000001a39eac23c0 JavaThread "Worker-0" [_thread_blocked, id=24240, stack(0x0000007061800000,0x0000007061900000)]
  0x000001a39eac4a40 JavaThread "Worker-1" [_thread_blocked, id=22956, stack(0x0000007061700000,0x0000007061800000)]
  0x000001a39eac2890 JavaThread "Java indexing" daemon [_thread_blocked, id=41768, stack(0x0000007061a00000,0x0000007061b00000)]
  0x000001a39eac3bd0 JavaThread "Worker-2" [_thread_blocked, id=37324, stack(0x0000007061b00000,0x0000007061c00000)]
  0x000001a39eac2d60 JavaThread "Worker-3" [_thread_blocked, id=32248, stack(0x0000007061c00000,0x0000007061d00000)]
  0x000001a39eac3230 JavaThread "JNA Cleaner" daemon [_thread_blocked, id=37084, stack(0x0000007061e00000,0x0000007061f00000)]
  0x000001a39eac40a0 JavaThread "pool-2-thread-1" [_thread_blocked, id=24480, stack(0x0000007061d00000,0x0000007061e00000)]
  0x000001a39eac1550 JavaThread "pool-1-thread-1" [_thread_in_native, id=29364, stack(0x0000007062100000,0x0000007062200000)]
  0x000001a39eac1a20 JavaThread "Timer-0" [_thread_blocked, id=3288, stack(0x0000007062300000,0x0000007062400000)]
  0x000001a39eac1ef0 JavaThread "Timer-1" [_thread_blocked, id=40160, stack(0x0000007062400000,0x0000007062500000)]
  0x000001a39ed3b4d0 JavaThread "Timer-2" [_thread_blocked, id=29888, stack(0x0000007062500000,0x0000007062600000)]
  0x000001a39ed3d680 JavaThread "Exec process" [_thread_blocked, id=29876, stack(0x0000007061900000,0x0000007061a00000)]
  0x000001a39ed3ab30 JavaThread "Exec process Thread 2" [_thread_blocked, id=9848, stack(0x0000007062800000,0x0000007062900000)]
  0x000001a39ed3cce0 JavaThread "Exec process Thread 3" [_thread_blocked, id=25620, stack(0x0000007062900000,0x0000007062a00000)]
  0x000001a39ed3be70 JavaThread "Worker-4" [_thread_blocked, id=37532, stack(0x0000007062600000,0x0000007062700000)]
  0x000001a39ed3c810 JavaThread "Worker-5" [_thread_blocked, id=26316, stack(0x0000007062a00000,0x0000007062b00000)]
  0x000001a39ed3a190 JavaThread "Worker-6" [_thread_blocked, id=41644, stack(0x0000007062b00000,0x0000007062c00000)]
  0x000001a39ed3a660 JavaThread "Worker-7" [_thread_blocked, id=18272, stack(0x0000007062c00000,0x0000007062d00000)]
  0x000001a3a2c704a0 JavaThread "Worker-8" [_thread_blocked, id=35808, stack(0x0000007062d00000,0x0000007062e00000)]
  0x000001a3a2c70e40 JavaThread "Worker-9" [_thread_blocked, id=7056, stack(0x0000007062e00000,0x0000007062f00000)]
  0x000001a3a2c71cb0 JavaThread "Keep-Alive-Timer" daemon [_thread_blocked, id=31136, stack(0x0000007061600000,0x0000007061700000)]
  0x000001a3a2c6f630 JavaThread "Timer-3" [_thread_blocked, id=32436, stack(0x0000007062200000,0x0000007062300000)]
  0x000001a3a2c6fb00 JavaThread "Timer-4" [_thread_blocked, id=40412, stack(0x0000007062f00000,0x0000007063000000)]
  0x000001a3a2c70970 JavaThread "Timer-5" [_thread_blocked, id=38388, stack(0x0000007063000000,0x0000007063100000)]
  0x000001a3a2c6ffd0 JavaThread "ForkJoinPool.commonPool-worker-1" daemon [_thread_blocked, id=36656, stack(0x0000007063200000,0x0000007063300000)]
  0x000001a3a2c6e2f0 JavaThread "ForkJoinPool.commonPool-worker-2" daemon [_thread_blocked, id=32812, stack(0x0000007063300000,0x0000007063400000)]
  0x000001a3a2c734c0 JavaThread "ForkJoinPool.commonPool-worker-3" daemon [_thread_blocked, id=9908, stack(0x0000007063400000,0x0000007063500000)]

Other Threads:
  0x000001a39c850c20 VMThread "VM Thread" [stack: 0x000000705fd00000,0x000000705fe00000] [id=11632]
  0x000001a39cac2980 WatcherThread [stack: 0x0000007060900000,0x0000007060a00000] [id=33044]
  0x000001a386ef79c0 GCTaskThread "GC Thread#0" [stack: 0x000000705fc00000,0x000000705fd00000] [id=1088]
  0x000001a39dc20030 GCTaskThread "GC Thread#1" [stack: 0x0000007060a00000,0x0000007060b00000] [id=25380]
  0x000001a39dafac00 GCTaskThread "GC Thread#2" [stack: 0x0000007060b00000,0x0000007060c00000] [id=29296]
  0x000001a39dcce270 GCTaskThread "GC Thread#3" [stack: 0x0000007060c00000,0x0000007060d00000] [id=6520]
  0x000001a39dcce520 GCTaskThread "GC Thread#4" [stack: 0x0000007060d00000,0x0000007060e00000] [id=7424]
  0x000001a39cb711b0 GCTaskThread "GC Thread#5" [stack: 0x0000007060e00000,0x0000007060f00000] [id=36456]
  0x000001a39dafc140 GCTaskThread "GC Thread#6" [stack: 0x0000007061400000,0x0000007061500000] [id=39536]
  0x000001a39de1bf90 GCTaskThread "GC Thread#7" [stack: 0x0000007061500000,0x0000007061600000] [id=11976]

Threads with active compile tasks:
C2 CompilerThread0    52483 7709       4       java.lang.invoke.MethodType::makeImpl (109 bytes)

VM state: not at safepoint (normal execution)

VM Mutex/Monitor currently owned by a thread: None

Heap address: 0x00000000c0000000, size: 1024 MB, Compressed Oops mode: 32-bit

CDS archive(s) not mapped
Compressed class space mapped at: 0x0000000100000000-0x0000000140000000, reserved size: 1073741824
Narrow klass base: 0x0000000000000000, Narrow klass shift: 3, Narrow klass range: 0x140000000

GC Precious Log:
 CPUs: 8 total, 8 available
 Memory: 20160M
 Large Page Support: Disabled
 NUMA Support: Disabled
 Compressed Oops: Enabled (32-bit)
 Alignments: Space 512K, Generation 512K, Heap 2M
 Heap Min Capacity: 100M
 Heap Initial Capacity: 100M
 Heap Max Capacity: 1G
 Pre-touch: Disabled
 Parallel Workers: 8

Heap:
 PSYoungGen      total 17920K, used 854K [0x00000000eab00000, 0x00000000ebf00000, 0x0000000100000000)
  eden space 16896K, 1% used [0x00000000eab00000,0x00000000eab31ff8,0x00000000ebb80000)
  from space 1024K, 63% used [0x00000000ebe00000,0x00000000ebea3970,0x00000000ebf00000)
  to   space 1536K, 0% used [0x00000000ebc00000,0x00000000ebc00000,0x00000000ebd80000)
 ParOldGen       total 68608K, used 55540K [0x00000000c0000000, 0x00000000c4300000, 0x00000000eab00000)
  object space 68608K, 80% used [0x00000000c0000000,0x00000000c363d210,0x00000000c4300000)
 Metaspace       used 62610K, committed 63552K, reserved 1105920K
  class space    used 7156K, committed 7552K, reserved 1048576K

Card table byte_map: [0x000001a386890000,0x000001a386aa0000] _byte_map_base: 0x000001a386290000

Marking Bits: (ParMarkBitMap*) 0x00007ff977282cc0
 Begin Bits: [0x000001a398b70000, 0x000001a399b70000)
 End Bits:   [0x000001a399b70000, 0x000001a39ab70000)

Polling page: 0x000001a384df0000

Metaspace:

Usage:
  Non-class:     54.15 MB used.
      Class:      6.99 MB used.
       Both:     61.14 MB used.

Virtual space:
  Non-class space:       56.00 MB reserved,      54.69 MB ( 98%) committed,  7 nodes.
      Class space:        1.00 GB reserved,       7.38 MB ( <1%) committed,  1 nodes.
             Both:        1.05 GB reserved,      62.06 MB (  6%) committed. 

Chunk freelists:
   Non-Class:  1.28 MB
       Class:  576.00 KB
        Both:  1.84 MB

MaxMetaspaceSize: unlimited
CompressedClassSpaceSize: 1.00 GB
Initial GC threshold: 21.00 MB
Current GC threshold: 97.31 MB
CDS: off
MetaspaceReclaimPolicy: balanced
 - commit_granule_bytes: 65536.
 - commit_granule_words: 8192.
 - virtual_space_node_default_size: 1048576.
 - enlarge_chunks_in_place: 1.
 - new_chunks_are_fully_committed: 0.
 - uncommit_free_chunks: 1.
 - use_allocation_guard: 0.
 - handle_deallocations: 1.


Internal statistics:

num_allocs_failed_limit: 9.
num_arena_births: 432.
num_arena_deaths: 14.
num_vsnodes_births: 8.
num_vsnodes_deaths: 0.
num_space_committed: 993.
num_space_uncommitted: 0.
num_chunks_returned_to_freelist: 29.
num_chunks_taken_from_freelist: 2617.
num_chunk_merges: 12.
num_chunk_splits: 1681.
num_chunks_enlarged: 1082.
num_purges: 2.
num_inconsistent_stats: 0.

CodeHeap 'non-profiled nmethods': size=120000Kb used=4445Kb max_used=4445Kb free=115554Kb
 bounds [0x000001a391640000, 0x000001a391aa0000, 0x000001a398b70000]
CodeHeap 'profiled nmethods': size=120000Kb used=14111Kb max_used=14111Kb free=105888Kb
 bounds [0x000001a38a110000, 0x000001a38aee0000, 0x000001a391640000]
CodeHeap 'non-nmethods': size=5760Kb used=1344Kb max_used=1383Kb free=4415Kb
 bounds [0x000001a389b70000, 0x000001a389de0000, 0x000001a38a110000]
 total_blobs=7549 nmethods=6881 adapters=581
 compilation: enabled
              stopped_count=0, restarted_count=0
 full_count=0

Compilation events (20 events):
Event: 51.325 Thread 0x000001a39c89daf0 nmethod 7700 0x000001a391a95e90 code [0x000001a391a96020, 0x000001a391a960f8]
Event: 51.327 Thread 0x000001a39c89daf0 7701       3       java.io.StringWriter::<init> (24 bytes)
Event: 51.327 Thread 0x000001a39c89daf0 nmethod 7701 0x000001a38aed6c10 code [0x000001a38aed6dc0, 0x000001a38aed70c8]
Event: 51.328 Thread 0x000001a39c88f020 7702       4       org.eclipse.core.runtime.Path::toFile (12 bytes)
Event: 51.335 Thread 0x000001a39c88f020 nmethod 7702 0x000001a391a96190 code [0x000001a391a96380, 0x000001a391a96840]
Event: 51.336 Thread 0x000001a39c89daf0 7703       3       org.eclipse.osgi.framework.util.ArrayMap::getValue (11 bytes)
Event: 51.336 Thread 0x000001a39c89daf0 nmethod 7703 0x000001a38aed7210 code [0x000001a38aed73c0, 0x000001a38aed7588]
Event: 51.336 Thread 0x000001a39c89daf0 7704       3       org.eclipse.osgi.internal.framework.BundleContextImpl::getBundle (9 bytes)
Event: 51.336 Thread 0x000001a39c89daf0 nmethod 7704 0x000001a38aed7690 code [0x000001a38aed7840, 0x000001a38aed79c8]
Event: 51.336 Thread 0x000001a39c89daf0 7705       3       sun.util.calendar.BaseCalendar$Date::setCache (20 bytes)
Event: 51.336 Thread 0x000001a39c89daf0 nmethod 7705 0x000001a38aed7a90 code [0x000001a38aed7c20, 0x000001a38aed7d38]
Event: 51.338 Thread 0x000001a39c89daf0 7706       3       java.util.stream.ReferencePipeline$Head::forEach (26 bytes)
Event: 51.338 Thread 0x000001a39c89daf0 nmethod 7706 0x000001a38aed7e10 code [0x000001a38aed8040, 0x000001a38aed8718]
Event: 51.338 Thread 0x000001a39c89daf0 7707       3       java.util.stream.AbstractPipeline::sourceStageSpliterator (112 bytes)
Event: 51.339 Thread 0x000001a39c89daf0 nmethod 7707 0x000001a38aed8a10 code [0x000001a38aed8c20, 0x000001a38aed9298]
Event: 51.339 Thread 0x000001a39c89daf0 7708       1       org.eclipse.core.runtime.Status::getMessage (5 bytes)
Event: 51.339 Thread 0x000001a39c89daf0 nmethod 7708 0x000001a391a96e90 code [0x000001a391a97020, 0x000001a391a970f8]
Event: 51.341 Thread 0x000001a39c88f020 7709       4       java.lang.invoke.MethodType::makeImpl (109 bytes)
Event: 51.352 Thread 0x000001a39c89daf0 7710       3       java.lang.invoke.MethodHandleNatives$CallSiteContext::run (5 bytes)
Event: 51.352 Thread 0x000001a39c89daf0 nmethod 7710 0x000001a38aed9490 code [0x000001a38aed9620, 0x000001a38aed9748]

GC Heap History (20 events):
Event: 37.059 GC heap before
{Heap before GC invocations=36 (full 2):
 PSYoungGen      total 18432K, used 18224K [0x00000000eab00000, 0x00000000ebe80000, 0x0000000100000000)
  eden space 16896K, 100% used [0x00000000eab00000,0x00000000ebb80000,0x00000000ebb80000)
  from space 1536K, 86% used [0x00000000ebb80000,0x00000000ebccc150,0x00000000ebd00000)
  to   space 1536K, 0% used [0x00000000ebd00000,0x00000000ebd00000,0x00000000ebe80000)
 ParOldGen       total 68608K, used 55614K [0x00000000c0000000, 0x00000000c4300000, 0x00000000eab00000)
  object space 68608K, 81% used [0x00000000c0000000,0x00000000c364f900,0x00000000c4300000)
 Metaspace       used 58747K, committed 59648K, reserved 1105920K
  class space    used 6786K, committed 7232K, reserved 1048576K
}
Event: 37.060 GC heap after
{Heap after GC invocations=36 (full 2):
 PSYoungGen      total 18432K, used 1440K [0x00000000eab00000, 0x00000000ebe80000, 0x0000000100000000)
  eden space 16896K, 0% used [0x00000000eab00000,0x00000000eab00000,0x00000000ebb80000)
  from space 1536K, 93% used [0x00000000ebd00000,0x00000000ebe68160,0x00000000ebe80000)
  to   space 1536K, 0% used [0x00000000ebb80000,0x00000000ebb80000,0x00000000ebd00000)
 ParOldGen       total 68608K, used 56062K [0x00000000c0000000, 0x00000000c4300000, 0x00000000eab00000)
  object space 68608K, 81% used [0x00000000c0000000,0x00000000c36bfb00,0x00000000c4300000)
 Metaspace       used 58747K, committed 59648K, reserved 1105920K
  class space    used 6786K, committed 7232K, reserved 1048576K
}
Event: 39.928 GC heap before
{Heap before GC invocations=37 (full 2):
 PSYoungGen      total 18432K, used 18336K [0x00000000eab00000, 0x00000000ebe80000, 0x0000000100000000)
  eden space 16896K, 100% used [0x00000000eab00000,0x00000000ebb80000,0x00000000ebb80000)
  from space 1536K, 93% used [0x00000000ebd00000,0x00000000ebe68160,0x00000000ebe80000)
  to   space 1536K, 0% used [0x00000000ebb80000,0x00000000ebb80000,0x00000000ebd00000)
 ParOldGen       total 68608K, used 56062K [0x00000000c0000000, 0x00000000c4300000, 0x00000000eab00000)
  object space 68608K, 81% used [0x00000000c0000000,0x00000000c36bfb00,0x00000000c4300000)
 Metaspace       used 58841K, committed 59776K, reserved 1105920K
  class space    used 6786K, committed 7232K, reserved 1048576K
}
Event: 39.929 GC heap after
{Heap after GC invocations=37 (full 2):
 PSYoungGen      total 18432K, used 1472K [0x00000000eab00000, 0x00000000ebe80000, 0x0000000100000000)
  eden space 16896K, 0% used [0x00000000eab00000,0x00000000eab00000,0x00000000ebb80000)
  from space 1536K, 95% used [0x00000000ebb80000,0x00000000ebcf0140,0x00000000ebd00000)
  to   space 1536K, 0% used [0x00000000ebd00000,0x00000000ebd00000,0x00000000ebe80000)
 ParOldGen       total 68608K, used 56399K [0x00000000c0000000, 0x00000000c4300000, 0x00000000eab00000)
  object space 68608K, 82% used [0x00000000c0000000,0x00000000c3713cc0,0x00000000c4300000)
 Metaspace       used 58841K, committed 59776K, reserved 1105920K
  class space    used 6786K, committed 7232K, reserved 1048576K
}
Event: 41.452 GC heap before
{Heap before GC invocations=38 (full 2):
 PSYoungGen      total 18432K, used 10673K [0x00000000eab00000, 0x00000000ebe80000, 0x0000000100000000)
  eden space 16896K, 54% used [0x00000000eab00000,0x00000000eb3fc6a0,0x00000000ebb80000)
  from space 1536K, 95% used [0x00000000ebb80000,0x00000000ebcf0140,0x00000000ebd00000)
  to   space 1536K, 0% used [0x00000000ebd00000,0x00000000ebd00000,0x00000000ebe80000)
 ParOldGen       total 68608K, used 56399K [0x00000000c0000000, 0x00000000c4300000, 0x00000000eab00000)
  object space 68608K, 82% used [0x00000000c0000000,0x00000000c3713cc0,0x00000000c4300000)
 Metaspace       used 58901K, committed 59776K, reserved 1105920K
  class space    used 6786K, committed 7232K, reserved 1048576K
}
Event: 41.453 GC heap after
{Heap after GC invocations=38 (full 2):
 PSYoungGen      total 18432K, used 864K [0x00000000eab00000, 0x00000000ebe80000, 0x0000000100000000)
  eden space 16896K, 0% used [0x00000000eab00000,0x00000000eab00000,0x00000000ebb80000)
  from space 1536K, 56% used [0x00000000ebd00000,0x00000000ebdd80c0,0x00000000ebe80000)
  to   space 1536K, 0% used [0x00000000ebb80000,0x00000000ebb80000,0x00000000ebd00000)
 ParOldGen       total 68608K, used 56659K [0x00000000c0000000, 0x00000000c4300000, 0x00000000eab00000)
  object space 68608K, 82% used [0x00000000c0000000,0x00000000c3754dd0,0x00000000c4300000)
 Metaspace       used 58901K, committed 59776K, reserved 1105920K
  class space    used 6786K, committed 7232K, reserved 1048576K
}
Event: 41.453 GC heap before
{Heap before GC invocations=39 (full 3):
 PSYoungGen      total 18432K, used 864K [0x00000000eab00000, 0x00000000ebe80000, 0x0000000100000000)
  eden space 16896K, 0% used [0x00000000eab00000,0x00000000eab00000,0x00000000ebb80000)
  from space 1536K, 56% used [0x00000000ebd00000,0x00000000ebdd80c0,0x00000000ebe80000)
  to   space 1536K, 0% used [0x00000000ebb80000,0x00000000ebb80000,0x00000000ebd00000)
 ParOldGen       total 68608K, used 56659K [0x00000000c0000000, 0x00000000c4300000, 0x00000000eab00000)
  object space 68608K, 82% used [0x00000000c0000000,0x00000000c3754dd0,0x00000000c4300000)
 Metaspace       used 58901K, committed 59776K, reserved 1105920K
  class space    used 6786K, committed 7232K, reserved 1048576K
}
Event: 41.529 GC heap after
{Heap after GC invocations=39 (full 3):
 PSYoungGen      total 18432K, used 0K [0x00000000eab00000, 0x00000000ebe80000, 0x0000000100000000)
  eden space 16896K, 0% used [0x00000000eab00000,0x00000000eab00000,0x00000000ebb80000)
  from space 1536K, 0% used [0x00000000ebd00000,0x00000000ebd00000,0x00000000ebe80000)
  to   space 1536K, 0% used [0x00000000ebb80000,0x00000000ebb80000,0x00000000ebd00000)
 ParOldGen       total 68608K, used 52852K [0x00000000c0000000, 0x00000000c4300000, 0x00000000eab00000)
  object space 68608K, 77% used [0x00000000c0000000,0x00000000c339d1e8,0x00000000c4300000)
 Metaspace       used 58901K, committed 59776K, reserved 1105920K
  class space    used 6786K, committed 7232K, reserved 1048576K
}
Event: 44.150 GC heap before
{Heap before GC invocations=40 (full 3):
 PSYoungGen      total 18432K, used 16890K [0x00000000eab00000, 0x00000000ebe80000, 0x0000000100000000)
  eden space 16896K, 99% used [0x00000000eab00000,0x00000000ebb7e890,0x00000000ebb80000)
  from space 1536K, 0% used [0x00000000ebd00000,0x00000000ebd00000,0x00000000ebe80000)
  to   space 1536K, 0% used [0x00000000ebb80000,0x00000000ebb80000,0x00000000ebd00000)
 ParOldGen       total 68608K, used 52852K [0x00000000c0000000, 0x00000000c4300000, 0x00000000eab00000)
  object space 68608K, 77% used [0x00000000c0000000,0x00000000c339d1e8,0x00000000c4300000)
 Metaspace       used 58979K, committed 59904K, reserved 1105920K
  class space    used 6786K, committed 7232K, reserved 1048576K
}
Event: 44.151 GC heap after
{Heap after GC invocations=40 (full 3):
 PSYoungGen      total 18432K, used 1472K [0x00000000eab00000, 0x00000000ebf80000, 0x0000000100000000)
  eden space 16896K, 0% used [0x00000000eab00000,0x00000000eab00000,0x00000000ebb80000)
  from space 1536K, 95% used [0x00000000ebb80000,0x00000000ebcf0120,0x00000000ebd00000)
  to   space 2048K, 0% used [0x00000000ebd80000,0x00000000ebd80000,0x00000000ebf80000)
 ParOldGen       total 68608K, used 52860K [0x00000000c0000000, 0x00000000c4300000, 0x00000000eab00000)
  object space 68608K, 77% used [0x00000000c0000000,0x00000000c339f1e8,0x00000000c4300000)
 Metaspace       used 58979K, committed 59904K, reserved 1105920K
  class space    used 6786K, committed 7232K, reserved 1048576K
}
Event: 47.252 GC heap before
{Heap before GC invocations=41 (full 3):
 PSYoungGen      total 18432K, used 18368K [0x00000000eab00000, 0x00000000ebf80000, 0x0000000100000000)
  eden space 16896K, 100% used [0x00000000eab00000,0x00000000ebb80000,0x00000000ebb80000)
  from space 1536K, 95% used [0x00000000ebb80000,0x00000000ebcf0120,0x00000000ebd00000)
  to   space 2048K, 0% used [0x00000000ebd80000,0x00000000ebd80000,0x00000000ebf80000)
 ParOldGen       total 68608K, used 52860K [0x00000000c0000000, 0x00000000c4300000, 0x00000000eab00000)
  object space 68608K, 77% used [0x00000000c0000000,0x00000000c339f1e8,0x00000000c4300000)
 Metaspace       used 59047K, committed 59968K, reserved 1105920K
  class space    used 6786K, committed 7232K, reserved 1048576K
}
Event: 47.253 GC heap after
{Heap after GC invocations=41 (full 3):
 PSYoungGen      total 18432K, used 1376K [0x00000000eab00000, 0x00000000ebf00000, 0x0000000100000000)
  eden space 16896K, 0% used [0x00000000eab00000,0x00000000eab00000,0x00000000ebb80000)
  from space 1536K, 89% used [0x00000000ebd80000,0x00000000ebed8100,0x00000000ebf00000)
  to   space 1536K, 0% used [0x00000000ebb80000,0x00000000ebb80000,0x00000000ebd00000)
 ParOldGen       total 68608K, used 53244K [0x00000000c0000000, 0x00000000c4300000, 0x00000000eab00000)
  object space 68608K, 77% used [0x00000000c0000000,0x00000000c33ff3b8,0x00000000c4300000)
 Metaspace       used 59047K, committed 59968K, reserved 1105920K
  class space    used 6786K, committed 7232K, reserved 1048576K
}
Event: 50.011 GC heap before
{Heap before GC invocations=42 (full 3):
 PSYoungGen      total 18432K, used 18272K [0x00000000eab00000, 0x00000000ebf00000, 0x0000000100000000)
  eden space 16896K, 100% used [0x00000000eab00000,0x00000000ebb80000,0x00000000ebb80000)
  from space 1536K, 89% used [0x00000000ebd80000,0x00000000ebed8100,0x00000000ebf00000)
  to   space 1536K, 0% used [0x00000000ebb80000,0x00000000ebb80000,0x00000000ebd00000)
 ParOldGen       total 68608K, used 53244K [0x00000000c0000000, 0x00000000c4300000, 0x00000000eab00000)
  object space 68608K, 77% used [0x00000000c0000000,0x00000000c33ff3b8,0x00000000c4300000)
 Metaspace       used 59155K, committed 60032K, reserved 1105920K
  class space    used 6796K, committed 7232K, reserved 1048576K
}
Event: 50.012 GC heap after
{Heap after GC invocations=42 (full 3):
 PSYoungGen      total 18432K, used 496K [0x00000000eab00000, 0x00000000ebe00000, 0x0000000100000000)
  eden space 16896K, 0% used [0x00000000eab00000,0x00000000eab00000,0x00000000ebb80000)
  from space 1536K, 32% used [0x00000000ebb80000,0x00000000ebbfc070,0x00000000ebd00000)
  to   space 1024K, 0% used [0x00000000ebd00000,0x00000000ebd00000,0x00000000ebe00000)
 ParOldGen       total 68608K, used 53429K [0x00000000c0000000, 0x00000000c4300000, 0x00000000eab00000)
  object space 68608K, 77% used [0x00000000c0000000,0x00000000c342d468,0x00000000c4300000)
 Metaspace       used 59155K, committed 60032K, reserved 1105920K
  class space    used 6796K, committed 7232K, reserved 1048576K
}
Event: 50.400 GC heap before
{Heap before GC invocations=43 (full 3):
 PSYoungGen      total 18432K, used 17392K [0x00000000eab00000, 0x00000000ebe00000, 0x0000000100000000)
  eden space 16896K, 100% used [0x00000000eab00000,0x00000000ebb80000,0x00000000ebb80000)
  from space 1536K, 32% used [0x00000000ebb80000,0x00000000ebbfc070,0x00000000ebd00000)
  to   space 1024K, 0% used [0x00000000ebd00000,0x00000000ebd00000,0x00000000ebe00000)
 ParOldGen       total 68608K, used 53429K [0x00000000c0000000, 0x00000000c4300000, 0x00000000eab00000)
  object space 68608K, 77% used [0x00000000c0000000,0x00000000c342d468,0x00000000c4300000)
 Metaspace       used 59158K, committed 60032K, reserved 1105920K
  class space    used 6796K, committed 7232K, reserved 1048576K
}
Event: 50.401 GC heap after
{Heap after GC invocations=43 (full 3):
 PSYoungGen      total 17408K, used 224K [0x00000000eab00000, 0x00000000ebd80000, 0x0000000100000000)
  eden space 16896K, 0% used [0x00000000eab00000,0x00000000eab00000,0x00000000ebb80000)
  from space 512K, 43% used [0x00000000ebd00000,0x00000000ebd38000,0x00000000ebd80000)
  to   space 512K, 0% used [0x00000000ebc80000,0x00000000ebc80000,0x00000000ebd00000)
 ParOldGen       total 68608K, used 53540K [0x00000000c0000000, 0x00000000c4300000, 0x00000000eab00000)
  object space 68608K, 78% used [0x00000000c0000000,0x00000000c34493c8,0x00000000c4300000)
 Metaspace       used 59158K, committed 60032K, reserved 1105920K
  class space    used 6796K, committed 7232K, reserved 1048576K
}
Event: 50.861 GC heap before
{Heap before GC invocations=44 (full 3):
 PSYoungGen      total 17408K, used 17120K [0x00000000eab00000, 0x00000000ebd80000, 0x0000000100000000)
  eden space 16896K, 100% used [0x00000000eab00000,0x00000000ebb80000,0x00000000ebb80000)
  from space 512K, 43% used [0x00000000ebd00000,0x00000000ebd38000,0x00000000ebd80000)
  to   space 512K, 0% used [0x00000000ebc80000,0x00000000ebc80000,0x00000000ebd00000)
 ParOldGen       total 68608K, used 53540K [0x00000000c0000000, 0x00000000c4300000, 0x00000000eab00000)
  object space 68608K, 78% used [0x00000000c0000000,0x00000000c34493c8,0x00000000c4300000)
 Metaspace       used 60019K, committed 60864K, reserved 1105920K
  class space    used 6875K, committed 7296K, reserved 1048576K
}
Event: 50.864 GC heap after
{Heap after GC invocations=44 (full 3):
 PSYoungGen      total 17408K, used 487K [0x00000000eab00000, 0x00000000ec080000, 0x0000000100000000)
  eden space 16896K, 0% used [0x00000000eab00000,0x00000000eab00000,0x00000000ebb80000)
  from space 512K, 95% used [0x00000000ebc80000,0x00000000ebcf9f80,0x00000000ebd00000)
  to   space 2560K, 0% used [0x00000000ebe00000,0x00000000ebe00000,0x00000000ec080000)
 ParOldGen       total 68608K, used 55131K [0x00000000c0000000, 0x00000000c4300000, 0x00000000eab00000)
  object space 68608K, 80% used [0x00000000c0000000,0x00000000c35d6cc8,0x00000000c4300000)
 Metaspace       used 60019K, committed 60864K, reserved 1105920K
  class space    used 6875K, committed 7296K, reserved 1048576K
}
Event: 51.348 GC heap before
{Heap before GC invocations=45 (full 3):
 PSYoungGen      total 17408K, used 17383K [0x00000000eab00000, 0x00000000ec080000, 0x0000000100000000)
  eden space 16896K, 100% used [0x00000000eab00000,0x00000000ebb80000,0x00000000ebb80000)
  from space 512K, 95% used [0x00000000ebc80000,0x00000000ebcf9f80,0x00000000ebd00000)
  to   space 2560K, 0% used [0x00000000ebe00000,0x00000000ebe00000,0x00000000ec080000)
 ParOldGen       total 68608K, used 55131K [0x00000000c0000000, 0x00000000c4300000, 0x00000000eab00000)
  object space 68608K, 80% used [0x00000000c0000000,0x00000000c35d6cc8,0x00000000c4300000)
 Metaspace       used 62579K, committed 63488K, reserved 1105920K
  class space    used 7154K, committed 7552K, reserved 1048576K
}
Event: 51.350 GC heap after
{Heap after GC invocations=45 (full 3):
 PSYoungGen      total 17920K, used 654K [0x00000000eab00000, 0x00000000ebf00000, 0x0000000100000000)
  eden space 16896K, 0% used [0x00000000eab00000,0x00000000eab00000,0x00000000ebb80000)
  from space 1024K, 63% used [0x00000000ebe00000,0x00000000ebea3970,0x00000000ebf00000)
  to   space 1536K, 0% used [0x00000000ebc00000,0x00000000ebc00000,0x00000000ebd80000)
 ParOldGen       total 68608K, used 55540K [0x00000000c0000000, 0x00000000c4300000, 0x00000000eab00000)
  object space 68608K, 80% used [0x00000000c0000000,0x00000000c363d210,0x00000000c4300000)
 Metaspace       used 62579K, committed 63488K, reserved 1105920K
  class space    used 7154K, committed 7552K, reserved 1048576K
}

Deoptimization events (20 events):
Event: 51.191 Thread 0x000001a39ed3a190 Uncommon trap: trap_request=0xffffffc6 fr.pc=0x000001a39178a200 relative=0x00000000000001e0
Event: 51.191 Thread 0x000001a39ed3a190 Uncommon trap: reason=bimorphic_or_optimized_type_check action=maybe_recompile pc=0x000001a39178a200 method=java.util.Collections.eq(Ljava/lang/Object;Ljava/lang/Object;)Z @ 18 c2
Event: 51.191 Thread 0x000001a39ed3a190 DEOPT PACKING pc=0x000001a39178a200 sp=0x0000007062bfead0
Event: 51.191 Thread 0x000001a39ed3a190 DEOPT UNPACKING pc=0x000001a389bc5923 sp=0x0000007062bfea10 mode 2
Event: 51.192 Thread 0x000001a39ed3a190 Uncommon trap: trap_request=0xffffffc6 fr.pc=0x000001a39178a200 relative=0x00000000000001e0
Event: 51.192 Thread 0x000001a39ed3a190 Uncommon trap: reason=bimorphic_or_optimized_type_check action=maybe_recompile pc=0x000001a39178a200 method=java.util.Collections.eq(Ljava/lang/Object;Ljava/lang/Object;)Z @ 18 c2
Event: 51.192 Thread 0x000001a39ed3a190 DEOPT PACKING pc=0x000001a39178a200 sp=0x0000007062bfec30
Event: 51.192 Thread 0x000001a39ed3a190 DEOPT UNPACKING pc=0x000001a389bc5923 sp=0x0000007062bfeb70 mode 2
Event: 51.328 Thread 0x000001a3a2c6e2f0 Uncommon trap: trap_request=0xffffff54 fr.pc=0x000001a391a78f78 relative=0x00000000000036d8
Event: 51.328 Thread 0x000001a3a2c6e2f0 Uncommon trap: reason=speculate_null_assert action=make_not_entrant pc=0x000001a391a78f78 method=java.lang.invoke.MethodType$ConcurrentWeakInternSet.add(Ljava/lang/Object;)Ljava/lang/Object; @ 47 c2
Event: 51.328 Thread 0x000001a3a2c6e2f0 DEOPT PACKING pc=0x000001a391a78f78 sp=0x00000070633fdee0
Event: 51.328 Thread 0x000001a3a2c6e2f0 DEOPT UNPACKING pc=0x000001a389bc5923 sp=0x00000070633fde88 mode 2
Event: 51.328 Thread 0x000001a3a2c6ffd0 Uncommon trap: trap_request=0xffffff54 fr.pc=0x000001a391a790d8 relative=0x0000000000003838
Event: 51.330 Thread 0x000001a3a2c6ffd0 Uncommon trap: reason=speculate_null_assert action=make_not_entrant pc=0x000001a391a790d8 method=java.lang.invoke.MethodType$ConcurrentWeakInternSet.add(Ljava/lang/Object;)Ljava/lang/Object; @ 47 c2
Event: 51.330 Thread 0x000001a3a2c6ffd0 DEOPT PACKING pc=0x000001a391a790d8 sp=0x00000070632fde20
Event: 51.332 Thread 0x000001a3a2c6ffd0 DEOPT UNPACKING pc=0x000001a389bc5923 sp=0x00000070632fdc68 mode 2
Event: 51.347 Thread 0x000001a3a2c6e2f0 Uncommon trap: trap_request=0xffffff45 fr.pc=0x000001a391854c2c relative=0x000000000000064c
Event: 51.347 Thread 0x000001a3a2c6e2f0 Uncommon trap: reason=unstable_if action=reinterpret pc=0x000001a391854c2c method=org.eclipse.osgi.internal.framework.BundleContextImpl.setContextFinder()Ljava/lang/Object; @ 36 c2
Event: 51.347 Thread 0x000001a3a2c6e2f0 DEOPT PACKING pc=0x000001a391854c2c sp=0x00000070633fde70
Event: 51.347 Thread 0x000001a3a2c6e2f0 DEOPT UNPACKING pc=0x000001a389bc5923 sp=0x00000070633fdda0 mode 2

Classes unloaded (7 events):
Event: 3.962 Thread 0x000001a39c850c20 Unloading class 0x000000010020c800 'java/lang/invoke/LambdaForm$MH+0x000000010020c800'
Event: 3.962 Thread 0x000001a39c850c20 Unloading class 0x000000010020c400 'java/lang/invoke/LambdaForm$MH+0x000000010020c400'
Event: 3.962 Thread 0x000001a39c850c20 Unloading class 0x000000010020c000 'java/lang/invoke/LambdaForm$MH+0x000000010020c000'
Event: 3.962 Thread 0x000001a39c850c20 Unloading class 0x000000010020b800 'java/lang/invoke/LambdaForm$MH+0x000000010020b800'
Event: 3.962 Thread 0x000001a39c850c20 Unloading class 0x000000010020b400 'java/lang/invoke/LambdaForm$BMH+0x000000010020b400'
Event: 3.962 Thread 0x000001a39c850c20 Unloading class 0x000000010020b000 'java/lang/invoke/LambdaForm$DMH+0x000000010020b000'
Event: 3.962 Thread 0x000001a39c850c20 Unloading class 0x0000000100208400 'java/lang/invoke/LambdaForm$DMH+0x0000000100208400'

Classes redefined (0 events):
No events

Internal exceptions (20 events):
Event: 50.544 Thread 0x000001a39eac2d60 Exception <a 'sun/nio/fs/WindowsException'{0x00000000eafb7da8}> (0x00000000eafb7da8) 
thrown [s\src\hotspot\share\prims\jni.cpp, line 516]
Event: 50.545 Thread 0x000001a39eac2d60 Exception <a 'sun/nio/fs/WindowsException'{0x00000000eafbb6a8}> (0x00000000eafbb6a8) 
thrown [s\src\hotspot\share\prims\jni.cpp, line 516]
Event: 50.546 Thread 0x000001a39eac2d60 Exception <a 'sun/nio/fs/WindowsException'{0x00000000eafbf680}> (0x00000000eafbf680) 
thrown [s\src\hotspot\share\prims\jni.cpp, line 516]
Event: 50.546 Thread 0x000001a39eac2d60 Exception <a 'sun/nio/fs/WindowsException'{0x00000000eafc2d90}> (0x00000000eafc2d90) 
thrown [s\src\hotspot\share\prims\jni.cpp, line 516]
Event: 50.546 Thread 0x000001a39eac2d60 Exception <a 'sun/nio/fs/WindowsException'{0x00000000eafc6830}> (0x00000000eafc6830) 
thrown [s\src\hotspot\share\prims\jni.cpp, line 516]
Event: 50.569 Thread 0x000001a39eac2d60 Exception <a 'sun/nio/fs/WindowsException'{0x00000000eaff68c8}> (0x00000000eaff68c8) 
thrown [s\src\hotspot\share\prims\jni.cpp, line 516]
Event: 50.607 Thread 0x000001a39eac2d60 Exception <a 'sun/nio/fs/WindowsException'{0x00000000eb0df888}> (0x00000000eb0df888) 
thrown [s\src\hotspot\share\prims\jni.cpp, line 516]
Event: 50.655 Thread 0x000001a39eac1550 Exception <a 'sun/nio/fs/WindowsException'{0x00000000eb22f9e0}> (0x00000000eb22f9e0) 
thrown [s\src\hotspot\share\prims\jni.cpp, line 516]
Event: 50.668 Thread 0x000001a39eac1550 Exception <a 'sun/nio/fs/WindowsException'{0x00000000eb2506c0}> (0x00000000eb2506c0) 
thrown [s\src\hotspot\share\prims\jni.cpp, line 516]
Event: 50.674 Thread 0x000001a39eac1550 Exception <a 'java/lang/NoSuchMethodError'{0x00000000eb275b28}: 'java.lang.Object java.lang.invoke.DirectMethodHandle$Holder.invokeStatic(java.lang.Object, java.lang.Object, int, java.lang.Object)'> (0x00000000eb275b28) 
thrown [s\src\hotspot\share\interpreter\linkResolver.cpp, line 759]
Event: 50.704 Thread 0x000001a39eac2d60 Exception <a 'java/lang/NoSuchMethodError'{0x00000000eb37cad0}: 'java.lang.Object java.lang.invoke.DirectMethodHandle$Holder.invokeStatic(java.lang.Object, java.lang.Object, java.lang.Object, long)'> (0x00000000eb37cad0) 
thrown [s\src\hotspot\share\interpreter\linkResolver.cpp, line 759]
Event: 50.705 Thread 0x000001a39eac2d60 Exception <a 'java/lang/NoSuchMethodError'{0x00000000eb3841c8}: 'java.lang.Object java.lang.invoke.DirectMethodHandle$Holder.newInvokeSpecial(java.lang.Object, java.lang.Object, java.lang.Object, long)'> (0x00000000eb3841c8) 
thrown [s\src\hotspot\share\interpreter\linkResolver.cpp, line 759]
Event: 50.706 Thread 0x000001a39eac2d60 Exception <a 'java/lang/NoSuchMethodError'{0x00000000eb3882e0}: 'java.lang.Object java.lang.invoke.DirectMethodHandle$Holder.invokeSpecial(java.lang.Object, java.lang.Object, java.lang.Object, java.lang.Object, long)'> (0x00000000eb3882e0) 
thrown [s\src\hotspot\share\interpreter\linkResolver.cpp, line 759]
Event: 50.706 Thread 0x000001a39eac2d60 Exception <a 'java/lang/NoSuchMethodError'{0x00000000eb38beb0}: 'java.lang.Object java.lang.invoke.Invokers$Holder.linkToTargetMethod(java.lang.Object, java.lang.Object, long, java.lang.Object)'> (0x00000000eb38beb0) 
thrown [s\src\hotspot\share\interpreter\linkResolver.cpp, line 759]
Event: 50.707 Thread 0x000001a3a2c6ffd0 Implicit null exception at 0x000001a391922b79 to 0x000001a391923584
Event: 50.741 Thread 0x000001a39eac2d60 Exception <a 'java/io/FileNotFoundException'{0x00000000eb496d28}> (0x00000000eb496d28) 
thrown [s\src\hotspot\share\prims\jni.cpp, line 516]
Event: 50.741 Thread 0x000001a39eac2d60 Exception <a 'java/io/FileNotFoundException'{0x00000000eb498b70}> (0x00000000eb498b70) 
thrown [s\src\hotspot\share\prims\jni.cpp, line 516]
Event: 50.741 Thread 0x000001a39eac2d60 Exception <a 'java/io/FileNotFoundException'{0x00000000eb49a140}> (0x00000000eb49a140) 
thrown [s\src\hotspot\share\prims\jni.cpp, line 516]
Event: 50.859 Thread 0x000001a39eac2d60 Implicit null exception at 0x000001a391794dc8 to 0x000001a391794eb4
Event: 51.209 Thread 0x000001a39ed3a190 Exception <a 'java/io/FileNotFoundException'{0x00000000eb8c5df8}> (0x00000000eb8c5df8) 
thrown [s\src\hotspot\share\prims\jni.cpp, line 516]

VM Operations (20 events):
Event: 46.160 Executing VM operation: Cleanup
Event: 46.160 Executing VM operation: Cleanup done
Event: 47.165 Executing VM operation: Cleanup
Event: 47.166 Executing VM operation: Cleanup done
Event: 47.252 Executing VM operation: ParallelGCFailedAllocation
Event: 47.253 Executing VM operation: ParallelGCFailedAllocation done
Event: 48.254 Executing VM operation: Cleanup
Event: 48.255 Executing VM operation: Cleanup done
Event: 50.011 Executing VM operation: ParallelGCFailedAllocation
Event: 50.012 Executing VM operation: ParallelGCFailedAllocation done
Event: 50.400 Executing VM operation: ParallelGCFailedAllocation
Event: 50.401 Executing VM operation: ParallelGCFailedAllocation done
Event: 50.573 Executing VM operation: HandshakeAllThreads
Event: 50.573 Executing VM operation: HandshakeAllThreads done
Event: 50.861 Executing VM operation: ParallelGCFailedAllocation
Event: 50.864 Executing VM operation: ParallelGCFailedAllocation done
Event: 51.079 Executing VM operation: HandshakeAllThreads
Event: 51.079 Executing VM operation: HandshakeAllThreads done
Event: 51.348 Executing VM operation: ParallelGCFailedAllocation
Event: 51.350 Executing VM operation: ParallelGCFailedAllocation done

Events (20 events):
Event: 51.184 loading class java/io/SequenceInputStream
Event: 51.184 loading class java/io/SequenceInputStream done
Event: 51.209 Thread 0x000001a3a2fc1820 Thread exited: 0x000001a3a2fc1820
Event: 51.212 loading class sun/nio/cs/ISO_8859_1$Decoder
Event: 51.213 loading class sun/nio/cs/ISO_8859_1$Decoder done
Event: 51.258 loading class java/util/Collections$SynchronizedRandomAccessList
Event: 51.258 loading class java/util/Collections$SynchronizedList
Event: 51.258 loading class java/util/Collections$SynchronizedList done
Event: 51.258 loading class java/util/Collections$SynchronizedRandomAccessList done
Event: 51.264 loading class java/util/concurrent/CompletableFuture$Signaller
Event: 51.265 loading class java/util/concurrent/CompletableFuture$Signaller done
Event: 51.314 loading class java/util/concurrent/CompletableFuture$UniAccept
Event: 51.314 loading class java/util/concurrent/CompletableFuture$UniAccept done
Event: 51.314 loading class java/util/concurrent/CompletableFuture$UniExceptionally
Event: 51.316 loading class java/util/concurrent/CompletableFuture$UniExceptionally done
Event: 51.324 Thread 0x000001a3a2c6e2f0 Thread added: 0x000001a3a2c6e2f0
Event: 51.326 Thread 0x000001a3a2c734c0 Thread added: 0x000001a3a2c734c0
Event: 51.327 Thread 0x000001a3a2fbf4b0 Thread exited: 0x000001a3a2fbf4b0
Event: 51.342 loading class java/util/concurrent/CompletionException
Event: 51.343 loading class java/util/concurrent/CompletionException done


Dynamic libraries:
0x00007ff7ec9f0000 - 0x00007ff7ec9fe000 	c:\Users\User\.antigravity\extensions\redhat.java-1.12.0-win32-x64\jre\17.0.4.1-win32-x86_64\bin\java.exe
0x00007ffa72600000 - 0x00007ffa72867000 	C:\Windows\SYSTEM32\ntdll.dll
0x00007ffa71020000 - 0x00007ffa710e9000 	C:\Windows\System32\KERNEL32.DLL
0x00007ffa6f2e0000 - 0x00007ffa6f6d1000 	C:\Windows\System32\KERNELBASE.dll
0x00007ffa6f190000 - 0x00007ffa6f2db000 	C:\Windows\System32\ucrtbase.dll
0x00007ff9e8720000 - 0x00007ff9e8738000 	c:\Users\User\.antigravity\extensions\redhat.java-1.12.0-win32-x64\jre\17.0.4.1-win32-x86_64\bin\jli.dll
0x00007ffa70cd0000 - 0x00007ffa70e95000 	C:\Windows\System32\USER32.dll
0x00007ffa6efa0000 - 0x00007ffa6efc7000 	C:\Windows\System32\win32u.dll
0x00007ffa71240000 - 0x00007ffa7126b000 	C:\Windows\System32\GDI32.dll
0x00007ffa6efd0000 - 0x00007ffa6f0fb000 	C:\Windows\System32\gdi32full.dll
0x00007ffa6f790000 - 0x00007ffa6f833000 	C:\Windows\System32\msvcp_win.dll
0x00007ff9debc0000 - 0x00007ff9debd9000 	c:\Users\User\.antigravity\extensions\redhat.java-1.12.0-win32-x64\jre\17.0.4.1-win32-x86_64\bin\VCRUNTIME140.dll
0x00007ffa4a680000 - 0x00007ffa4a913000 	C:\Windows\WinSxS\amd64_microsoft.windows.common-controls_6595b64144ccf1df_6.0.26100.8037_none_3e092faae333b53b\COMCTL32.dll
0x00007ffa71f50000 - 0x00007ffa71ff9000 	C:\Windows\System32\msvcrt.dll
0x00007ffa71f10000 - 0x00007ffa71f41000 	C:\Windows\System32\IMM32.DLL
0x00007ffa660e0000 - 0x00007ffa660ec000 	c:\Users\User\.antigravity\extensions\redhat.java-1.12.0-win32-x64\jre\17.0.4.1-win32-x86_64\bin\vcruntime140_1.dll
0x00007ff9bc380000 - 0x00007ff9bc411000 	c:\Users\User\.antigravity\extensions\redhat.java-1.12.0-win32-x64\jre\17.0.4.1-win32-x86_64\bin\msvcp140.dll
0x00007ff976700000 - 0x00007ff977346000 	c:\Users\User\.antigravity\extensions\redhat.java-1.12.0-win32-x64\jre\17.0.4.1-win32-x86_64\bin\server\jvm.dll
0x00007ffa72000000 - 0x00007ffa720bb000 	C:\Windows\System32\ADVAPI32.dll
0x00007ffa703a0000 - 0x00007ffa70447000 	C:\Windows\System32\sechost.dll
0x00007ffa71120000 - 0x00007ffa71238000 	C:\Windows\System32\RPCRT4.dll
0x00007ffa71110000 - 0x00007ffa71118000 	C:\Windows\System32\PSAPI.DLL
0x00007ffa699f0000 - 0x00007ffa699fa000 	C:\Windows\SYSTEM32\WSOCK32.dll
0x00007ffa704e0000 - 0x00007ffa70554000 	C:\Windows\System32\WS2_32.dll
0x00007ffa63c70000 - 0x00007ffa63ca5000 	C:\Windows\SYSTEM32\WINMM.dll
0x00007ffa5e140000 - 0x00007ffa5e14b000 	C:\Windows\SYSTEM32\VERSION.dll
0x00007ffa6dc30000 - 0x00007ffa6dc4b000 	C:\Windows\SYSTEM32\kernel.appcore.dll
0x00007ffa55620000 - 0x00007ffa5562a000 	c:\Users\User\.antigravity\extensions\redhat.java-1.12.0-win32-x64\jre\17.0.4.1-win32-x86_64\bin\jimage.dll
0x00007ffa6cdb0000 - 0x00007ffa6cff2000 	C:\Windows\SYSTEM32\DBGHELP.DLL
0x00007ffa71450000 - 0x00007ffa717d2000 	C:\Windows\System32\combase.dll
0x00007ffa71270000 - 0x00007ffa71347000 	C:\Windows\System32\OLEAUT32.dll
0x00007ffa47f20000 - 0x00007ffa47f5b000 	C:\Windows\SYSTEM32\dbgcore.DLL
0x00007ffa6f6e0000 - 0x00007ffa6f785000 	C:\Windows\System32\bcryptPrimitives.dll
0x00007ffa54be0000 - 0x00007ffa54bee000 	c:\Users\User\.antigravity\extensions\redhat.java-1.12.0-win32-x64\jre\17.0.4.1-win32-x86_64\bin\instrument.dll
0x00007ff9d74d0000 - 0x00007ff9d74f5000 	c:\Users\User\.antigravity\extensions\redhat.java-1.12.0-win32-x64\jre\17.0.4.1-win32-x86_64\bin\java.dll
0x00007ff9deba0000 - 0x00007ff9debb8000 	c:\Users\User\.antigravity\extensions\redhat.java-1.12.0-win32-x64\jre\17.0.4.1-win32-x86_64\bin\zip.dll
0x00007ffa70560000 - 0x00007ffa70cbf000 	C:\Windows\System32\SHELL32.dll
0x00007ffa6f840000 - 0x00007ffa6f9aa000 	C:\Windows\System32\wintypes.dll
0x00007ffa6f9b0000 - 0x00007ffa70214000 	C:\Windows\System32\windows.storage.dll
0x00007ffa71980000 - 0x00007ffa71a77000 	C:\Windows\System32\SHCORE.dll
0x00007ffa72140000 - 0x00007ffa721a7000 	C:\Windows\System32\shlwapi.dll
0x00007ffa6ee00000 - 0x00007ffa6ee29000 	C:\Windows\SYSTEM32\profapi.dll
0x00007ff9de970000 - 0x00007ff9de989000 	C:\Users\User\.antigravity\extensions\redhat.java-1.12.0-win32-x64\jre\17.0.4.1-win32-x86_64\bin\net.dll
0x00007ffa65e60000 - 0x00007ffa65f87000 	C:\Windows\SYSTEM32\WINHTTP.dll
0x00007ffa6e180000 - 0x00007ffa6e1eb000 	C:\Windows\system32\mswsock.dll
0x00007ffa25d70000 - 0x00007ffa25d85000 	C:\Users\User\.antigravity\extensions\redhat.java-1.12.0-win32-x64\jre\17.0.4.1-win32-x86_64\bin\nio.dll
0x00007ffa53e00000 - 0x00007ffa53e10000 	c:\Users\User\.antigravity\extensions\redhat.java-1.12.0-win32-x64\jre\17.0.4.1-win32-x86_64\bin\verify.dll
0x00007ff9e67e0000 - 0x00007ff9e681e000 	C:\Users\User\AppData\Roaming\Antigravity\User\globalStorage\redhat.java\1.12.0\config_win\org.eclipse.equinox.launcher\org.eclipse.equinox.launcher.win32.win32.x86_64_1.2.600.v20220720-1916\eclipse_11700.dll
0x00007ffa717e0000 - 0x00007ffa71975000 	C:\Windows\System32\ole32.dll
0x00007ffa6e580000 - 0x00007ffa6e59b000 	C:\Windows\SYSTEM32\CRYPTSP.dll
0x00007ffa6db90000 - 0x00007ffa6dbc9000 	C:\Windows\system32\rsaenh.dll
0x00007ffa6e230000 - 0x00007ffa6e262000 	C:\Windows\SYSTEM32\USERENV.dll
0x00007ffa6edd0000 - 0x00007ffa6edfa000 	C:\Windows\SYSTEM32\bcrypt.dll
0x00007ffa6e3e0000 - 0x00007ffa6e3ec000 	C:\Windows\SYSTEM32\CRYPTBASE.dll
0x00007ffa6d6b0000 - 0x00007ffa6d6e3000 	C:\Windows\SYSTEM32\IPHLPAPI.DLL
0x00007ffa70f80000 - 0x00007ffa70f8a000 	C:\Windows\System32\NSI.dll
0x00007ffa67370000 - 0x00007ffa6738d000 	C:\Windows\SYSTEM32\dhcpcsvc6.DLL
0x00007ffa67340000 - 0x00007ffa67363000 	C:\Windows\SYSTEM32\dhcpcsvc.DLL
0x00007ffa6d710000 - 0x00007ffa6d83a000 	C:\Windows\SYSTEM32\DNSAPI.dll
0x00007ff9e6760000 - 0x00007ff9e67a0000 	C:\Users\User\AppData\Local\Temp\jna-2645995\jna3670527871184133960.dll
0x00007ff9f5d60000 - 0x00007ff9f5d6e000 	C:\Users\User\.antigravity\extensions\redhat.java-1.12.0-win32-x64\jre\17.0.4.1-win32-x86_64\bin\sunmscapi.dll
0x00007ffa70220000 - 0x00007ffa70397000 	C:\Windows\System32\CRYPT32.dll
0x00007ffa6e6e0000 - 0x00007ffa6e710000 	C:\Windows\SYSTEM32\ncrypt.dll
0x00007ffa6e690000 - 0x00007ffa6e6cf000 	C:\Windows\SYSTEM32\NTASN1.dll
0x00007ffa64e70000 - 0x00007ffa64e7b000 	C:\Windows\System32\rasadhlp.dll
0x00007ffa674e0000 - 0x00007ffa67566000 	C:\Windows\System32\fwpuclnt.dll
0x00007ff9e8200000 - 0x00007ff9e8227000 	C:\Users\User\.gradle\native\68d5fa5c4cc2d200863cafc0d521ce42e7d3e7ee720ec0a83991735586a16f82\windows-amd64\native-platform.dll
0x00007ffa43650000 - 0x00007ffa43659000 	C:\Users\User\.antigravity\extensions\redhat.java-1.12.0-win32-x64\jre\17.0.4.1-win32-x86_64\bin\management.dll
0x00007ffa43640000 - 0x00007ffa4364b000 	C:\Users\User\.antigravity\extensions\redhat.java-1.12.0-win32-x64\jre\17.0.4.1-win32-x86_64\bin\management_ext.dll

dbghelp: loaded successfully - version: 4.0.5 - missing functions: none
symbol engine: initialized successfully - sym options: 0x614 - pdb path: .;c:\Users\User\.antigravity\extensions\redhat.java-1.12.0-win32-x64\jre\17.0.4.1-win32-x86_64\bin;C:\Windows\SYSTEM32;C:\Windows\WinSxS\amd64_microsoft.windows.common-controls_6595b64144ccf1df_6.0.26100.8037_none_3e092faae333b53b;c:\Users\User\.antigravity\extensions\redhat.java-1.12.0-win32-x64\jre\17.0.4.1-win32-x86_64\bin\server;C:\Users\User\AppData\Roaming\Antigravity\User\globalStorage\redhat.java\1.12.0\config_win\org.eclipse.equinox.launcher\org.eclipse.equinox.launcher.win32.win32.x86_64_1.2.600.v20220720-1916;C:\Users\User\AppData\Local\Temp\jna-2645995;C:\Users\User\.gradle\native\68d5fa5c4cc2d200863cafc0d521ce42e7d3e7ee720ec0a83991735586a16f82\windows-amd64

VM Arguments:
jvm_args: --add-modules=ALL-SYSTEM --add-opens=java.base/java.util=ALL-UNNAMED --add-opens=java.base/java.lang=ALL-UNNAMED --add-opens=java.base/sun.nio.fs=ALL-UNNAMED -Declipse.application=org.eclipse.jdt.ls.core.id1 -Dosgi.bundles.defaultStartLevel=4 -Declipse.product=org.eclipse.jdt.ls.core.product -Djava.import.generatesMetadataFilesAtProjectRoot=false -Dfile.encoding=utf8 -XX:+UseParallelGC -XX:GCTimeRatio=4 -XX:AdaptiveSizePolicyWeight=90 -Dsun.zip.disableMemoryMapping=true -Xmx1G -Xms100m -Xlog:disable -javaagent:c:\Users\User\.antigravity\extensions\redhat.java-1.12.0-win32-x64\lombok\lombok-1.18.24.jar -XX:+HeapDumpOnOutOfMemoryError -XX:HeapDumpPath=c:\Users\User\AppData\Roaming\Antigravity\User\workspaceStorage\5024f5001246a4d67fad21ca53f013f3\redhat.java 
java_command: c:\Users\User\.antigravity\extensions\redhat.java-1.12.0-win32-x64\server\plugins\org.eclipse.equinox.launcher_1.6.400.v20210924-0641.jar -configuration c:\Users\User\AppData\Roaming\Antigravity\User\globalStorage\redhat.java\1.12.0\config_win -data c:\Users\User\AppData\Roaming\Antigravity\User\workspaceStorage\5024f5001246a4d67fad21ca53f013f3\redhat.java\jdt_ws
java_class_path (initial): c:\Users\User\.antigravity\extensions\redhat.java-1.12.0-win32-x64\server\plugins\org.eclipse.equinox.launcher_1.6.400.v20210924-0641.jar
Launcher Type: SUN_STANDARD

[Global flags]
    uintx AdaptiveSizePolicyWeight                 = 90                                        {product} {command line}
     intx CICompilerCount                          = 4                                         {product} {ergonomic}
    uintx GCTimeRatio                              = 4                                         {product} {command line}
     bool HeapDumpOnOutOfMemoryError               = true                                   {manageable} {command line}
    ccstr HeapDumpPath                             = c:\Users\User\AppData\Roaming\Antigravity\User\workspaceStorage\5024f5001246a4d67fad21ca53f013f3\redhat.java         {manageable} {command line}
   size_t InitialHeapSize                          = 104857600                                 {product} {command line}
   size_t MaxHeapSize                              = 1073741824                                {product} {command line}
   size_t MaxNewSize                               = 357564416                                 {product} {ergonomic}
   size_t MinHeapDeltaBytes                        = 524288                                    {product} {ergonomic}
   size_t MinHeapSize                              = 104857600                                 {product} {command line}
   size_t NewSize                                  = 34603008                                  {product} {ergonomic}
    uintx NonNMethodCodeHeapSize                   = 5839372                                {pd product} {ergonomic}
    uintx NonProfiledCodeHeapSize                  = 122909434                              {pd product} {ergonomic}
   size_t OldSize                                  = 70254592                                  {product} {ergonomic}
    uintx ProfiledCodeHeapSize                     = 122909434                              {pd product} {ergonomic}
    uintx ReservedCodeCacheSize                    = 251658240                              {pd product} {ergonomic}
     bool SegmentedCodeCache                       = true                                      {product} {ergonomic}
   size_t SoftMaxHeapSize                          = 1073741824                             {manageable} {ergonomic}
     bool UseCompressedClassPointers               = true                           {product lp64_product} {ergonomic}
     bool UseCompressedOops                        = true                           {product lp64_product} {ergonomic}
     bool UseLargePagesIndividualAllocation        = false                                  {pd product} {ergonomic}
     bool UseParallelGC                            = true                                      {product} {command line}

Logging:
Log output configuration:
 #0: stdout all=off uptime,level,tags
 #1: stderr all=off uptime,level,tags

Environment Variables:
PATH=C:\Program Files (x86)\Common Files\Oracle\Java\java8path;C:\Program Files (x86)\Common Files\Oracle\Java\javapath;C:\Python313\Scripts\;C:\Python313\;C:\Windows\system32;C:\Windows;C:\Windows\System32\Wbem;C:\Windows\System32\WindowsPowerShell\v1.0\;C:\Windows\System32\OpenSSH\;C:\Program Files\nodejs\;C:\ProgramData\chocolatey\bin;C:\Program Files\nodejs;C:\Program Files\Microsoft SQL Server\150\Tools\Binn\;C:\Program Files\Microsoft SQL Server\Client SDK\ODBC\170\Tools\Binn\;C:\Program Files\dotnet\;c:\Users\User\AppData\Local\Programs\cursor\resources\app\bin;C:\Program Files\Git\cmd;C:\Program Files\MySQL\MySQL Shell 8.0\bin\;C:\Users\User\.local\bin;C:\Users\User\AppData\Local\Microsoft\WindowsApps;C:\Users\User\AppData\Roaming\npm;C:\Users\User\AppData\Local\Programs\cursor\resources\app\bin;C:\Users\User\.dotnet\tools;C:\Users\User\AppData\Local\Programs\Microsoft VS Code\bin;C:\Users\User\AppData\Local\Microsoft\WinGet\Packages\GitHub.Copilot_Microsoft.Winget.Source_8wekyb3d8bbwe;C:\Users\User\AppData\Local\Programs\Antigravity\bin
USERNAME=User
OS=Windows_NT
PROCESSOR_IDENTIFIER=Intel64 Family 6 Model 140 Stepping 1, GenuineIntel
TMP=C:\Users\User\AppData\Local\Temp
TEMP=C:\Users\User\AppData\Local\Temp



---------------  S Y S T E M  ---------------

OS:
 Windows 11 , 64 bit Build 26100 (10.0.26100.7920)
OS uptime: 1 days 17:10 hours
Hyper-V role detected

CPU: total 8 (initial active 8) (4 cores per cpu, 2 threads per core) family 6 model 140 stepping 1 microcode 0xbc, cx8, cmov, fxsr, ht, mmx, 3dnowpref, sse, sse2, sse3, ssse3, sse4.1, sse4.2, popcnt, lzcnt, tsc, tscinvbit, avx, avx2, aes, erms, clmul, bmi1, bmi2, adx, avx512f, avx512dq, avx512cd, avx512bw, avx512vl, sha, fma, vzeroupper, avx512_vpopcntdq, avx512_vpclmulqdq, avx512_vaes, avx512_vnni, clflush, clflushopt, clwb, avx512_vbmi2, avx512_vbmi, hv

Memory: 4k page, system-wide physical 20160M (948M free)
TotalPageFile size 50578M (AvailPageFile size 257M)
current process WorkingSet (physical memory assigned to process): 247M, peak: 255M
current process commit charge ("private bytes"): 302M, peak: 310M

vm_info: OpenJDK 64-Bit Server VM (17.0.4.1+1) for windows-amd64 JRE (17.0.4.1+1), built on Aug 17 2022 07:42:43 by "temurin" with MS VC++ 16.7 (VS2019)

END.
